<?xml version="1.0" encoding="utf-8"?>
<coverage line-rate="0.44060000000000005" branch-rate="0.3096" version="1.9" timestamp="1783924282" lines-covered="1740" lines-valid="3949" branches-covered="702" branches-valid="2267">
  <sources>
    <source>C:\Users\wan.kangping\AppData\Local\Temp\aivtuber-g006-e2c0393-worker2\AIVTuber.Core\</source>
  </sources>
  <packages>
    <package name="AIVTuber.Core" line-rate="0.44060000000000005" branch-rate="0.3096" complexity="2676">
      <classes>
        <class name="AIVTuber.Core.Vts.VtsClient" filename="Vts\VtsClient.cs" line-rate="0.5" branch-rate="0.1363" complexity="28">
          <methods>
            <method name="get_IsConnected" signature="()" line-rate="0" branch-rate="0" complexity="2">
              <lines>
                <line number="44" hits="0" branch="True" condition-coverage="0% (0/2)">
                  <conditions>
                    <condition number="7" type="jump" coverage="0%" />
                  </conditions>
                </line>
              </lines>
            </method>
            <method name="InjectParameterAsync" signature="(System.String,System.Single,System.Threading.CancellationToken)" line-rate="1" branch-rate="1" complexity="1">
              <lines>
                <line number="109" hits="2" branch="False" />
              </lines>
            </method>
            <method name="TriggerHotkeyAsync" signature="(System.String,System.Threading.CancellationToken)" line-rate="1" branch-rate="1" complexity="1">
              <lines>
                <line number="113" hits="1" branch="False" />
              </lines>
            </method>
            <method name="SetMouthAsync" signature="(System.Single,System.Threading.CancellationToken)" line-rate="0" branch-rate="1" complexity="1">
              <lines>
                <line number="124" hits="0" branch="False" />
              </lines>
            </method>
            <method name="CloseMouthAsync" signature="(System.Threading.CancellationToken)" line-rate="1" branch-rate="1" complexity="1">
              <lines>
                <line number="127" hits="1" branch="False" />
              </lines>
            </method>
            <method name="FireAsync" signature="(System.String,System.Collections.Generic.Dictionary`2&lt;System.String,System.Object&gt;,System.Threading.CancellationToken)" line-rate="1" branch-rate="1" complexity="1">
              <lines>
                <line number="150" hits="3" branch="False" />
              </lines>
            </method>
            <method name="HandleMessage" signature="(System.String)" line-rate="0" branch-rate="0" complexity="16">
              <lines>
                <line number="189" hits="0" branch="False" />
                <line number="190" hits="0" branch="False" />
                <line number="191" hits="0" branch="True" condition-coverage="0% (0/2)">
                  <conditions>
                    <condition number="17" type="jump" coverage="0%" />
                  </conditions>
                </line>
                <line number="193" hits="0" branch="True" condition-coverage="0% (0/2)">
                  <conditions>
                    <condition number="26" type="jump" coverage="0%" />
                  </conditions>
                </line>
                <line number="196" hits="0" branch="False" />
                <line number="197" hits="0" branch="True" condition-coverage="0% (0/2)">
                  <conditions>
                    <condition number="80" type="jump" coverage="0%" />
                  </conditions>
                </line>
                <line number="200" hits="0" branch="True" condition-coverage="0% (0/6)">
                  <conditions>
                    <condition number="106" type="jump" coverage="0%" />
                    <condition number="124" type="jump" coverage="0%" />
                    <condition number="151" type="jump" coverage="0%" />
                  </conditions>
                </line>
                <line number="201" hits="0" branch="True" condition-coverage="0% (0/4)">
                  <conditions>
                    <condition number="160" type="jump" coverage="0%" />
                    <condition number="173" type="jump" coverage="0%" />
                  </conditions>
                </line>
                <line number="202" hits="0" branch="False" />
              </lines>
            </method>
            <method name="Dispose" signature="()" line-rate="0.8" branch-rate="0.75" complexity="4">
              <lines>
                <line number="206" hits="8" branch="True" condition-coverage="100% (2/2)">
                  <conditions>
                    <condition number="6" type="jump" coverage="100%" />
                  </conditions>
                </line>
                <line number="207" hits="6" branch="False" />
                <line number="208" hits="6" branch="False" />
                <line number="209" hits="6" branch="True" condition-coverage="50% (1/2)">
                  <conditions>
                    <condition number="34" type="jump" coverage="50%" />
                  </conditions>
                </line>
                <line number="210" hits="0" branch="False" />
              </lines>
            </method>
            <method name=".ctor" signature="(AIVTuber.Core.Config.VtsConfig)" line-rate="1" branch-rate="1" complexity="1">
              <lines>
                <line number="30" hits="6" branch="False" />
                <line number="31" hits="6" branch="False" />
                <line number="32" hits="6" branch="False" />
                <line number="41" hits="12" branch="False" />
              </lines>
            </method>
          </methods>
          <lines>
            <line number="44" hits="0" branch="True" condition-coverage="0% (0/2)">
              <conditions>
                <condition number="7" type="jump" coverage="0%" />
              </conditions>
            </line>
            <line number="109" hits="2" branch="False" />
            <line number="113" hits="1" branch="False" />
            <line number="124" hits="0" branch="False" />
            <line number="127" hits="1" branch="False" />
            <line number="150" hits="3" branch="False" />
            <line number="189" hits="0" branch="False" />
            <line number="190" hits="0" branch="False" />
            <line number="191" hits="0" branch="True" condition-coverage="0% (0/2)">
              <conditions>
                <condition number="17" type="jump" coverage="0%" />
              </conditions>
            </line>
            <line number="193" hits="0" branch="True" condition-coverage="0% (0/2)">
              <conditions>
                <condition number="26" type="jump" coverage="0%" />
              </conditions>
            </line>
            <line number="196" hits="0" branch="False" />
            <line number="197" hits="0" branch="True" condition-coverage="0% (0/2)">
              <conditions>
                <condition number="80" type="jump" coverage="0%" />
              </conditions>
            </line>
            <line number="200" hits="0" branch="True" condition-coverage="0% (0/6)">
              <conditions>
                <condition number="106" type="jump" coverage="0%" />
                <condition number="124" type="jump" coverage="0%" />
                <condition number="151" type="jump" coverage="0%" />
              </conditions>
            </line>
            <line number="201" hits="0" branch="True" condition-coverage="0% (0/4)">
              <conditions>
                <condition number="160" type="jump" coverage="0%" />
                <condition number="173" type="jump" coverage="0%" />
              </conditions>
            </line>
            <line number="202" hits="0" branch="False" />
            <line number="206" hits="8" branch="True" condition-coverage="100% (2/2)">
              <conditions>
                <condition number="6" type="jump" coverage="100%" />
              </conditions>
            </line>
            <line number="207" hits="6" branch="False" />
            <line number="208" hits="6" branch="False" />
            <line number="209" hits="6" branch="True" condition-coverage="50% (1/2)">
              <conditions>
                <condition number="34" type="jump" coverage="50%" />
              </conditions>
            </line>
            <line number="210" hits="0" branch="False" />
            <line number="30" hits="6" branch="False" />
            <line number="31" hits="6" branch="False" />
            <line number="32" hits="6" branch="False" />
            <line number="41" hits="12" branch="False" />
          </lines>
        </class>
        <class name="AIVTuber.Core.Vts.VtsClient/&lt;&gt;c__DisplayClass29_0" filename="Vts\VtsClient.cs" line-rate="0" branch-rate="1" complexity="1">
          <methods>
            <method name="&lt;RequestAsync&gt;b__0" signature="()" line-rate="0" branch-rate="1" complexity="1">
              <lines>
                <line number="142" hits="0" branch="False" />
                <line number="143" hits="0" branch="False" />
                <line number="144" hits="0" branch="False" />
              </lines>
            </method>
          </methods>
          <lines>
            <line number="142" hits="0" branch="False" />
            <line number="143" hits="0" branch="False" />
            <line number="144" hits="0" branch="False" />
          </lines>
        </class>
        <class name="AIVTuber.Core.Vts.VtsClient/&lt;ConnectAsync&gt;d__22" filename="Vts\VtsClient.cs" line-rate="0" branch-rate="0" complexity="22">
          <methods>
            <method name="MoveNext" signature="()" line-rate="0" branch-rate="0" complexity="22">
              <lines>
                <line number="50" hits="0" branch="False" />
                <line number="51" hits="0" branch="False" />
                <line number="52" hits="0" branch="False" />
                <line number="53" hits="0" branch="False" />
                <line number="56" hits="0" branch="False" />
                <line number="57" hits="0" branch="False" />
                <line number="58" hits="0" branch="False" />
                <line number="59" hits="0" branch="False" />
                <line number="60" hits="0" branch="False" />
                <line number="62" hits="0" branch="True" condition-coverage="0% (0/6)">
                  <conditions>
                    <condition number="423" type="jump" coverage="0%" />
                    <condition number="441" type="jump" coverage="0%" />
                    <condition number="495" type="jump" coverage="0%" />
                  </conditions>
                </line>
                <line number="63" hits="0" branch="False" />
                <line number="64" hits="0" branch="False" />
                <line number="67" hits="0" branch="False" />
                <line number="68" hits="0" branch="False" />
                <line number="69" hits="0" branch="False" />
                <line number="70" hits="0" branch="False" />
                <line number="71" hits="0" branch="False" />
                <line number="72" hits="0" branch="False" />
                <line number="74" hits="0" branch="True" condition-coverage="0% (0/6)">
                  <conditions>
                    <condition number="695" type="jump" coverage="0%" />
                    <condition number="713" type="jump" coverage="0%" />
                    <condition number="767" type="jump" coverage="0%" />
                  </conditions>
                </line>
                <line number="75" hits="0" branch="True" condition-coverage="0% (0/2)">
                  <conditions>
                    <condition number="783" type="jump" coverage="0%" />
                  </conditions>
                </line>
                <line number="77" hits="0" branch="True" condition-coverage="0% (0/6)">
                  <conditions>
                    <condition number="786" type="jump" coverage="0%" />
                    <condition number="804" type="jump" coverage="0%" />
                    <condition number="854" type="jump" coverage="0%" />
                  </conditions>
                </line>
                <line number="78" hits="0" branch="False" />
                <line number="84" hits="0" branch="False" />
                <line number="85" hits="0" branch="False" />
                <line number="86" hits="0" branch="False" />
                <line number="87" hits="0" branch="False" />
                <line number="88" hits="0" branch="False" />
                <line number="89" hits="0" branch="False" />
                <line number="90" hits="0" branch="False" />
                <line number="91" hits="0" branch="False" />
                <line number="93" hits="0" branch="True" condition-coverage="0% (0/2)">
                  <conditions>
                    <condition number="1113" type="jump" coverage="0%" />
                  </conditions>
                </line>
                <line number="94" hits="0" branch="False" />
              </lines>
            </method>
          </methods>
          <lines>
            <line number="50" hits="0" branch="False" />
            <line number="51" hits="0" branch="False" />
            <line number="52" hits="0" branch="False" />
            <line number="53" hits="0" branch="False" />
            <line number="56" hits="0" branch="False" />
            <line number="57" hits="0" branch="False" />
            <line number="58" hits="0" branch="False" />
            <line number="59" hits="0" branch="False" />
            <line number="60" hits="0" branch="False" />
            <line number="62" hits="0" branch="True" condition-coverage="0% (0/6)">
              <conditions>
                <condition number="423" type="jump" coverage="0%" />
                <condition number="441" type="jump" coverage="0%" />
                <condition number="495" type="jump" coverage="0%" />
              </conditions>
            </line>
            <line number="63" hits="0" branch="False" />
            <line number="64" hits="0" branch="False" />
            <line number="67" hits="0" branch="False" />
            <line number="68" hits="0" branch="False" />
            <line number="69" hits="0" branch="False" />
            <line number="70" hits="0" branch="False" />
            <line number="71" hits="0" branch="False" />
            <line number="72" hits="0" branch="False" />
            <line number="74" hits="0" branch="True" condition-coverage="0% (0/6)">
              <conditions>
                <condition number="695" type="jump" coverage="0%" />
                <condition number="713" type="jump" coverage="0%" />
                <condition number="767" type="jump" coverage="0%" />
              </conditions>
            </line>
            <line number="75" hits="0" branch="True" condition-coverage="0% (0/2)">
              <conditions>
                <condition number="783" type="jump" coverage="0%" />
              </conditions>
            </line>
            <line number="77" hits="0" branch="True" condition-coverage="0% (0/6)">
              <conditions>
                <condition number="786" type="jump" coverage="0%" />
                <condition number="804" type="jump" coverage="0%" />
                <condition number="854" type="jump" coverage="0%" />
              </conditions>
            </line>
            <line number="78" hits="0" branch="False" />
            <line number="84" hits="0" branch="False" />
            <line number="85" hits="0" branch="False" />
            <line number="86" hits="0" branch="False" />
            <line number="87" hits="0" branch="False" />
            <line number="88" hits="0" branch="False" />
            <line number="89" hits="0" branch="False" />
            <line number="90" hits="0" branch="False" />
            <line number="91" hits="0" branch="False" />
            <line number="93" hits="0" branch="True" condition-coverage="0% (0/2)">
              <conditions>
                <condition number="1113" type="jump" coverage="0%" />
              </conditions>
            </line>
            <line number="94" hits="0" branch="False" />
          </lines>
        </class>
        <class name="AIVTuber.Core.Vts.VtsClient/&lt;DisconnectAsync&gt;d__23" filename="Vts\VtsClient.cs" line-rate="0" branch-rate="0" complexity="6">
          <methods>
            <method name="MoveNext" signature="()" line-rate="0" branch-rate="0" complexity="6">
              <lines>
                <line number="98" hits="0" branch="True" condition-coverage="0% (0/4)">
                  <conditions>
                    <condition number="23" type="jump" coverage="0%" />
                    <condition number="40" type="jump" coverage="0%" />
                  </conditions>
                </line>
                <line number="100" hits="0" branch="False" />
                <line number="101" hits="0" branch="False" />
                <line number="103" hits="0" branch="True" condition-coverage="0% (0/2)">
                  <conditions>
                    <condition number="166" type="jump" coverage="0%" />
                  </conditions>
                </line>
                <line number="104" hits="0" branch="False" />
              </lines>
            </method>
          </methods>
          <lines>
            <line number="98" hits="0" branch="True" condition-coverage="0% (0/4)">
              <conditions>
                <condition number="23" type="jump" coverage="0%" />
                <condition number="40" type="jump" coverage="0%" />
              </conditions>
            </line>
            <line number="100" hits="0" branch="False" />
            <line number="101" hits="0" branch="False" />
            <line number="103" hits="0" branch="True" condition-coverage="0% (0/2)">
              <conditions>
                <condition number="166" type="jump" coverage="0%" />
              </conditions>
            </line>
            <line number="104" hits="0" branch="False" />
          </lines>
        </class>
        <class name="AIVTuber.Core.Vts.VtsClient/&lt;GetHotkeyListAsync&gt;d__26" filename="Vts\VtsClient.cs" line-rate="0.25" branch-rate="0" complexity="8">
          <methods>
            <method name="MoveNext" signature="()" line-rate="0.25" branch-rate="0" complexity="8">
              <lines>
                <line number="118" hits="1" branch="False" />
                <line number="119" hits="0" branch="True" condition-coverage="0% (0/4)">
                  <conditions>
                    <condition number="139" type="jump" coverage="0%" />
                    <condition number="168" type="jump" coverage="0%" />
                  </conditions>
                </line>
                <line number="120" hits="0" branch="True" condition-coverage="0% (0/4)">
                  <conditions>
                    <condition number="209" type="jump" coverage="0%" />
                    <condition number="221" type="jump" coverage="0%" />
                  </conditions>
                </line>
                <line number="121" hits="0" branch="False" />
              </lines>
            </method>
          </methods>
          <lines>
            <line number="118" hits="1" branch="False" />
            <line number="119" hits="0" branch="True" condition-coverage="0% (0/4)">
              <conditions>
                <condition number="139" type="jump" coverage="0%" />
                <condition number="168" type="jump" coverage="0%" />
              </conditions>
            </line>
            <line number="120" hits="0" branch="True" condition-coverage="0% (0/4)">
              <conditions>
                <condition number="209" type="jump" coverage="0%" />
                <condition number="221" type="jump" coverage="0%" />
              </conditions>
            </line>
            <line number="121" hits="0" branch="False" />
          </lines>
        </class>
        <class name="AIVTuber.Core.Vts.VtsClient/&lt;ReceiveLoopAsync&gt;d__32" filename="Vts\VtsClient.cs" line-rate="0" branch-rate="0" complexity="14">
          <methods>
            <method name="MoveNext" signature="()" line-rate="0" branch-rate="0" complexity="14">
              <lines>
                <line number="167" hits="0" branch="False" />
                <line number="168" hits="0" branch="False" />
                <line number="171" hits="0" branch="True" condition-coverage="0% (0/6)">
                  <conditions>
                    <condition number="316" type="jump" coverage="0%" />
                    <condition number="294" type="jump" coverage="0%" />
                    <condition number="302" type="jump" coverage="0%" />
                  </conditions>
                </line>
                <line number="173" hits="0" branch="False" />
                <line number="174" hits="0" branch="True" condition-coverage="0% (0/4)">
                  <conditions>
                    <condition number="184" type="jump" coverage="0%" />
                    <condition number="193" type="jump" coverage="0%" />
                  </conditions>
                </line>
                <line number="175" hits="0" branch="False" />
                <line number="176" hits="0" branch="True" condition-coverage="0% (0/2)">
                  <conditions>
                    <condition number="252" type="jump" coverage="0%" />
                  </conditions>
                </line>
                <line number="177" hits="0" branch="False" />
                <line number="178" hits="0" branch="False" />
                <line number="180" hits="0" branch="False" />
                <line number="181" hits="0" branch="False" />
                <line number="182" hits="0" branch="False" />
                <line number="183" hits="0" branch="True" condition-coverage="0% (0/2)">
                  <conditions>
                    <condition number="338" type="jump" coverage="0%" />
                  </conditions>
                </line>
                <line number="184" hits="0" branch="False" />
              </lines>
            </method>
          </methods>
          <lines>
            <line number="167" hits="0" branch="False" />
            <line number="168" hits="0" branch="False" />
            <line number="171" hits="0" branch="True" condition-coverage="0% (0/6)">
              <conditions>
                <condition number="316" type="jump" coverage="0%" />
                <condition number="294" type="jump" coverage="0%" />
                <condition number="302" type="jump" coverage="0%" />
              </conditions>
            </line>
            <line number="173" hits="0" branch="False" />
            <line number="174" hits="0" branch="True" condition-coverage="0% (0/4)">
              <conditions>
                <condition number="184" type="jump" coverage="0%" />
                <condition number="193" type="jump" coverage="0%" />
              </conditions>
            </line>
            <line number="175" hits="0" branch="False" />
            <line number="176" hits="0" branch="True" condition-coverage="0% (0/2)">
              <conditions>
                <condition number="252" type="jump" coverage="0%" />
              </conditions>
            </line>
            <line number="177" hits="0" branch="False" />
            <line number="178" hits="0" branch="False" />
            <line number="180" hits="0" branch="False" />
            <line number="181" hits="0" branch="False" />
            <line number="182" hits="0" branch="False" />
            <line number="183" hits="0" branch="True" condition-coverage="0% (0/2)">
              <conditions>
                <condition number="338" type="jump" coverage="0%" />
              </conditions>
            </line>
            <line number="184" hits="0" branch="False" />
          </lines>
        </class>
        <class name="AIVTuber.Core.Vts.VtsClient/&lt;RequestAsync&gt;d__29" filename="Vts\VtsClient.cs" line-rate="0.4" branch-rate="0.5" complexity="2">
          <methods>
            <method name="MoveNext" signature="()" line-rate="0.4" branch-rate="0.5" complexity="2">
              <lines>
                <line number="132" hits="1" branch="True" condition-coverage="50% (1/2)">
                  <conditions>
                    <condition number="24" type="jump" coverage="50%" />
                  </conditions>
                </line>
                <line number="133" hits="1" branch="False" />
                <line number="134" hits="3" branch="False" />
                <line number="136" hits="1" branch="False" />
                <line number="138" hits="0" branch="False" />
                <line number="139" hits="0" branch="False" />
                <line number="140" hits="0" branch="False" />
                <line number="141" hits="0" branch="False" />
                <line number="145" hits="0" branch="False" />
                <line number="146" hits="0" branch="False" />
              </lines>
            </method>
          </methods>
          <lines>
            <line number="132" hits="1" branch="True" condition-coverage="50% (1/2)">
              <conditions>
                <condition number="24" type="jump" coverage="50%" />
              </conditions>
            </line>
            <line number="133" hits="1" branch="False" />
            <line number="134" hits="3" branch="False" />
            <line number="136" hits="1" branch="False" />
            <line number="138" hits="0" branch="False" />
            <line number="139" hits="0" branch="False" />
            <line number="140" hits="0" branch="False" />
            <line number="141" hits="0" branch="False" />
            <line number="145" hits="0" branch="False" />
            <line number="146" hits="0" branch="False" />
          </lines>
        </class>
        <class name="AIVTuber.Core.Vts.VtsClient/&lt;SendRawAsync&gt;d__31" filename="Vts\VtsClient.cs" line-rate="0.25" branch-rate="0.5" complexity="4">
          <methods>
            <method name="MoveNext" signature="()" line-rate="0.25" branch-rate="0.5" complexity="4">
              <lines>
                <line number="154" hits="4" branch="True" condition-coverage="50% (2/4)">
                  <conditions>
                    <condition number="30" type="jump" coverage="50%" />
                    <condition number="44" type="jump" coverage="50%" />
                  </conditions>
                </line>
                <line number="155" hits="4" branch="False" />
                <line number="156" hits="0" branch="False" />
                <line number="159" hits="0" branch="False" />
                <line number="160" hits="0" branch="False" />
                <line number="161" hits="0" branch="False" />
                <line number="162" hits="0" branch="False" />
                <line number="163" hits="0" branch="False" />
              </lines>
            </method>
          </methods>
          <lines>
            <line number="154" hits="4" branch="True" condition-coverage="50% (2/4)">
              <conditions>
                <condition number="30" type="jump" coverage="50%" />
                <condition number="44" type="jump" coverage="50%" />
              </conditions>
            </line>
            <line number="155" hits="4" branch="False" />
            <line number="156" hits="0" branch="False" />
            <line number="159" hits="0" branch="False" />
            <line number="160" hits="0" branch="False" />
            <line number="161" hits="0" branch="False" />
            <line number="162" hits="0" branch="False" />
            <line number="163" hits="0" branch="False" />
          </lines>
        </class>
        <class name="AIVTuber.Core.Vts.VtsResponse" filename="Vts\VtsModels.cs" line-rate="0.5" branch-rate="1" complexity="4">
          <methods>
            <method name="get_ApiName" signature="()" line-rate="1" branch-rate="1" complexity="1">
              <lines>
                <line number="12" hits="1" branch="False" />
              </lines>
            </method>
            <method name="get_RequestId" signature="()" line-rate="0" branch-rate="1" complexity="1">
              <lines>
                <line number="15" hits="0" branch="False" />
              </lines>
            </method>
            <method name="get_Data" signature="()" line-rate="1" branch-rate="1" complexity="1">
              <lines>
                <line number="18" hits="1" branch="False" />
              </lines>
            </method>
            <method name="get_MessageType" signature="()" line-rate="0" branch-rate="1" complexity="1">
              <lines>
                <line number="21" hits="0" branch="False" />
              </lines>
            </method>
          </methods>
          <lines>
            <line number="12" hits="1" branch="False" />
            <line number="15" hits="0" branch="False" />
            <line number="18" hits="1" branch="False" />
            <line number="21" hits="0" branch="False" />
          </lines>
        </class>
        <class name="AIVTuber.Core.Vts.VtsAuthResponse" filename="Vts\VtsModels.cs" line-rate="0" branch-rate="1" complexity="1">
          <methods>
            <method name="get_AuthenticationToken" signature="()" line-rate="0" branch-rate="1" complexity="1">
              <lines>
                <line number="30" hits="0" branch="False" />
              </lines>
            </method>
          </methods>
          <lines>
            <line number="30" hits="0" branch="False" />
          </lines>
        </class>
        <class name="AIVTuber.Core.Vts.VtsHotkeyInfo" filename="Vts\VtsModels.cs" line-rate="0.6666" branch-rate="0" complexity="8">
          <methods>
            <method name="get_HotkeyId" signature="()" line-rate="1" branch-rate="1" complexity="1">
              <lines>
                <line number="39" hits="8" branch="False" />
              </lines>
            </method>
            <method name="get_HotkeyName" signature="()" line-rate="1" branch-rate="1" complexity="1">
              <lines>
                <line number="42" hits="8" branch="False" />
              </lines>
            </method>
            <method name="get_Type" signature="()" line-rate="1" branch-rate="1" complexity="1">
              <lines>
                <line number="45" hits="8" branch="False" />
              </lines>
            </method>
            <method name="get_File" signature="()" line-rate="1" branch-rate="1" complexity="1">
              <lines>
                <line number="48" hits="5" branch="False" />
              </lines>
            </method>
            <method name="ToString" signature="()" line-rate="0" branch-rate="0" complexity="4">
              <lines>
                <line number="52" hits="0" branch="True" condition-coverage="0% (0/2)">
                  <conditions>
                    <condition number="11" type="jump" coverage="0%" />
                  </conditions>
                </line>
                <line number="53" hits="0" branch="True" condition-coverage="0% (0/2)">
                  <conditions>
                    <condition number="39" type="jump" coverage="0%" />
                  </conditions>
                </line>
              </lines>
            </method>
          </methods>
          <lines>
            <line number="39" hits="8" branch="False" />
            <line number="42" hits="8" branch="False" />
            <line number="45" hits="8" branch="False" />
            <line number="48" hits="5" branch="False" />
            <line number="52" hits="0" branch="True" condition-coverage="0% (0/2)">
              <conditions>
                <condition number="11" type="jump" coverage="0%" />
              </conditions>
            </line>
            <line number="53" hits="0" branch="True" condition-coverage="0% (0/2)">
              <conditions>
                <condition number="39" type="jump" coverage="0%" />
              </conditions>
            </line>
          </lines>
        </class>
        <class name="AIVTuber.Core.Vts.VtsHotkeyListResponse" filename="Vts\VtsModels.cs" line-rate="0" branch-rate="1" complexity="1">
          <methods>
            <method name="get_Hotkeys" signature="()" line-rate="0" branch-rate="1" complexity="1">
              <lines>
                <line number="63" hits="0" branch="False" />
              </lines>
            </method>
          </methods>
          <lines>
            <line number="63" hits="0" branch="False" />
          </lines>
        </class>
        <class name="AIVTuber.Core.Vts.VtsProtocol" filename="Vts\VtsProtocol.cs" line-rate="1" branch-rate="1" complexity="3">
          <methods>
            <method name="BuildMessage" signature="(System.String,System.String,System.Collections.Generic.IDictionary`2&lt;System.String,System.Object&gt;)" line-rate="1" branch-rate="1" complexity="2">
              <lines>
                <line number="17" hits="7" branch="True" condition-coverage="100% (2/2)">
                  <conditions>
                    <condition number="69" type="jump" coverage="100%" />
                  </conditions>
                </line>
                <line number="18" hits="7" branch="False" />
                <line number="19" hits="7" branch="False" />
                <line number="20" hits="7" branch="False" />
                <line number="21" hits="7" branch="False" />
                <line number="22" hits="7" branch="False" />
                <line number="23" hits="7" branch="False" />
                <line number="24" hits="7" branch="False" />
              </lines>
            </method>
            <method name="InjectParameterData" signature="(System.String,System.Single)" line-rate="1" branch-rate="1" complexity="1">
              <lines>
                <line number="28" hits="3" branch="False" />
                <line number="29" hits="3" branch="False" />
                <line number="30" hits="3" branch="False" />
                <line number="31" hits="3" branch="False" />
                <line number="32" hits="3" branch="False" />
                <line number="33" hits="3" branch="False" />
                <line number="34" hits="3" branch="False" />
                <line number="35" hits="3" branch="False" />
              </lines>
            </method>
          </methods>
          <lines>
            <line number="17" hits="7" branch="True" condition-coverage="100% (2/2)">
              <conditions>
                <condition number="69" type="jump" coverage="100%" />
              </conditions>
            </line>
            <line number="18" hits="7" branch="False" />
            <line number="19" hits="7" branch="False" />
            <line number="20" hits="7" branch="False" />
            <line number="21" hits="7" branch="False" />
            <line number="22" hits="7" branch="False" />
            <line number="23" hits="7" branch="False" />
            <line number="24" hits="7" branch="False" />
            <line number="28" hits="3" branch="False" />
            <line number="29" hits="3" branch="False" />
            <line number="30" hits="3" branch="False" />
            <line number="31" hits="3" branch="False" />
            <line number="32" hits="3" branch="False" />
            <line number="33" hits="3" branch="False" />
            <line number="34" hits="3" branch="False" />
            <line number="35" hits="3" branch="False" />
          </lines>
        </class>
        <class name="AIVTuber.Core.ViewModels.EmotionMapRow" filename="ViewModels\ConfigViewModel.cs" line-rate="1" branch-rate="0.5" complexity="5">
          <methods>
            <method name="get_Emotion" signature="()" line-rate="1" branch-rate="1" complexity="1">
              <lines>
                <line number="18" hits="3" branch="False" />
              </lines>
            </method>
            <method name="get_HotkeyId" signature="()" line-rate="1" branch-rate="1" complexity="1">
              <lines>
                <line number="19" hits="3" branch="False" />
              </lines>
            </method>
            <method name="OnChanged" signature="(System.String)" line-rate="1" branch-rate="0.5" complexity="2">
              <lines>
                <line number="22" hits="2" branch="True" condition-coverage="50% (1/2)">
                  <conditions>
                    <condition number="7" type="jump" coverage="50%" />
                  </conditions>
                </line>
              </lines>
            </method>
            <method name=".ctor" signature="()" line-rate="1" branch-rate="1" complexity="1">
              <lines>
                <line number="14" hits="1" branch="False" />
                <line number="15" hits="1" branch="False" />
              </lines>
            </method>
          </methods>
          <lines>
            <line number="18" hits="3" branch="False" />
            <line number="19" hits="3" branch="False" />
            <line number="22" hits="2" branch="True" condition-coverage="50% (1/2)">
              <conditions>
                <condition number="7" type="jump" coverage="50%" />
              </conditions>
            </line>
            <line number="14" hits="1" branch="False" />
            <line number="15" hits="1" branch="False" />
          </lines>
        </class>
        <class name="AIVTuber.Core.ViewModels.ActionMapRow" filename="ViewModels\ConfigViewModel.cs" line-rate="1" branch-rate="0.5" complexity="5">
          <methods>
            <method name="get_Action" signature="()" line-rate="1" branch-rate="1" complexity="1">
              <lines>
                <line number="31" hits="12" branch="False" />
              </lines>
            </method>
            <method name="get_HotkeyId" signature="()" line-rate="1" branch-rate="1" complexity="1">
              <lines>
                <line number="32" hits="12" branch="False" />
              </lines>
            </method>
            <method name="OnChanged" signature="(System.String)" line-rate="1" branch-rate="0.5" complexity="2">
              <lines>
                <line number="35" hits="6" branch="True" condition-coverage="50% (1/2)">
                  <conditions>
                    <condition number="7" type="jump" coverage="50%" />
                  </conditions>
                </line>
              </lines>
            </method>
            <method name=".ctor" signature="()" line-rate="1" branch-rate="1" complexity="1">
              <lines>
                <line number="28" hits="3" branch="False" />
                <line number="29" hits="3" branch="False" />
              </lines>
            </method>
          </methods>
          <lines>
            <line number="31" hits="12" branch="False" />
            <line number="32" hits="12" branch="False" />
            <line number="35" hits="6" branch="True" condition-coverage="50% (1/2)">
              <conditions>
                <condition number="7" type="jump" coverage="50%" />
              </conditions>
            </line>
            <line number="28" hits="3" branch="False" />
            <line number="29" hits="3" branch="False" />
          </lines>
        </class>
        <class name="AIVTuber.Core.ViewModels.ConfigViewModel" filename="ViewModels\ConfigViewModel.cs" line-rate="0.6396999999999999" branch-rate="0.35710000000000003" complexity="89">
          <methods>
            <method name="get_Working" signature="()" line-rate="1" branch-rate="1" complexity="1">
              <lines>
                <line number="50" hits="70" branch="False" />
              </lines>
            </method>
            <method name="get_InputDevices" signature="()" line-rate="1" branch-rate="1" complexity="1">
              <lines>
                <line number="51" hits="2" branch="False" />
              </lines>
            </method>
            <method name="get_EmotionRows" signature="()" line-rate="1" branch-rate="1" complexity="1">
              <lines>
                <line number="75" hits="5" branch="False" />
              </lines>
            </method>
            <method name="get_ActionRows" signature="()" line-rate="1" branch-rate="1" complexity="1">
              <lines>
                <line number="76" hits="10" branch="False" />
              </lines>
            </method>
            <method name="AddEmotionRow" signature="()" line-rate="0" branch-rate="1" complexity="1">
              <lines>
                <line number="78" hits="0" branch="False" />
              </lines>
            </method>
            <method name="RemoveEmotionRow" signature="(AIVTuber.Core.ViewModels.EmotionMapRow)" line-rate="0" branch-rate="1" complexity="1">
              <lines>
                <line number="80" hits="0" branch="False" />
              </lines>
            </method>
            <method name="AddActionRow" signature="()" line-rate="0" branch-rate="1" complexity="1">
              <lines>
                <line number="81" hits="0" branch="False" />
              </lines>
            </method>
            <method name="RemoveActionRow" signature="(AIVTuber.Core.ViewModels.ActionMapRow)" line-rate="0" branch-rate="1" complexity="1">
              <lines>
                <line number="82" hits="0" branch="False" />
              </lines>
            </method>
            <method name="SyncEmotionMap" signature="()" line-rate="0.75" branch-rate="0" complexity="2">
              <lines>
                <line number="86" hits="5" branch="False" />
                <line number="87" hits="0" branch="True" condition-coverage="0% (0/2)">
                  <conditions>
                    <condition number="11" type="jump" coverage="0%" />
                  </conditions>
                </line>
                <line number="88" hits="5" branch="False" />
                <line number="89" hits="5" branch="False" />
              </lines>
            </method>
            <method name="SyncActionMap" signature="()" line-rate="1" branch-rate="0.5" complexity="2">
              <lines>
                <line number="93" hits="5" branch="False" />
                <line number="94" hits="1" branch="True" condition-coverage="50% (1/2)">
                  <conditions>
                    <condition number="11" type="jump" coverage="50%" />
                  </conditions>
                </line>
                <line number="95" hits="1" branch="False" />
                <line number="96" hits="7" branch="False" />
                <line number="97" hits="5" branch="False" />
              </lines>
            </method>
            <method name="ImportAnimationHotkeys" signature="()" line-rate="1" branch-rate="0.8332999999999999" complexity="6">
              <lines>
                <line number="102" hits="1" branch="False" />
                <line number="103" hits="1" branch="False" />
                <line number="104" hits="4" branch="True" condition-coverage="100% (2/2)">
                  <conditions>
                    <condition number="190" type="jump" coverage="100%" />
                  </conditions>
                </line>
                <line number="105" hits="3" branch="False" />
                <line number="107" hits="1" branch="True" condition-coverage="100% (2/2)">
                  <conditions>
                    <condition number="124" type="jump" coverage="100%" />
                  </conditions>
                </line>
                <line number="108" hits="1" branch="False" />
                <line number="109" hits="1" branch="False" />
                <line number="110" hits="1" branch="False" />
                <line number="111" hits="1" branch="False" />
                <line number="113" hits="1" branch="True" condition-coverage="50% (1/2)">
                  <conditions>
                    <condition number="206" type="jump" coverage="50%" />
                  </conditions>
                </line>
                <line number="114" hits="1" branch="False" />
              </lines>
            </method>
            <method name="MakeUniqueActionAlias" signature="(System.String)" line-rate="0.4" branch-rate="0.25" complexity="4">
              <lines>
                <line number="118" hits="1" branch="False" />
                <line number="119" hits="2" branch="True" condition-coverage="50% (1/2)">
                  <conditions>
                    <condition number="60" type="jump" coverage="50%" />
                  </conditions>
                </line>
                <line number="120" hits="0" branch="False" />
                <line number="121" hits="0" branch="True" condition-coverage="0% (0/2)">
                  <conditions>
                    <condition number="122" type="jump" coverage="0%" />
                  </conditions>
                </line>
                <line number="122" hits="0" branch="False" />
              </lines>
            </method>
            <method name="BuildActionAlias" signature="(AIVTuber.Core.Vts.VtsHotkeyInfo)" line-rate="1" branch-rate="0.35710000000000003" complexity="14">
              <lines>
                <line number="127" hits="1" branch="True" condition-coverage="50% (1/2)">
                  <conditions>
                    <condition number="11" type="jump" coverage="50%" />
                  </conditions>
                </line>
                <line number="128" hits="1" branch="False" />
                <line number="129" hits="1" branch="False" />
                <line number="130" hits="1" branch="True" condition-coverage="50% (1/2)">
                  <conditions>
                    <condition number="44" type="jump" coverage="50%" />
                  </conditions>
                </line>
                <line number="132" hits="1" branch="False" />
                <line number="133" hits="3" branch="True" condition-coverage="25% (2/8)">
                  <conditions>
                    <condition number="8" type="jump" coverage="50%" />
                    <condition number="13" type="jump" coverage="0%" />
                    <condition number="18" type="jump" coverage="0%" />
                    <condition number="29" type="jump" coverage="50%" />
                  </conditions>
                </line>
                <line number="134" hits="1" branch="False" />
                <line number="135" hits="1" branch="True" condition-coverage="50% (1/2)">
                  <conditions>
                    <condition number="118" type="jump" coverage="50%" />
                  </conditions>
                </line>
              </lines>
            </method>
            <method name="get_LoopbackSources" signature="()" line-rate="1" branch-rate="1" complexity="1">
              <lines>
                <line number="150" hits="10" branch="False" />
              </lines>
            </method>
            <method name="set_LoopbackSources" signature="(System.Collections.Generic.List`1&lt;AIVTuber.Core.ViewModels.ConfigViewModel/LoopbackSource&gt;)" line-rate="1" branch-rate="1" complexity="1">
              <lines>
                <line number="151" hits="10" branch="False" />
              </lines>
            </method>
            <method name="get_SelectedLoopbackSource" signature="()" line-rate="0" branch-rate="1" complexity="1">
              <lines>
                <line number="157" hits="0" branch="False" />
              </lines>
            </method>
            <method name="set_SelectedLoopbackSource" signature="(AIVTuber.Core.ViewModels.ConfigViewModel/LoopbackSource)" line-rate="0" branch-rate="0" complexity="4">
              <lines>
                <line number="160" hits="0" branch="False" />
                <line number="161" hits="0" branch="True" condition-coverage="0% (0/4)">
                  <conditions>
                    <condition number="30" type="jump" coverage="0%" />
                    <condition number="42" type="jump" coverage="0%" />
                  </conditions>
                </line>
                <line number="162" hits="0" branch="False" />
              </lines>
            </method>
            <method name="RefreshLoopbackSources" signature="()" line-rate="1" branch-rate="1" complexity="1">
              <lines>
                <line number="180" hits="10" branch="False" />
                <line number="181" hits="10" branch="False" />
                <line number="182" hits="10" branch="False" />
              </lines>
            </method>
            <method name="RestoreSelection" signature="()" line-rate="0.8332999999999999" branch-rate="0.5" complexity="4">
              <lines>
                <line number="186" hits="10" branch="False" />
                <line number="187" hits="10" branch="True" condition-coverage="50% (1/2)">
                  <conditions>
                    <condition number="53" type="jump" coverage="50%" />
                  </conditions>
                </line>
                <line number="188" hits="10" branch="False" />
                <line number="189" hits="10" branch="False" />
                <line number="190" hits="10" branch="True" condition-coverage="50% (1/2)">
                  <conditions>
                    <condition number="73" type="jump" coverage="50%" />
                  </conditions>
                </line>
                <line number="191" hits="0" branch="False" />
              </lines>
            </method>
            <method name="BuildLoopbackSources" signature="()" line-rate="0" branch-rate="0" complexity="18">
              <lines>
                <line number="195" hits="0" branch="False" />
                <line number="196" hits="0" branch="False" />
                <line number="198" hits="0" branch="True" condition-coverage="0% (0/2)">
                  <conditions>
                    <condition number="261" type="jump" coverage="0%" />
                  </conditions>
                </line>
                <line number="202" hits="0" branch="True" condition-coverage="0% (0/2)">
                  <conditions>
                    <condition number="48" type="jump" coverage="0%" />
                  </conditions>
                </line>
                <line number="205" hits="0" branch="False" />
                <line number="206" hits="0" branch="False" />
                <line number="207" hits="0" branch="False" />
                <line number="210" hits="0" branch="True" condition-coverage="0% (0/2)">
                  <conditions>
                    <condition number="92" type="jump" coverage="0%" />
                  </conditions>
                </line>
                <line number="211" hits="0" branch="True" condition-coverage="0% (0/2)">
                  <conditions>
                    <condition number="107" type="jump" coverage="0%" />
                  </conditions>
                </line>
                <line number="213" hits="0" branch="False" />
                <line number="214" hits="0" branch="True" condition-coverage="0% (0/2)">
                  <conditions>
                    <condition number="122" type="jump" coverage="0%" />
                  </conditions>
                </line>
                <line number="216" hits="0" branch="False" />
                <line number="217" hits="0" branch="False" />
                <line number="220" hits="0" branch="True" condition-coverage="0% (0/4)">
                  <conditions>
                    <condition number="144" type="jump" coverage="0%" />
                    <condition number="153" type="jump" coverage="0%" />
                  </conditions>
                </line>
                <line number="221" hits="0" branch="False" />
                <line number="224" hits="0" branch="True" condition-coverage="0% (0/4)">
                  <conditions>
                    <condition number="164" type="jump" coverage="0%" />
                    <condition number="173" type="jump" coverage="0%" />
                  </conditions>
                </line>
                <line number="225" hits="0" branch="False" />
                <line number="226" hits="0" branch="False" />
                <line number="227" hits="0" branch="False" />
                <line number="229" hits="0" branch="False" />
                <line number="230" hits="0" branch="False" />
                <line number="231" hits="0" branch="False" />
                <line number="232" hits="0" branch="False" />
                <line number="235" hits="0" branch="False" />
                <line number="236" hits="0" branch="False" />
                <line number="237" hits="0" branch="False" />
              </lines>
            </method>
            <method name="BuildLoopbackSourcesFast" signature="()" line-rate="0.8887999999999999" branch-rate="1" complexity="4">
              <lines>
                <line number="242" hits="10" branch="False" />
                <line number="243" hits="10" branch="False" />
                <line number="244" hits="8740" branch="True" condition-coverage="100% (2/2)">
                  <conditions>
                    <condition number="99" type="jump" coverage="100%" />
                  </conditions>
                </line>
                <line number="246" hits="10300" branch="True" condition-coverage="100% (2/2)">
                  <conditions>
                    <condition number="45" type="jump" coverage="100%" />
                  </conditions>
                </line>
                <line number="247" hits="0" branch="False" />
                <line number="248" hits="13080" branch="False" />
                <line number="250" hits="12150" branch="False" />
                <line number="251" hits="10" branch="False" />
                <line number="252" hits="10" branch="False" />
              </lines>
            </method>
            <method name="get_OutputDevices" signature="()" line-rate="1" branch-rate="1" complexity="1">
              <lines>
                <line number="260" hits="10" branch="False" />
              </lines>
            </method>
            <method name="set_OutputDevices" signature="(System.Collections.Generic.List`1&lt;System.String&gt;)" line-rate="1" branch-rate="1" complexity="1">
              <lines>
                <line number="261" hits="10" branch="False" />
              </lines>
            </method>
            <method name="get_SelectedOutputDevice" signature="()" line-rate="0" branch-rate="1" complexity="1">
              <lines>
                <line number="267" hits="0" branch="False" />
              </lines>
            </method>
            <method name="set_SelectedOutputDevice" signature="(System.String)" line-rate="0" branch-rate="0" complexity="2">
              <lines>
                <line number="270" hits="0" branch="False" />
                <line number="271" hits="0" branch="True" condition-coverage="0% (0/2)">
                  <conditions>
                    <condition number="31" type="jump" coverage="0%" />
                  </conditions>
                </line>
                <line number="272" hits="0" branch="False" />
              </lines>
            </method>
            <method name="RefreshOutputDevices" signature="()" line-rate="0.6" branch-rate="0.5" complexity="4">
              <lines>
                <line number="279" hits="10" branch="False" />
                <line number="280" hits="10" branch="False" />
                <line number="281" hits="0" branch="False" />
                <line number="283" hits="0" branch="False" />
                <line number="284" hits="0" branch="False" />
                <line number="285" hits="10" branch="False" />
                <line number="286" hits="10" branch="True" condition-coverage="50% (1/2)">
                  <conditions>
                    <condition number="85" type="jump" coverage="50%" />
                  </conditions>
                </line>
                <line number="287" hits="20" branch="False" />
                <line number="288" hits="10" branch="True" condition-coverage="50% (1/2)">
                  <conditions>
                    <condition number="106" type="jump" coverage="50%" />
                  </conditions>
                </line>
                <line number="289" hits="0" branch="False" />
              </lines>
            </method>
            <method name="get_Status" signature="()" line-rate="1" branch-rate="1" complexity="1">
              <lines>
                <line number="292" hits="8" branch="False" />
              </lines>
            </method>
            <method name="get_IsSaving" signature="()" line-rate="1" branch-rate="1" complexity="1">
              <lines>
                <line number="296" hits="18" branch="False" />
              </lines>
            </method>
            <method name="get_HotkeyList" signature="()" line-rate="1" branch-rate="1" complexity="1">
              <lines>
                <line number="300" hits="2" branch="False" />
              </lines>
            </method>
            <method name="get_IsQueryingHotkeys" signature="()" line-rate="0" branch-rate="1" complexity="1">
              <lines>
                <line number="303" hits="0" branch="False" />
              </lines>
            </method>
            <method name="SetField" signature="(T&amp;,T,System.String)" line-rate="1" branch-rate="0.75" complexity="4">
              <lines>
                <line number="358" hits="37" branch="True" condition-coverage="50% (1/2)">
                  <conditions>
                    <condition number="17" type="jump" coverage="50%" />
                  </conditions>
                </line>
                <line number="359" hits="37" branch="False" />
                <line number="360" hits="37" branch="True" condition-coverage="100% (2/2)">
                  <conditions>
                    <condition number="34" type="jump" coverage="100%" />
                  </conditions>
                </line>
                <line number="361" hits="3" branch="False" />
              </lines>
            </method>
            <method name=".ctor" signature="(AIVTuber.Core.Config.AppConfig,System.Collections.Generic.IReadOnlyList`1&lt;System.String&gt;,System.Action`1&lt;AIVTuber.Core.Config.AppConfig&gt;,System.Func`2&lt;AIVTuber.Core.Config.AppConfig,System.Threading.Tasks.Task&gt;,System.Func`1&lt;System.Threading.Tasks.Task`1&lt;System.Collections.Generic.List`1&lt;AIVTuber.Core.Vts.VtsHotkeyInfo&gt;&gt;&gt;)" line-rate="1" branch-rate="1" complexity="2">
              <lines>
                <line number="53" hits="10" branch="False" />
                <line number="54" hits="10" branch="False" />
                <line number="55" hits="10" branch="False" />
                <line number="57" hits="10" branch="False" />
                <line number="58" hits="10" branch="False" />
                <line number="59" hits="10" branch="False" />
                <line number="60" hits="10" branch="False" />
                <line number="61" hits="10" branch="True" condition-coverage="100% (2/2)">
                  <conditions>
                    <condition number="141" type="jump" coverage="100%" />
                  </conditions>
                </line>
                <line number="62" hits="10" branch="False" />
                <line number="63" hits="10" branch="False" />
                <line number="65" hits="10" branch="False" />
                <line number="66" hits="11" branch="False" />
                <line number="67" hits="10" branch="False" />
                <line number="68" hits="11" branch="False" />
                <line number="69" hits="10" branch="False" />
                <line number="147" hits="10" branch="False" />
                <line number="154" hits="10" branch="False" />
                <line number="257" hits="10" branch="False" />
                <line number="264" hits="10" branch="False" />
                <line number="291" hits="10" branch="False" />
                <line number="298" hits="10" branch="False" />
              </lines>
            </method>
          </methods>
          <lines>
            <line number="50" hits="70" branch="False" />
            <line number="51" hits="2" branch="False" />
            <line number="75" hits="5" branch="False" />
            <line number="76" hits="10" branch="False" />
            <line number="78" hits="0" branch="False" />
            <line number="80" hits="0" branch="False" />
            <line number="81" hits="0" branch="False" />
            <line number="82" hits="0" branch="False" />
            <line number="86" hits="5" branch="False" />
            <line number="87" hits="0" branch="True" condition-coverage="0% (0/2)">
              <conditions>
                <condition number="11" type="jump" coverage="0%" />
              </conditions>
            </line>
            <line number="88" hits="5" branch="False" />
            <line number="89" hits="5" branch="False" />
            <line number="93" hits="5" branch="False" />
            <line number="94" hits="1" branch="True" condition-coverage="50% (1/2)">
              <conditions>
                <condition number="11" type="jump" coverage="50%" />
              </conditions>
            </line>
            <line number="95" hits="1" branch="False" />
            <line number="96" hits="7" branch="False" />
            <line number="97" hits="5" branch="False" />
            <line number="102" hits="1" branch="False" />
            <line number="103" hits="1" branch="False" />
            <line number="104" hits="4" branch="True" condition-coverage="100% (2/2)">
              <conditions>
                <condition number="190" type="jump" coverage="100%" />
              </conditions>
            </line>
            <line number="105" hits="3" branch="False" />
            <line number="107" hits="1" branch="True" condition-coverage="100% (2/2)">
              <conditions>
                <condition number="124" type="jump" coverage="100%" />
              </conditions>
            </line>
            <line number="108" hits="1" branch="False" />
            <line number="109" hits="1" branch="False" />
            <line number="110" hits="1" branch="False" />
            <line number="111" hits="1" branch="False" />
            <line number="113" hits="1" branch="True" condition-coverage="50% (1/2)">
              <conditions>
                <condition number="206" type="jump" coverage="50%" />
              </conditions>
            </line>
            <line number="114" hits="1" branch="False" />
            <line number="118" hits="1" branch="False" />
            <line number="119" hits="2" branch="True" condition-coverage="50% (1/2)">
              <conditions>
                <condition number="60" type="jump" coverage="50%" />
              </conditions>
            </line>
            <line number="120" hits="0" branch="False" />
            <line number="121" hits="0" branch="True" condition-coverage="0% (0/2)">
              <conditions>
                <condition number="122" type="jump" coverage="0%" />
              </conditions>
            </line>
            <line number="122" hits="0" branch="False" />
            <line number="127" hits="1" branch="True" condition-coverage="50% (1/2)">
              <conditions>
                <condition number="11" type="jump" coverage="50%" />
              </conditions>
            </line>
            <line number="128" hits="1" branch="False" />
            <line number="129" hits="1" branch="False" />
            <line number="130" hits="1" branch="True" condition-coverage="50% (1/2)">
              <conditions>
                <condition number="44" type="jump" coverage="50%" />
              </conditions>
            </line>
            <line number="132" hits="1" branch="False" />
            <line number="133" hits="3" branch="True" condition-coverage="25% (2/8)">
              <conditions>
                <condition number="8" type="jump" coverage="50%" />
                <condition number="13" type="jump" coverage="0%" />
                <condition number="18" type="jump" coverage="0%" />
                <condition number="29" type="jump" coverage="50%" />
              </conditions>
            </line>
            <line number="134" hits="1" branch="False" />
            <line number="135" hits="1" branch="True" condition-coverage="50% (1/2)">
              <conditions>
                <condition number="118" type="jump" coverage="50%" />
              </conditions>
            </line>
            <line number="150" hits="10" branch="False" />
            <line number="151" hits="10" branch="False" />
            <line number="157" hits="0" branch="False" />
            <line number="160" hits="0" branch="False" />
            <line number="161" hits="0" branch="True" condition-coverage="0% (0/4)">
              <conditions>
                <condition number="30" type="jump" coverage="0%" />
                <condition number="42" type="jump" coverage="0%" />
              </conditions>
            </line>
            <line number="162" hits="0" branch="False" />
            <line number="180" hits="10" branch="False" />
            <line number="181" hits="10" branch="False" />
            <line number="182" hits="10" branch="False" />
            <line number="186" hits="10" branch="False" />
            <line number="187" hits="10" branch="True" condition-coverage="50% (1/2)">
              <conditions>
                <condition number="53" type="jump" coverage="50%" />
              </conditions>
            </line>
            <line number="188" hits="10" branch="False" />
            <line number="189" hits="10" branch="False" />
            <line number="190" hits="10" branch="True" condition-coverage="50% (1/2)">
              <conditions>
                <condition number="73" type="jump" coverage="50%" />
              </conditions>
            </line>
            <line number="191" hits="0" branch="False" />
            <line number="195" hits="0" branch="False" />
            <line number="196" hits="0" branch="False" />
            <line number="198" hits="0" branch="True" condition-coverage="0% (0/2)">
              <conditions>
                <condition number="261" type="jump" coverage="0%" />
              </conditions>
            </line>
            <line number="202" hits="0" branch="True" condition-coverage="0% (0/2)">
              <conditions>
                <condition number="48" type="jump" coverage="0%" />
              </conditions>
            </line>
            <line number="205" hits="0" branch="False" />
            <line number="206" hits="0" branch="False" />
            <line number="207" hits="0" branch="False" />
            <line number="210" hits="0" branch="True" condition-coverage="0% (0/2)">
              <conditions>
                <condition number="92" type="jump" coverage="0%" />
              </conditions>
            </line>
            <line number="211" hits="0" branch="True" condition-coverage="0% (0/2)">
              <conditions>
                <condition number="107" type="jump" coverage="0%" />
              </conditions>
            </line>
            <line number="213" hits="0" branch="False" />
            <line number="214" hits="0" branch="True" condition-coverage="0% (0/2)">
              <conditions>
                <condition number="122" type="jump" coverage="0%" />
              </conditions>
            </line>
            <line number="216" hits="0" branch="False" />
            <line number="217" hits="0" branch="False" />
            <line number="220" hits="0" branch="True" condition-coverage="0% (0/4)">
              <conditions>
                <condition number="144" type="jump" coverage="0%" />
                <condition number="153" type="jump" coverage="0%" />
              </conditions>
            </line>
            <line number="221" hits="0" branch="False" />
            <line number="224" hits="0" branch="True" condition-coverage="0% (0/4)">
              <conditions>
                <condition number="164" type="jump" coverage="0%" />
                <condition number="173" type="jump" coverage="0%" />
              </conditions>
            </line>
            <line number="225" hits="0" branch="False" />
            <line number="226" hits="0" branch="False" />
            <line number="227" hits="0" branch="False" />
            <line number="229" hits="0" branch="False" />
            <line number="230" hits="0" branch="False" />
            <line number="231" hits="0" branch="False" />
            <line number="232" hits="0" branch="False" />
            <line number="235" hits="0" branch="False" />
            <line number="236" hits="0" branch="False" />
            <line number="237" hits="0" branch="False" />
            <line number="242" hits="10" branch="False" />
            <line number="243" hits="10" branch="False" />
            <line number="244" hits="8740" branch="True" condition-coverage="100% (2/2)">
              <conditions>
                <condition number="99" type="jump" coverage="100%" />
              </conditions>
            </line>
            <line number="246" hits="10300" branch="True" condition-coverage="100% (2/2)">
              <conditions>
                <condition number="45" type="jump" coverage="100%" />
              </conditions>
            </line>
            <line number="247" hits="0" branch="False" />
            <line number="248" hits="13080" branch="False" />
            <line number="250" hits="12150" branch="False" />
            <line number="251" hits="10" branch="False" />
            <line number="252" hits="10" branch="False" />
            <line number="260" hits="10" branch="False" />
            <line number="261" hits="10" branch="False" />
            <line number="267" hits="0" branch="False" />
            <line number="270" hits="0" branch="False" />
            <line number="271" hits="0" branch="True" condition-coverage="0% (0/2)">
              <conditions>
                <condition number="31" type="jump" coverage="0%" />
              </conditions>
            </line>
            <line number="272" hits="0" branch="False" />
            <line number="279" hits="10" branch="False" />
            <line number="280" hits="10" branch="False" />
            <line number="281" hits="0" branch="False" />
            <line number="283" hits="0" branch="False" />
            <line number="284" hits="0" branch="False" />
            <line number="285" hits="10" branch="False" />
            <line number="286" hits="10" branch="True" condition-coverage="50% (1/2)">
              <conditions>
                <condition number="85" type="jump" coverage="50%" />
              </conditions>
            </line>
            <line number="287" hits="20" branch="False" />
            <line number="288" hits="10" branch="True" condition-coverage="50% (1/2)">
              <conditions>
                <condition number="106" type="jump" coverage="50%" />
              </conditions>
            </line>
            <line number="289" hits="0" branch="False" />
            <line number="292" hits="8" branch="False" />
            <line number="296" hits="18" branch="False" />
            <line number="300" hits="2" branch="False" />
            <line number="303" hits="0" branch="False" />
            <line number="358" hits="37" branch="True" condition-coverage="50% (1/2)">
              <conditions>
                <condition number="17" type="jump" coverage="50%" />
              </conditions>
            </line>
            <line number="359" hits="37" branch="False" />
            <line number="360" hits="37" branch="True" condition-coverage="100% (2/2)">
              <conditions>
                <condition number="34" type="jump" coverage="100%" />
              </conditions>
            </line>
            <line number="361" hits="3" branch="False" />
            <line number="53" hits="10" branch="False" />
            <line number="54" hits="10" branch="False" />
            <line number="55" hits="10" branch="False" />
            <line number="57" hits="10" branch="False" />
            <line number="58" hits="10" branch="False" />
            <line number="59" hits="10" branch="False" />
            <line number="60" hits="10" branch="False" />
            <line number="61" hits="10" branch="True" condition-coverage="100% (2/2)">
              <conditions>
                <condition number="141" type="jump" coverage="100%" />
              </conditions>
            </line>
            <line number="62" hits="10" branch="False" />
            <line number="63" hits="10" branch="False" />
            <line number="65" hits="10" branch="False" />
            <line number="66" hits="11" branch="False" />
            <line number="67" hits="10" branch="False" />
            <line number="68" hits="11" branch="False" />
            <line number="69" hits="10" branch="False" />
            <line number="147" hits="10" branch="False" />
            <line number="154" hits="10" branch="False" />
            <line number="257" hits="10" branch="False" />
            <line number="264" hits="10" branch="False" />
            <line number="291" hits="10" branch="False" />
            <line number="298" hits="10" branch="False" />
          </lines>
        </class>
        <class name="AIVTuber.Core.ViewModels.ConfigViewModel/LoopbackSource" filename="ViewModels\ConfigViewModel.cs" line-rate="0.6666" branch-rate="1" complexity="3">
          <methods>
            <method name="get_DisplayName" signature="()" line-rate="1" branch-rate="1" complexity="1">
              <lines>
                <line number="141" hits="25871" branch="False" />
              </lines>
            </method>
            <method name="ToString" signature="()" line-rate="0" branch-rate="1" complexity="1">
              <lines>
                <line number="143" hits="0" branch="False" />
              </lines>
            </method>
            <method name=".cctor" signature="()" line-rate="1" branch-rate="1" complexity="1">
              <lines>
                <line number="144" hits="1" branch="False" />
              </lines>
            </method>
          </methods>
          <lines>
            <line number="141" hits="25871" branch="False" />
            <line number="143" hits="0" branch="False" />
            <line number="144" hits="1" branch="False" />
          </lines>
        </class>
        <class name="AIVTuber.Core.ViewModels.ConfigViewModel/&lt;QueryVtsHotkeysAsync&gt;d__64" filename="ViewModels\ConfigViewModel.cs" line-rate="0" branch-rate="0" complexity="4">
          <methods>
            <method name="MoveNext" signature="()" line-rate="0" branch-rate="0" complexity="4">
              <lines>
                <line number="308" hits="0" branch="True" condition-coverage="0% (0/2)">
                  <conditions>
                    <condition number="23" type="jump" coverage="0%" />
                  </conditions>
                </line>
                <line number="309" hits="0" branch="False" />
                <line number="312" hits="0" branch="False" />
                <line number="313" hits="0" branch="True" condition-coverage="0% (0/2)">
                  <conditions>
                    <condition number="157" type="jump" coverage="0%" />
                  </conditions>
                </line>
                <line number="314" hits="0" branch="False" />
                <line number="315" hits="0" branch="False" />
                <line number="317" hits="0" branch="False" />
                <line number="318" hits="0" branch="False" />
                <line number="321" hits="0" branch="False" />
                <line number="323" hits="0" branch="False" />
              </lines>
            </method>
          </methods>
          <lines>
            <line number="308" hits="0" branch="True" condition-coverage="0% (0/2)">
              <conditions>
                <condition number="23" type="jump" coverage="0%" />
              </conditions>
            </line>
            <line number="309" hits="0" branch="False" />
            <line number="312" hits="0" branch="False" />
            <line number="313" hits="0" branch="True" condition-coverage="0% (0/2)">
              <conditions>
                <condition number="157" type="jump" coverage="0%" />
              </conditions>
            </line>
            <line number="314" hits="0" branch="False" />
            <line number="315" hits="0" branch="False" />
            <line number="317" hits="0" branch="False" />
            <line number="318" hits="0" branch="False" />
            <line number="321" hits="0" branch="False" />
            <line number="323" hits="0" branch="False" />
          </lines>
        </class>
        <class name="AIVTuber.Core.ViewModels.ConfigViewModel/&lt;RefreshLoopbackSourcesAsync&gt;d__34" filename="ViewModels\ConfigViewModel.cs" line-rate="0" branch-rate="1" complexity="1">
          <methods>
            <method name="MoveNext" signature="()" line-rate="0" branch-rate="1" complexity="1">
              <lines>
                <line number="172" hits="0" branch="False" />
                <line number="173" hits="0" branch="False" />
                <line number="174" hits="0" branch="False" />
                <line number="175" hits="0" branch="False" />
              </lines>
            </method>
          </methods>
          <lines>
            <line number="172" hits="0" branch="False" />
            <line number="173" hits="0" branch="False" />
            <line number="174" hits="0" branch="False" />
            <line number="175" hits="0" branch="False" />
          </lines>
        </class>
        <class name="AIVTuber.Core.ViewModels.ConfigViewModel/&lt;SaveAsync&gt;d__65" filename="ViewModels\ConfigViewModel.cs" line-rate="1" branch-rate="1" complexity="2">
          <methods>
[...]
            <line number="170" hits="4" branch="False" />
            <line number="172" hits="4" branch="True" condition-coverage="50% (2/4)">
              <conditions>
                <condition number="23" type="jump" coverage="50%" />
                <condition number="37" type="jump" coverage="50%" />
              </conditions>
            </line>
            <line number="174" hits="0" branch="False" />
            <line number="175" hits="0" branch="False" />
            <line number="177" hits="4" branch="False" />
            <line number="178" hits="4" branch="False" />
            <line number="182" hits="0" branch="False" />
            <line number="183" hits="0" branch="False" />
            <line number="184" hits="0" branch="False" />
            <line number="185" hits="0" branch="True" condition-coverage="0% (0/2)">
              <conditions>
                <condition number="101" type="jump" coverage="0%" />
              </conditions>
            </line>
            <line number="187" hits="0" branch="False" />
            <line number="188" hits="0" branch="False" />
            <line number="190" hits="0" branch="False" />
            <line number="192" hits="0" branch="False" />
            <line number="193" hits="0" branch="False" />
            <line number="194" hits="0" branch="False" />
            <line number="195" hits="0" branch="False" />
            <line number="196" hits="0" branch="False" />
            <line number="197" hits="0" branch="False" />
            <line number="199" hits="0" branch="True" condition-coverage="0% (0/2)">
              <conditions>
                <condition number="169" type="jump" coverage="0%" />
              </conditions>
            </line>
            <line number="200" hits="0" branch="False" />
            <line number="209" hits="0" branch="False" />
            <line number="211" hits="0" branch="False" />
            <line number="212" hits="0" branch="False" />
            <line number="213" hits="0" branch="False" />
            <line number="214" hits="0" branch="True" condition-coverage="0% (0/2)">
              <conditions>
                <condition number="55" type="jump" coverage="0%" />
              </conditions>
            </line>
            <line number="215" hits="0" branch="False" />
            <line number="216" hits="0" branch="False" />
            <line number="220" hits="3" branch="False" />
            <line number="221" hits="3" branch="False" />
            <line number="222" hits="3" branch="False" />
            <line number="35" hits="5" branch="False" />
            <line number="36" hits="5" branch="False" />
            <line number="41" hits="5" branch="False" />
            <line number="52" hits="5" branch="False" />
            <line number="53" hits="5" branch="False" />
            <line number="54" hits="5" branch="False" />
            <line number="55" hits="5" branch="False" />
            <line number="56" hits="5" branch="False" />
            <line number="57" hits="5" branch="False" />
            <line number="59" hits="5" branch="True" condition-coverage="100% (6/6)">
              <conditions>
                <condition number="41" type="jump" coverage="100%" />
                <condition number="45" type="jump" coverage="100%" />
                <condition number="54" type="jump" coverage="100%" />
              </conditions>
            </line>
            <line number="60" hits="2" branch="False" />
            <line number="62" hits="3" branch="False" />
            <line number="63" hits="3" branch="False" />
            <line number="64" hits="3" branch="False" />
            <line number="65" hits="3" branch="False" />
            <line number="66" hits="3" branch="False" />
            <line number="69" hits="3" branch="True" condition-coverage="40% (2/5)">
              <conditions>
                <condition number="110" type="switch" coverage="40%" />
              </conditions>
            </line>
            <line number="70" hits="3" branch="False" />
            <line number="71" hits="0" branch="False" />
            <line number="72" hits="0" branch="False" />
            <line number="73" hits="2" branch="False" />
            <line number="74" hits="1" branch="False" />
            <line number="75" hits="0" branch="False" />
            <line number="76" hits="3" branch="False" />
            <line number="78" hits="3" branch="True" condition-coverage="50% (3/6)">
              <conditions>
                <condition number="179" type="jump" coverage="50%" />
                <condition number="185" type="jump" coverage="50%" />
                <condition number="191" type="jump" coverage="50%" />
              </conditions>
            </line>
            <line number="79" hits="3" branch="False" />
            <line number="80" hits="3" branch="False" />
            <line number="81" hits="3" branch="False" />
            <line number="82" hits="3" branch="False" />
            <line number="83" hits="0" branch="False" />
            <line number="84" hits="0" branch="False" />
            <line number="85" hits="3" branch="False" />
            <line number="86" hits="0" branch="False" />
            <line number="87" hits="3" branch="False" />
            <line number="88" hits="3" branch="False" />
            <line number="89" hits="3" branch="False" />
            <line number="90" hits="3" branch="False" />
          </lines>
        </class>
        <class name="AIVTuber.Core.Audio.VirtualMicMixer" filename="Audio\VirtualMicMixer.cs" line-rate="0.106" branch-rate="0.07139999999999999" complexity="30">
          <methods>
            <method name="ListRenderDevices" signature="()" line-rate="1" branch-rate="1" complexity="2">
              <lines>
                <line number="36" hits="10" branch="False" />
                <line number="37" hits="10" branch="False" />
                <line number="38" hits="40" branch="True" condition-coverage="100% (2/2)">
                  <conditions>
                    <condition number="59" type="jump" coverage="100%" />
                  </conditions>
                </line>
                <line number="40" hits="10" branch="False" />
                <line number="41" hits="10" branch="False" />
                <line number="43" hits="10" branch="False" />
                <line number="44" hits="10" branch="False" />
              </lines>
            </method>
            <method name="Start" signature="()" line-rate="0" branch-rate="1" complexity="1">
              <lines>
                <line number="49" hits="0" branch="False" />
                <line number="51" hits="0" branch="False" />
                <line number="52" hits="0" branch="False" />
                <line number="55" hits="0" branch="False" />
                <line number="56" hits="0" branch="False" />
                <line number="57" hits="0" branch="False" />
                <line number="60" hits="0" branch="False" />
                <line number="61" hits="0" branch="False" />
                <line number="62" hits="0" branch="False" />
                <line number="63" hits="0" branch="False" />
                <line number="64" hits="0" branch="False" />
                <line number="65" hits="0" branch="False" />
                <line number="66" hits="0" branch="False" />
                <line number="67" hits="0" branch="False" />
                <line number="68" hits="0" branch="False" />
                <line number="69" hits="0" branch="False" />
                <line number="70" hits="0" branch="False" />
                <line number="71" hits="0" branch="False" />
                <line number="73" hits="0" branch="False" />
                <line number="74" hits="0" branch="False" />
                <line number="76" hits="0" branch="False" />
                <line number="77" hits="0" branch="False" />
                <line number="78" hits="0" branch="False" />
                <line number="79" hits="0" branch="False" />
                <line number="81" hits="0" branch="False" />
                <line number="82" hits="0" branch="False" />
                <line number="83" hits="0" branch="False" />
                <line number="84" hits="0" branch="False" />
              </lines>
            </method>
            <method name="WriteMic" signature="(System.Byte[])" line-rate="0" branch-rate="0" complexity="4">
              <lines>
                <line number="89" hits="0" branch="True" condition-coverage="0% (0/4)">
                  <conditions>
                    <condition number="6" type="jump" coverage="0%" />
                    <condition number="14" type="jump" coverage="0%" />
                  </conditions>
                </line>
                <line number="90" hits="0" branch="False" />
                <line number="91" hits="0" branch="False" />
              </lines>
            </method>
            <method name="WriteTts" signature="(System.Byte[])" line-rate="0" branch-rate="0" complexity="4">
              <lines>
                <line number="96" hits="0" branch="True" condition-coverage="0% (0/4)">
                  <conditions>
                    <condition number="6" type="jump" coverage="0%" />
                    <condition number="14" type="jump" coverage="0%" />
                  </conditions>
                </line>
                <line number="97" hits="0" branch="False" />
                <line number="98" hits="0" branch="False" />
              </lines>
            </method>
            <method name="Stop" signature="()" line-rate="0" branch-rate="0" complexity="4">
              <lines>
                <line number="102" hits="0" branch="True" condition-coverage="0% (0/2)">
                  <conditions>
                    <condition number="7" type="jump" coverage="0%" />
                  </conditions>
                </line>
                <line number="103" hits="0" branch="True" condition-coverage="0% (0/2)">
                  <conditions>
                    <condition number="24" type="jump" coverage="0%" />
                  </conditions>
                </line>
                <line number="104" hits="0" branch="False" />
                <line number="105" hits="0" branch="False" />
                <line number="106" hits="0" branch="False" />
                <line number="107" hits="0" branch="False" />
                <line number="108" hits="0" branch="False" />
              </lines>
            </method>
            <method name="Dispose" signature="()" line-rate="0" branch-rate="0" complexity="2">
              <lines>
                <line number="112" hits="0" branch="True" condition-coverage="0% (0/2)">
                  <conditions>
                    <condition number="6" type="jump" coverage="0%" />
                  </conditions>
                </line>
                <line number="113" hits="0" branch="False" />
                <line number="114" hits="0" branch="False" />
                <line number="115" hits="0" branch="False" />
              </lines>
            </method>
            <method name="FindDevice" signature="(NAudio.CoreAudioApi.MMDeviceEnumerator)" line-rate="0" branch-rate="0" complexity="6">
              <lines>
                <line number="121" hits="0" branch="True" condition-coverage="0% (0/2)">
                  <conditions>
                    <condition number="11" type="jump" coverage="0%" />
                  </conditions>
                </line>
                <line number="123" hits="0" branch="True" condition-coverage="0% (0/2)">
                  <conditions>
                    <condition number="72" type="jump" coverage="0%" />
                  </conditions>
                </line>
                <line number="125" hits="0" branch="True" condition-coverage="0% (0/2)">
                  <conditions>
                    <condition number="54" type="jump" coverage="0%" />
                  </conditions>
                </line>
                <line number="126" hits="0" branch="False" />
                <line number="127" hits="0" branch="False" />
                <line number="130" hits="0" branch="False" />
                <line number="131" hits="0" branch="False" />
              </lines>
            </method>
            <method name="BuildChain" signature="(NAudio.Wave.BufferedWaveProvider,System.Int32,System.Int32)" line-rate="0" branch-rate="0" complexity="6">
              <lines>
                <line number="139" hits="0" branch="False" />
                <line number="142" hits="0" branch="True" condition-coverage="0% (0/2)">
                  <conditions>
                    <condition number="19" type="jump" coverage="0%" />
                  </conditions>
                </line>
                <line number="143" hits="0" branch="False" />
                <line number="146" hits="0" branch="True" condition-coverage="0% (0/4)">
                  <conditions>
                    <condition number="31" type="jump" coverage="0%" />
                    <condition number="45" type="jump" coverage="0%" />
                  </conditions>
                </line>
                <line number="147" hits="0" branch="False" />
                <line number="149" hits="0" branch="False" />
              </lines>
            </method>
            <method name=".ctor" signature="(System.String)" line-rate="0" branch-rate="1" complexity="1">
              <lines>
                <line number="31" hits="0" branch="False" />
              </lines>
            </method>
          </methods>
          <lines>
            <line number="36" hits="10" branch="False" />
            <line number="37" hits="10" branch="False" />
            <line number="38" hits="40" branch="True" condition-coverage="100% (2/2)">
              <conditions>
                <condition number="59" type="jump" coverage="100%" />
              </conditions>
            </line>
            <line number="40" hits="10" branch="False" />
            <line number="41" hits="10" branch="False" />
            <line number="43" hits="10" branch="False" />
            <line number="44" hits="10" branch="False" />
            <line number="49" hits="0" branch="False" />
            <line number="51" hits="0" branch="False" />
            <line number="52" hits="0" branch="False" />
            <line number="55" hits="0" branch="False" />
            <line number="56" hits="0" branch="False" />
            <line number="57" hits="0" branch="False" />
            <line number="60" hits="0" branch="False" />
            <line number="61" hits="0" branch="False" />
            <line number="62" hits="0" branch="False" />
            <line number="63" hits="0" branch="False" />
            <line number="64" hits="0" branch="False" />
            <line number="65" hits="0" branch="False" />
            <line number="66" hits="0" branch="False" />
            <line number="67" hits="0" branch="False" />
            <line number="68" hits="0" branch="False" />
            <line number="69" hits="0" branch="False" />
            <line number="70" hits="0" branch="False" />
            <line number="71" hits="0" branch="False" />
            <line number="73" hits="0" branch="False" />
            <line number="74" hits="0" branch="False" />
            <line number="76" hits="0" branch="False" />
            <line number="77" hits="0" branch="False" />
            <line number="78" hits="0" branch="False" />
            <line number="79" hits="0" branch="False" />
            <line number="81" hits="0" branch="False" />
            <line number="82" hits="0" branch="False" />
            <line number="83" hits="0" branch="False" />
            <line number="84" hits="0" branch="False" />
            <line number="89" hits="0" branch="True" condition-coverage="0% (0/4)">
              <conditions>
                <condition number="6" type="jump" coverage="0%" />
                <condition number="14" type="jump" coverage="0%" />
              </conditions>
            </line>
            <line number="90" hits="0" branch="False" />
            <line number="91" hits="0" branch="False" />
            <line number="96" hits="0" branch="True" condition-coverage="0% (0/4)">
              <conditions>
                <condition number="6" type="jump" coverage="0%" />
                <condition number="14" type="jump" coverage="0%" />
              </conditions>
            </line>
            <line number="97" hits="0" branch="False" />
            <line number="98" hits="0" branch="False" />
            <line number="102" hits="0" branch="True" condition-coverage="0% (0/2)">
              <conditions>
                <condition number="7" type="jump" coverage="0%" />
              </conditions>
            </line>
            <line number="103" hits="0" branch="True" condition-coverage="0% (0/2)">
              <conditions>
                <condition number="24" type="jump" coverage="0%" />
              </conditions>
            </line>
            <line number="104" hits="0" branch="False" />
            <line number="105" hits="0" branch="False" />
            <line number="106" hits="0" branch="False" />
            <line number="107" hits="0" branch="False" />
            <line number="108" hits="0" branch="False" />
            <line number="112" hits="0" branch="True" condition-coverage="0% (0/2)">
              <conditions>
                <condition number="6" type="jump" coverage="0%" />
              </conditions>
            </line>
            <line number="113" hits="0" branch="False" />
            <line number="114" hits="0" branch="False" />
            <line number="115" hits="0" branch="False" />
            <line number="121" hits="0" branch="True" condition-coverage="0% (0/2)">
              <conditions>
                <condition number="11" type="jump" coverage="0%" />
              </conditions>
            </line>
            <line number="123" hits="0" branch="True" condition-coverage="0% (0/2)">
              <conditions>
                <condition number="72" type="jump" coverage="0%" />
              </conditions>
            </line>
            <line number="125" hits="0" branch="True" condition-coverage="0% (0/2)">
              <conditions>
                <condition number="54" type="jump" coverage="0%" />
              </conditions>
            </line>
            <line number="126" hits="0" branch="False" />
            <line number="127" hits="0" branch="False" />
            <line number="130" hits="0" branch="False" />
            <line number="131" hits="0" branch="False" />
            <line number="139" hits="0" branch="False" />
            <line number="142" hits="0" branch="True" condition-coverage="0% (0/2)">
              <conditions>
                <condition number="19" type="jump" coverage="0%" />
              </conditions>
            </line>
            <line number="143" hits="0" branch="False" />
            <line number="146" hits="0" branch="True" condition-coverage="0% (0/4)">
              <conditions>
                <condition number="31" type="jump" coverage="0%" />
                <condition number="45" type="jump" coverage="0%" />
              </conditions>
            </line>
            <line number="147" hits="0" branch="False" />
            <line number="149" hits="0" branch="False" />
            <line number="31" hits="0" branch="False" />
          </lines>
        </class>
      </classes>
    </package>
  </packages>
</coverage>