<?xml version="1.0" encoding="utf-8"?>
<TestRun id="ee4b1fe2-eff1-49ea-8374-1f8529d71044" name="nashorya@NASHOR 2026-07-19 15:40:17" runUser="nashor\nashorya" xmlns="http://microsoft.com/schemas/VisualStudio/TeamTest/2010">
  <Times creation="2026-07-19T15:40:17.5048196+08:00" queuing="2026-07-19T15:40:17.5048200+08:00" start="2026-07-19T15:40:15.5870450+08:00" finish="2026-07-19T15:41:12.6042301+08:00" />
  <TestSettings name="default" id="3b366d93-415f-4e99-b79f-76c0079d8e71">
    <Deployment runDeploymentRoot="nashorya_NASHOR_2026-07-19_15_40_17" />
  </TestSettings>
  <Results>
    <UnitTestResult executionId="b5964570-6e3f-40f0-ba44-7b7ba00c6d51" testId="a8e830e2-780b-8e4f-0f0f-f2420823cdb5" testName="AIVTuber.Tests.ThemeServiceTests.SetTheme_RaisesOneNotificationOnlyWhenThemeChanges" computerName="NASHOR" duration="00:00:00.0219965" startTime="2026-07-19T15:40:17.4175283+08:00" endTime="2026-07-19T15:40:17.5136883+08:00" testType="13cdc9d9-ddb5-4fa4-a97d-d965ccfc6d4b" outcome="Passed" testListId="8c84fa94-04c1-424b-9868-57a2d4851a1d" relativeResultsDirectory="b5964570-6e3f-40f0-ba44-7b7ba00c6d51" />
    <UnitTestResult executionId="d5672eba-4465-4c1a-b4a0-dc35b76661d9" testId="9eb3c6c3-04ae-f0d5-11bc-3e9d3c0eae0f" testName="AIVTuber.Tests.MonitorViewModelTests.TriggerAvatarSticker_WithoutPixelBackend_LogsErrorEvent" computerName="NASHOR" duration="00:00:00.0013959" startTime="2026-07-19T15:40:17.6514781+08:00" endTime="2026-07-19T15:40:17.6567319+08:00" testType="13cdc9d9-ddb5-4fa4-a97d-d965ccfc6d4b" outcome="Passed" testListId="8c84fa94-04c1-424b-9868-57a2d4851a1d" relativeResultsDirectory="d5672eba-4465-4c1a-b4a0-dc35b76661d9" />
    <UnitTestResult executionId="ec05763c-1a66-470c-94e5-8a4c3d856ae0" testId="9bafdd23-1f51-4afc-e0c0-1463686f3abd" testName="AIVTuber.Tests.WordPieceTokenizerTests.Tokenize_SplitsPunctuation" computerName="NASHOR" duration="00:00:00.0002134" startTime="2026-07-19T15:40:17.5102041+08:00" endTime="2026-07-19T15:40:17.5114323+08:00" testType="13cdc9d9-ddb5-4fa4-a97d-d965ccfc6d4b" outcome="Passed" testListId="8c84fa94-04c1-424b-9868-57a2d4851a1d" relativeResultsDirectory="ec05763c-1a66-470c-94e5-8a4c3d856ae0" />
    <UnitTestResult executionId="a93b5fd2-7ae3-40db-8c39-5826dc773b86" testId="abff948d-33e8-0f43-602a-e995822bace1" testName="AIVTuber.Tests.ActionStreamingTests.Parser_PreservesOrdinaryBracketedText" computerName="NASHOR" duration="00:00:00.0003074" startTime="2026-07-19T15:40:17.6106254+08:00" endTime="2026-07-19T15:40:17.6110829+08:00" testType="13cdc9d9-ddb5-4fa4-a97d-d965ccfc6d4b" outcome="Passed" testListId="8c84fa94-04c1-424b-9868-57a2d4851a1d" relativeResultsDirectory="a93b5fd2-7ae3-40db-8c39-5826dc773b86" />
    <UnitTestResult executionId="0f5380d5-37dc-4ce0-a139-419f15e944e8" testId="81a9f0da-3f7b-efc4-e48a-af5d21780c17" testName="AIVTuber.Tests.MotionEngineTests.Shake_DecaysToZero" computerName="NASHOR" duration="00:00:00.0005230" startTime="2026-07-19T15:40:17.6247206+08:00" endTime="2026-07-19T15:40:17.6251497+08:00" testType="13cdc9d9-ddb5-4fa4-a97d-d965ccfc6d4b" outcome="Passed" testListId="8c84fa94-04c1-424b-9868-57a2d4851a1d" relativeResultsDirectory="0f5380d5-37dc-4ce0-a139-419f15e944e8" />
    <UnitTestResult executionId="6310b345-bd08-4a8f-87d7-701ce49dfb42" testId="ef6a0bb4-6333-53c7-20c0-e4718ffd494f" testName="AIVTuber.Tests.MonitorViewModelTests.ConnectionFlags_DefaultFalse_WhenNotStarted" computerName="NASHOR" duration="00:00:00.0008857" startTime="2026-07-19T15:40:17.6652874+08:00" endTime="2026-07-19T15:40:17.6653249+08:00" testType="13cdc9d9-ddb5-4fa4-a97d-d965ccfc6d4b" outcome="Passed" testListId="8c84fa94-04c1-424b-9868-57a2d4851a1d" relativeResultsDirectory="6310b345-bd08-4a8f-87d7-701ce49dfb42" />
    <UnitTestResult executionId="62347ed5-e374-4db3-af7d-1d7e7212c143" testId="f5b30628-a802-67d5-8bfe-d25673b24518" testName="AIVTuber.Tests.ConfigManagerTests.GenerateTemplate_CreatesTemplateFile" computerName="NASHOR" duration="00:00:00.0214721" startTime="2026-07-19T15:40:17.5926541+08:00" endTime="2026-07-19T15:40:17.6301987+08:00" testType="13cdc9d9-ddb5-4fa4-a97d-d965ccfc6d4b" outcome="Passed" testListId="8c84fa94-04c1-424b-9868-57a2d4851a1d" relativeResultsDirectory="62347ed5-e374-4db3-af7d-1d7e7212c143" />
    <UnitTestResult executionId="9cbcb631-889c-48bc-9131-a3d3c6938d66" testId="667f6745-c848-ed97-c015-e13e45a5db19" testName="AIVTuber.Tests.MemoryQueryCoordinatorTests.ConcurrentDeleteRequests_InvokeTheDeleteCallbackOnlyOnce" computerName="NASHOR" duration="00:00:00.0089491" startTime="2026-07-19T15:40:17.6259362+08:00" endTime="2026-07-19T15:40:17.6350942+08:00" testType="13cdc9d9-ddb5-4fa4-a97d-d965ccfc6d4b" outcome="Passed" testListId="8c84fa94-04c1-424b-9868-57a2d4851a1d" relativeResultsDirectory="9cbcb631-889c-48bc-9131-a3d3c6938d66" />
    <UnitTestResult executionId="fa64709d-399f-4df8-93d8-6a5e8755a4fe" testId="fee6b80d-641a-9ce7-9fd2-cf4108a7f917" testName="AIVTuber.Tests.ConfigDiffTests.LlmChange_IsLightRebuildLlm" computerName="NASHOR" duration="00:00:00.0002924" startTime="2026-07-19T15:40:17.5873629+08:00" endTime="2026-07-19T15:40:17.5874012+08:00" testType="13cdc9d9-ddb5-4fa4-a97d-d965ccfc6d4b" outcome="Passed" testListId="8c84fa94-04c1-424b-9868-57a2d4851a1d" relativeResultsDirectory="fa64709d-399f-4df8-93d8-6a5e8755a4fe" />
    <UnitTestResult executionId="d5f3b810-dc1d-405d-952a-ed2d0850e0ec" testId="c07ebc34-4d33-526a-424c-6eec169e14d5" testName="AIVTuber.Tests.ConfigManagerTests.Save_WritesSnakeCaseJson" computerName="NASHOR" duration="00:00:00.0095079" startTime="2026-07-19T15:40:17.6444669+08:00" endTime="2026-07-19T15:40:17.6480082+08:00" testType="13cdc9d9-ddb5-4fa4-a97d-d965ccfc6d4b" outcome="Passed" testListId="8c84fa94-04c1-424b-9868-57a2d4851a1d" relativeResultsDirectory="d5f3b810-dc1d-405d-952a-ed2d0850e0ec" />
    <UnitTestResult executionId="2f922f42-af74-4e51-986c-c1ed462c0923" testId="569d5fe0-f507-e780-ec2b-20a17691c6aa" testName="AIVTuber.Tests.MonitorViewModelTests.OperationalEvents_RenderErrorsWithErrorSource" computerName="NASHOR" duration="00:00:00.0023536" startTime="2026-07-19T15:40:17.6479890+08:00" endTime="2026-07-19T15:40:17.6484114+08:00" testType="13cdc9d9-ddb5-4fa4-a97d-d965ccfc6d4b" outcome="Passed" testListId="8c84fa94-04c1-424b-9868-57a2d4851a1d" relativeResultsDirectory="2f922f42-af74-4e51-986c-c1ed462c0923" />
    <UnitTestResult executionId="140c8b38-436f-4fdb-843b-f966ab0f84e7" testId="ed1e560f-8585-bfd4-84aa-6a055305d7d6" testName="AIVTuber.Tests.MemoryQueryCoordinatorTests.TabSwitch_DiscardsTheResponseThatBeganOnThePreviousTab" computerName="NASHOR" duration="00:00:00.0091150" startTime="2026-07-19T15:40:17.6378507+08:00" endTime="2026-07-19T15:40:17.6396769+08:00" testType="13cdc9d9-ddb5-4fa4-a97d-d965ccfc6d4b" outcome="Passed" testListId="8c84fa94-04c1-424b-9868-57a2d4851a1d" relativeResultsDirectory="140c8b38-436f-4fdb-843b-f966ab0f84e7" />
    <UnitTestResult executionId="fcbeb42e-0207-499e-a57f-5a8b603aa092" testId="aa651fce-160c-1b8b-a184-d4b21855625a" testName="AIVTuber.Tests.VadDetectorTests.Flush_WhenNotSpeaking_DoesNotFire" computerName="NASHOR" duration="00:00:00.0077326" startTime="2026-07-19T15:40:17.5051233+08:00" endTime="2026-07-19T15:40:17.5308947+08:00" testType="13cdc9d9-ddb5-4fa4-a97d-d965ccfc6d4b" outcome="Passed" testListId="8c84fa94-04c1-424b-9868-57a2d4851a1d" relativeResultsDirectory="fcbeb42e-0207-499e-a57f-5a8b603aa092" />
    <UnitTestResult executionId="8d62d70b-523f-496e-984a-cf052a95c3a2" testId="fbe49ab0-847b-03fa-6f56-8a8db75a54b9" testName="AIVTuber.Tests.HostileCoordinatorVerificationTests.NewestRequest_CancelsActiveAndSuppressesItsLateOutput" computerName="NASHOR" duration="00:00:00.0059190" startTime="2026-07-19T15:40:17.6384763+08:00" endTime="2026-07-19T15:40:17.6387996+08:00" testType="13cdc9d9-ddb5-4fa4-a97d-d965ccfc6d4b" outcome="Passed" testListId="8c84fa94-04c1-424b-9868-57a2d4851a1d" relativeResultsDirectory="8d62d70b-523f-496e-984a-cf052a95c3a2" />
    <UnitTestResult executionId="52f3c3e1-fcb5-436f-a65e-4e49574456e1" testId="5826c7b4-b2d0-5077-c4ac-648cfa2dd1ec" testName="AIVTuber.Tests.MicrophoneCaptureTests.Constructor_SetsDefaults" computerName="NASHOR" duration="00:00:00.0001877" startTime="2026-07-19T15:40:17.6694820+08:00" endTime="2026-07-19T15:40:17.6695161+08:00" testType="13cdc9d9-ddb5-4fa4-a97d-d965ccfc6d4b" outcome="Passed" testListId="8c84fa94-04c1-424b-9868-57a2d4851a1d" relativeResultsDirectory="52f3c3e1-fcb5-436f-a65e-4e49574456e1" />
    <UnitTestResult executionId="d174750a-c9fd-45a3-a554-036a8988e9c7" testId="7dfd9471-3b03-98fc-a48f-784d07c3f07b" testName="AIVTuber.Tests.ConfigSnapshotApplyTests.ConsecutiveApplies_ObserveDistinctSnapshotsAndRevisions" computerName="NASHOR" duration="00:00:00.0072665" startTime="2026-07-19T15:40:17.6451837+08:00" endTime="2026-07-19T15:40:17.6488419+08:00" testType="13cdc9d9-ddb5-4fa4-a97d-d965ccfc6d4b" outcome="Passed" testListId="8c84fa94-04c1-424b-9868-57a2d4851a1d" relativeResultsDirectory="d174750a-c9fd-45a3-a554-036a8988e9c7" />
    <UnitTestResult executionId="5463f138-47c7-485d-bfc7-109a5aca941a" testId="94dd7a9c-0fd4-bf81-dfd5-698572ff68c1" testName="AIVTuber.Tests.MemoryDbTests.GetConnection_ReturnsOpenConnection" computerName="NASHOR" duration="00:00:00.0042153" startTime="2026-07-19T15:40:17.5681901+08:00" endTime="2026-07-19T15:40:17.6444930+08:00" testType="13cdc9d9-ddb5-4fa4-a97d-d965ccfc6d4b" outcome="Passed" testListId="8c84fa94-04c1-424b-9868-57a2d4851a1d" relativeResultsDirectory="5463f138-47c7-485d-bfc7-109a5aca941a" />
    <UnitTestResult executionId="f7d1990d-5f78-4872-8fee-c7fe8065892b" testId="3e67598f-502d-daa8-9601-5eae6c100d7f" testName="AIVTuber.Tests.AsrClientTests.NormalizeModel_UsesConfiguredModelOrDefault(configured: &quot;  custom-asr  &quot;, expected: &quot;custom-asr&quot;)" computerName="NASHOR" duration="00:00:00.0000160" startTime="2026-07-19T15:40:17.5531095+08:00" endTime="2026-07-19T15:40:17.5531388+08:00" testType="13cdc9d9-ddb5-4fa4-a97d-d965ccfc6d4b" outcome="Passed" testListId="8c84fa94-04c1-424b-9868-57a2d4851a1d" relativeResultsDirectory="f7d1990d-5f78-4872-8fee-c7fe8065892b" />
    <UnitTestResult executionId="41dee969-a0be-4cfe-ba73-d4cd51e35ebd" testId="ed480793-d72d-ff03-b79b-6ce9d48b19d2" testName="AIVTuber.Tests.ConfigSnapshotApplyTests.Constructor_IsolatesRuntimeSnapshotFromCaller" computerName="NASHOR" duration="00:00:00.0757034" startTime="2026-07-19T15:40:17.5777782+08:00" endTime="2026-07-19T15:40:17.6428875+08:00" testType="13cdc9d9-ddb5-4fa4-a97d-d965ccfc6d4b" outcome="Passed" testListId="8c84fa94-04c1-424b-9868-57a2d4851a1d" relativeResultsDirectory="41dee969-a0be-4cfe-ba73-d4cd51e35ebd" />
    <UnitTestResult executionId="5c846f23-c7a3-4e09-988c-b56edf9f1048" testId="29c77528-d36f-b8d4-25b5-0d0f26207ed9" testName="AIVTuber.Tests.ConfigDiffTests.BilibiliIntervalChange_IsLight_ButRoomChange_IsHeavy" computerName="NASHOR" duration="00:00:00.0089001" startTime="2026-07-19T15:40:17.5819731+08:00" endTime="2026-07-19T15:40:17.5820381+08:00" testType="13cdc9d9-ddb5-4fa4-a97d-d965ccfc6d4b" outcome="Passed" testListId="8c84fa94-04c1-424b-9868-57a2d4851a1d" relativeResultsDirectory="5c846f23-c7a3-4e09-988c-b56edf9f1048" />
    <UnitTestResult executionId="5f81e522-e23a-4d19-b199-04ae5773ad0a" testId="be7b5237-142d-a2e5-8ed6-936262f9e552" testName="AIVTuber.Tests.ConversationManagerTests.EstimateTokens_WithChinese" computerName="NASHOR" duration="00:00:00.0005415" startTime="2026-07-19T15:40:17.5343398+08:00" endTime="2026-07-19T15:40:17.5344614+08:00" testType="13cdc9d9-ddb5-4fa4-a97d-d965ccfc6d4b" outcome="Passed" testListId="8c84fa94-04c1-424b-9868-57a2d4851a1d" relativeResultsDirectory="5f81e522-e23a-4d19-b199-04ae5773ad0a" />
    <UnitTestResult executionId="cfa9089a-a567-489c-9660-757b0a05a82a" testId="65e0a639-c8fd-3b3d-de85-1c31dcfdf929" testName="AIVTuber.Tests.MemoryConfigTests.MemoryConfig_DefaultValues" computerName="NASHOR" duration="00:00:00.0005641" startTime="2026-07-19T15:40:17.6007035+08:00" endTime="2026-07-19T15:40:17.6045043+08:00" testType="13cdc9d9-ddb5-4fa4-a97d-d965ccfc6d4b" outcome="Passed" testListId="8c84fa94-04c1-424b-9868-57a2d4851a1d" relativeResultsDirectory="cfa9089a-a567-489c-9660-757b0a05a82a" />
    <UnitTestResult executionId="796cf4b7-75c2-4776-89df-e4d24ef69374" testId="7eeb5109-7334-7477-1607-2924f46c5632" testName="AIVTuber.Tests.ConfigDiffContractTests.AsrAndTtsRuntimeField_MapsToExactChange(property: &quot;Tts.VoiceId&quot;, mutate: Action`1 { Method = Void &lt;get_AsrAndTtsRuntimeFields&gt;b__2_8(AIVTuber.Core.Config.AppConfig), Target = &lt;&gt;c { } }, expected: RebuildTts)" computerName="NASHOR" duration="00:00:00.0002726" startTime="2026-07-19T15:40:17.5548901+08:00" endTime="2026-07-19T15:40:17.5553696+08:00" testType="13cdc9d9-ddb5-4fa4-a97d-d965ccfc6d4b" outcome="Passed" testListId="8c84fa94-04c1-424b-9868-57a2d4851a1d" relativeResultsDirectory="796cf4b7-75c2-4776-89df-e4d24ef69374" />
    <UnitTestResult executionId="ddbab5bf-ff58-4e9d-ba50-1567b655daeb" testId="b7edd662-d07e-e4e1-d80a-a2ff8ea03700" testName="AIVTuber.Tests.InterfaceTests.IAsrClient_InterfaceExists" computerName="NASHOR" duration="00:00:00.0064420" startTime="2026-07-19T15:40:17.4158270+08:00" endTime="2026-07-19T15:40:17.4404340+08:00" testType="13cdc9d9-ddb5-4fa4-a97d-d965ccfc6d4b" outcome="Passed" testListId="8c84fa94-04c1-424b-9868-57a2d4851a1d" relativeResultsDirectory="ddbab5bf-ff58-4e9d-ba50-1567b655daeb" />
    <UnitTestResult executionId="490a321a-a5cc-440e-bb04-75cf1a81c6e8" testId="5e7497dd-bb4f-1c7f-02f3-7e0d5184c5c1" testName="AIVTuber.Tests.FactRepositoryTests.EmbeddingEngine_CosineSimilarity_Orthogonal" computerName="NASHOR" duration="00:00:00.0004060" startTime="2026-07-19T15:40:17.9274648+08:00" endTime="2026-07-19T15:40:17.9809601+08:00" testType="13cdc9d9-ddb5-4fa4-a97d-d965ccfc6d4b" outcome="Passed" testListId="8c84fa94-04c1-424b-9868-57a2d4851a1d" relativeResultsDirectory="490a321a-a5cc-440e-bb04-75cf1a81c6e8" />
    <UnitTestResult executionId="5cfc7df0-3355-4c92-ba9b-83f0661b8b98" testId="7a9bfb9e-6d0b-3013-ccca-ce2544ab77be" testName="AIVTuber.Tests.LlmClientTests.ContainsSentenceBoundary_Question" computerName="NASHOR" duration="00:00:00.0002789" startTime="2026-07-19T15:40:17.5548241+08:00" endTime="2026-07-19T15:40:17.5549212+08:00" testType="13cdc9d9-ddb5-4fa4-a97d-d965ccfc6d4b" outcome="Passed" testListId="8c84fa94-04c1-424b-9868-57a2d4851a1d" relativeResultsDirectory="5cfc7df0-3355-4c92-ba9b-83f0661b8b98" />
    <UnitTestResult executionId="c37eccb3-36b0-42c0-ad27-b2b9b41083b8" testId="268f8c76-8e04-1ccb-6c30-e5de5775b284" testName="AIVTuber.Tests.AvatarStateMachineTests.MotionOverride_SurfacesWhileEmotionActive" computerName="NASHOR" duration="00:00:00.0040350" startTime="2026-07-19T15:40:17.5368156+08:00" endTime="2026-07-19T15:40:17.5493843+08:00" testType="13cdc9d9-ddb5-4fa4-a97d-d965ccfc6d4b" outcome="Passed" testListId="8c84fa94-04c1-424b-9868-57a2d4851a1d" relativeResultsDirectory="c37eccb3-36b0-42c0-ad27-b2b9b41083b8" />
    <UnitTestResult executionId="a6a220f0-f52c-4c99-8a46-f2da155c1071" testId="2d8ba394-71f2-b173-29a7-361942ce34ca" testName="AIVTuber.Tests.LifecycleConcurrencyVerificationTests.Dispose_IsIdempotentAndDoesNotDetachTheNextGeneration" computerName="NASHOR" duration="00:00:00.0004993" startTime="2026-07-19T15:40:17.5852609+08:00" endTime="2026-07-19T15:40:17.5856822+08:00" testType="13cdc9d9-ddb5-4fa4-a97d-d965ccfc6d4b" outcome="Passed" testListId="8c84fa94-04c1-424b-9868-57a2d4851a1d" relativeResultsDirectory="a6a220f0-f52c-4c99-8a46-f2da155c1071" />
    <UnitTestResult executionId="02caad6a-efd9-40a4-9e92-2746af2ea5eb" testId="f5a442e8-9704-b302-bef4-c4027b8b2cfa" testName="AIVTuber.Tests.LifecycleConcurrencyVerificationTests.Dispose_RacingWithEmissionLeavesNoPostDisposeDeliveries" computerName="NASHOR" duration="00:00:00.0075680" startTime="2026-07-19T15:40:17.5865909+08:00" endTime="2026-07-19T15:40:17.5993419+08:00" testType="13cdc9d9-ddb5-4fa4-a97d-d965ccfc6d4b" outcome="Passed" testListId="8c84fa94-04c1-424b-9868-57a2d4851a1d" relativeResultsDirectory="02caad6a-efd9-40a4-9e92-2746af2ea5eb" />
    <UnitTestResult executionId="12a057dc-873d-4647-b9ca-6f460ea9eee1" testId="705f1910-86ca-1650-7ea2-647f30667cde" testName="AIVTuber.Tests.BotRuntimeLifecycleTests.DisposeAsync_waits_for_supervised_background_tasks" computerName="NASHOR" duration="00:00:00.0619899" startTime="2026-07-19T15:40:17.5969360+08:00" endTime="2026-07-19T15:40:17.6582125+08:00" testType="13cdc9d9-ddb5-4fa4-a97d-d965ccfc6d4b" outcome="Passed" testListId="8c84fa94-04c1-424b-9868-57a2d4851a1d" relativeResultsDirectory="12a057dc-873d-4647-b9ca-6f460ea9eee1" />
    <UnitTestResult executionId="19c11453-5eec-4ff8-86e9-d49a8429acef" testId="c7b55fe5-517e-ee28-63bb-2958dba4c44c" testName="AIVTuber.Tests.MemoryQueryCoordinatorTests.FailedDelete_ReportsAFactErrorWithoutEscapingTheUiOperation" computerName="NASHOR" duration="00:00:00.0010921" startTime="2026-07-19T15:40:17.6417618+08:00" endTime="2026-07-19T15:40:17.6421717+08:00" testType="13cdc9d9-ddb5-4fa4-a97d-d965ccfc6d4b" outcome="Passed" testListId="8c84fa94-04c1-424b-9868-57a2d4851a1d" relativeResultsDirectory="19c11453-5eec-4ff8-86e9-d49a8429acef" />
    <UnitTestResult executionId="c5b211ed-dfa0-4393-b15d-9e8bc7335c23" testId="ea2bed10-3429-3198-d132-efcacb144db9" testName="AIVTuber.Tests.ConversationManagerTests.AddAssistantMessage_IncreasesHistory" computerName="NASHOR" duration="00:00:00.0002758" startTime="2026-07-19T15:40:17.5444685+08:00" endTime="2026-07-19T15:40:17.5464611+08:00" testType="13cdc9d9-ddb5-4fa4-a97d-d965ccfc6d4b" outcome="Passed" testListId="8c84fa94-04c1-424b-9868-57a2d4851a1d" relativeResultsDirectory="c5b211ed-dfa0-4393-b15d-9e8bc7335c23" />
    <UnitTestResult executionId="79136460-6aa4-43fd-aeb9-fa0ed6cf5d2d" testId="aa91ca67-b7c8-cd7d-6eac-b75c11be51f2" testName="AIVTuber.Tests.VadDetectorTests.Constructor_WithValidParameters" computerName="NASHOR" duration="00:00:00.0004194" startTime="2026-07-19T15:40:17.5315056+08:00" endTime="2026-07-19T15:40:17.5319867+08:00" testType="13cdc9d9-ddb5-4fa4-a97d-d965ccfc6d4b" outcome="Passed" testListId="8c84fa94-04c1-424b-9868-57a2d4851a1d" relativeResultsDirectory="79136460-6aa4-43fd-aeb9-fa0ed6cf5d2d" />
    <UnitTestResult executionId="a68d9ee4-e248-481f-bdba-03e09895732f" testId="d8fbb16e-1038-31e3-20c9-9850ae039cc5" testName="AIVTuber.Tests.AvatarStateMachineTests.Mouth_DebouncePreventsImmediateFallback" computerName="NASHOR" duration="00:00:00.0201652" startTime="2026-07-19T15:40:17.4156751+08:00" endTime="2026-07-19T15:40:17.5079313+08:00" testType="13cdc9d9-ddb5-4fa4-a97d-d965ccfc6d4b" outcome="Passed" testListId="8c84fa94-04c1-424b-9868-57a2d4851a1d" relativeResultsDirectory="a68d9ee4-e248-481f-bdba-03e09895732f" />
    <UnitTestResult executionId="aee38d7c-a8cb-4fcd-9f62-21d97298253c" testId="f0575d05-8323-82e3-8dfa-539175b54aa7" testName="AIVTuber.Tests.ThemeServiceTests.ThemeService_StartsDark_AndTogglesBetweenThemes" computerName="NASHOR" duration="00:00:00.0006838" startTime="2026-07-19T15:40:17.5147785+08:00" endTime="2026-07-19T15:40:17.5149294+08:00" testType="13cdc9d9-ddb5-4fa4-a97d-d965ccfc6d4b" outcome="Passed" testListId="8c84fa94-04c1-424b-9868-57a2d4851a1d" relativeResultsDirectory="aee38d7c-a8cb-4fcd-9f62-21d97298253c" />
    <UnitTestResult executionId="f2c48e0b-0f70-4a65-879b-4dbdd80a7981" testId="d9d27753-830f-73a1-990c-dce6d4ace17d" testName="AIVTuber.Tests.AvatarStateMachineTests.Priority_EmotionBeatsMouth" computerName="NASHOR" duration="00:00:00.0011624" startTime="2026-07-19T15:40:17.5113403+08:00" endTime="2026-07-19T15:40:17.5130244+08:00" testType="13cdc9d9-ddb5-4fa4-a97d-d965ccfc6d4b" outcome="Passed" testListId="8c84fa94-04c1-424b-9868-57a2d4851a1d" relativeResultsDirectory="f2c48e0b-0f70-4a65-879b-4dbdd80a7981" />
    <UnitTestResult executionId="2e271e75-c01d-4b59-85f3-3c699cb1385b" testId="928517b8-d964-db04-40c3-8a42be50e7d8" testName="AIVTuber.Tests.RequestCoordinatorTests.Priority_RejectsUnknownSource" computerName="NASHOR" duration="00:00:00.0004100" startTime="2026-07-19T15:40:17.6300592+08:00" endTime="2026-07-19T15:40:17.6322583+08:00" testType="13cdc9d9-ddb5-4fa4-a97d-d965ccfc6d4b" outcome="Passed" testListId="8c84fa94-04c1-424b-9868-57a2d4851a1d" relativeResultsDirectory="2e271e75-c01d-4b59-85f3-3c699cb1385b" />
    <UnitTestResult executionId="3604518f-5f59-4f03-95a6-5c37e3f9f123" testId="86cc3e90-c747-47c3-29de-f876530d834d" testName="AIVTuber.Tests.ActionStreamingTests.Parser_HandlesActionSplitAcrossEveryChunkBoundary" computerName="NASHOR" duration="00:00:00.0008062" startTime="2026-07-19T15:40:17.6019848+08:00" endTime="2026-07-19T15:40:17.6079990+08:00" testType="13cdc9d9-ddb5-4fa4-a97d-d965ccfc6d4b" outcome="Passed" testListId="8c84fa94-04c1-424b-9868-57a2d4851a1d" relativeResultsDirectory="3604518f-5f59-4f03-95a6-5c37e3f9f123" />
    <UnitTestResult executionId="3bc17ebe-dd9e-4c2c-aaab-28c0a4201b6d" testId="d559f2d8-756e-9c95-45c5-9ca22b71d9f0" testName="AIVTuber.Tests.DanmakuSelectorTests.TrySelectNextAsync_PrefersQuestion" computerName="NASHOR" duration="00:00:00.0011561" startTime="2026-07-19T15:40:17.5266211+08:00" endTime="2026-07-19T15:40:17.5271455+08:00" testType="13cdc9d9-ddb5-4fa4-a97d-d965ccfc6d4b" outcome="Passed" testListId="8c84fa94-04c1-424b-9868-57a2d4851a1d" relativeResultsDirectory="3bc17ebe-dd9e-4c2c-aaab-28c0a4201b6d" />
    <UnitTestResult executionId="53409e1e-5830-46ac-9ea1-2203539fed74" testId="c2f941f2-e276-f7c6-6ea7-2f3f61922e17" testName="AIVTuber.Tests.MonitorViewModelTests.ProgrammaticScroll_DoesNotPauseFollowing_ButLaterUserScrollDoes" computerName="NASHOR" duration="00:00:00.0001963" startTime="2026-07-19T15:40:17.6584434+08:00" endTime="2026-07-19T15:40:17.6585025+08:00" testType="13cdc9d9-ddb5-4fa4-a97d-d965ccfc6d4b" outcome="Passed" testListId="8c84fa94-04c1-424b-9868-57a2d4851a1d" relativeResultsDirectory="53409e1e-5830-46ac-9ea1-2203539fed74" />
    <UnitTestResult executionId="22258f98-a18a-44f5-af3d-8961be9d2d0b" testId="3e37cee5-2072-fb52-7ef3-5752a966667f" testName="AIVTuber.Tests.AsrSidecarTests.Health_contract_requires_explicit_ready(status: &quot;unexpected&quot;, expected: Unknown, expectedReady: False)" computerName="NASHOR" duration="00:00:00.0000851" startTime="2026-07-19T15:40:17.6535180+08:00" endTime="2026-07-19T15:40:17.6536274+08:00" testType="13cdc9d9-ddb5-4fa4-a97d-d965ccfc6d4b" outcome="Passed" testListId="8c84fa94-04c1-424b-9868-57a2d4851a1d" relativeResultsDirectory="22258f98-a18a-44f5-af3d-8961be9d2d0b" />
    <UnitTestResult executionId="2f58af41-084c-4693-95ff-ff3b7934c3cd" testId="31ef90d4-fadb-9c8c-be13-6e50689ba91b" testName="AIVTuber.Tests.ViewerRepositoryTests.UpsertAsync_InsertsNewViewer" computerName="NASHOR" duration="00:00:00.0166814" startTime="2026-07-19T15:40:17.4177027+08:00" endTime="2026-07-19T15:40:17.6596089+08:00" testType="13cdc9d9-ddb5-4fa4-a97d-d965ccfc6d4b" outcome="Passed" testListId="8c84fa94-04c1-424b-9868-57a2d4851a1d" relativeResultsDirectory="2f58af41-084c-4693-95ff-ff3b7934c3cd" />
    <UnitTestResult executionId="a40a22a3-5e2d-4eeb-bf25-8f3fe1e94751" testId="47dc8bd0-d6fb-a542-4d98-10c5f9cca86a" testName="AIVTuber.Tests.TtsClientTests.BuildMiniMaxRequestJson_HasVoiceAndAudioSettings" computerName="NASHOR" duration="00:00:00.0005730" startTime="2026-07-19T15:40:17.6148703+08:00" endTime="2026-07-19T15:40:17.6152898+08:00" testType="13cdc9d9-ddb5-4fa4-a97d-d965ccfc6d4b" outcome="Passed" testListId="8c84fa94-04c1-424b-9868-57a2d4851a1d" relativeResultsDirectory="a40a22a3-5e2d-4eeb-bf25-8f3fe1e94751" />
    <UnitTestResult executionId="c1080b3a-6abb-49df-b739-e1978a44a09f" testId="b5b29c8e-1bfd-a15d-a51d-01cffd9201ac" testName="AIVTuber.Tests.AvatarStateMachineTests.Emotion_ExpiresBackToNeutralOrMouth" computerName="NASHOR" duration="00:00:00.0003222" startTime="2026-07-19T15:40:17.5625266+08:00" endTime="2026-07-19T15:40:17.5630253+08:00" testType="13cdc9d9-ddb5-4fa4-a97d-d965ccfc6d4b" outcome="Passed" testListId="8c84fa94-04c1-424b-9868-57a2d4851a1d" relativeResultsDirectory="c1080b3a-6abb-49df-b739-e1978a44a09f" />
    <UnitTestResult executionId="a86916b8-28a6-4669-8be8-aff2faeaefd0" testId="1d3bfece-2dd0-226d-ea70-639f0b5ec947" testName="AIVTuber.Tests.LoopbackCaptureTests.ListDevices_ReturnsArray" computerName="NASHOR" duration="00:00:05.0882398" startTime="2026-07-19T15:40:17.5285773+08:00" endTime="2026-07-19T15:40:22.4540247+08:00" testType="13cdc9d9-ddb5-4fa4-a97d-d965ccfc6d4b" outcome="Passed" testListId="8c84fa94-04c1-424b-9868-57a2d4851a1d" relativeResultsDirectory="a86916b8-28a6-4669-8be8-aff2faeaefd0" />
    <UnitTestResult executionId="8a79c52a-aab5-4609-b622-4000f3de4fc1" testId="2ee9f7c9-4228-cd71-72ee-c4ab8c4c2506" testName="AIVTuber.Tests.RequestCoordinatorTests.Loopback_IsDroppedWhileAnotherRequestIsBusy" computerName="NASHOR" duration="00:00:00.0054678" startTime="2026-07-19T15:40:17.6333086+08:00" endTime="2026-07-19T15:40:17.6355402+08:00" testType="13cdc9d9-ddb5-4fa4-a97d-d965ccfc6d4b" outcome="Passed" testListId="8c84fa94-04c1-424b-9868-57a2d4851a1d" relativeResultsDirectory="8a79c52a-aab5-4609-b622-4000f3de4fc1" />
    <UnitTestResult executionId="f299fd84-f6da-4073-921b-645a4ed9cdf9" testId="aa1b5d15-d8d7-338a-384c-2865a359cf24" testName="AIVTuber.Tests.AudioPlayerTests.PlaybackFinished_CanSubscribe" computerName="NASHOR" duration="00:00:00.0005521" startTime="2026-07-19T15:40:17.5261235+08:00" endTime="2026-07-19T15:40:17.5266569+08:00" testType="13cdc9d9-ddb5-4fa4-a97d-d965ccfc6d4b" outcome="Passed" testListId="8c84fa94-04c1-424b-9868-57a2d4851a1d" relativeResultsDirectory="f299fd84-f6da-4073-921b-645a4ed9cdf9" />
    <UnitTestResult executionId="913e287f-0fa4-4008-97bd-e5c00cb773a5" testId="7eeb5109-7334-7477-1607-2924f46c5632" testName="AIVTuber.Tests.ConfigDiffContractTests.AsrAndTtsRuntimeField_MapsToExactChange(property: &quot;Asr.PythonPath&quot;, mutate: Action`1 { Method = Void &lt;get_AsrAndTtsRuntimeFields&gt;b__2_5(AIVTuber.Core.Config.AppConfig), Target = &lt;&gt;c { } }, expected: RebuildAsr)" computerName="NASHOR" duration="00:00:00.0002953" startTime="2026-07-19T15:40:17.5526844+08:00" endTime="2026-07-19T15:40:17.5527153+08:00" testType="13cdc9d9-ddb5-4fa4-a97d-d965ccfc6d4b" outcome="Passed" testListId="8c84fa94-04c1-424b-9868-57a2d4851a1d" relativeResultsDirectory="913e287f-0fa4-4008-97bd-e5c00cb773a5" />
    <UnitTestResult executionId="8c3f66a7-5811-4e61-af58-288565ff1129" testId="9409b596-9f70-7a2e-44ee-53507ae4786f" testName="AIVTuber.Tests.ConfigViewModelTests.Working_IsDeepCopy_NotSameInstance" computerName="NASHOR" duration="00:00:03.8106354" startTime="2026-07-19T15:41:08.4553786+08:00" endTime="2026-07-19T15:41:12.2655285+08:00" testType="13cdc9d9-ddb5-4fa4-a97d-d965ccfc6d4b" outcome="Passed" testListId="8c84fa94-04c1-424b-9868-57a2d4851a1d" relativeResultsDirectory="8c3f66a7-5811-4e61-af58-288565ff1129" />
    <UnitTestResult executionId="1e9aad13-029f-4924-92f9-0f72549cd8c0" testId="924fa9ac-8d2b-b273-5796-887ebda40d21" testName="AIVTuber.Tests.MicrophoneCaptureTests.ListDevices_ReturnsArray" computerName="NASHOR" duration="00:00:00.0933713" startTime="2026-07-19T15:40:17.6124047+08:00" endTime="2026-07-19T15:40:17.6691200+08:00" testType="13cdc9d9-ddb5-4fa4-a97d-d965ccfc6d4b" outcome="Passed" testListId="8c84fa94-04c1-424b-9868-57a2d4851a1d" relativeResultsDirectory="1e9aad13-029f-4924-92f9-0f72549cd8c0" />
    <UnitTestResult executionId="f555f99a-261c-4924-b682-aa3ee98efd62" testId="77949b1e-e110-0c46-1304-9fff19aaaa44" testName="AIVTuber.Tests.AudioPlayerTests.Stop_WhenNotPlaying_DoesNotThrow" computerName="NASHOR" duration="00:00:00.0061903" startTime="2026-07-19T15:40:17.4177322+08:00" endTime="2026-07-19T15:40:17.4528797+08:00" testType="13cdc9d9-ddb5-4fa4-a97d-d965ccfc6d4b" outcome="Passed" testListId="8c84fa94-04c1-424b-9868-57a2d4851a1d" relativeResultsDirectory="f555f99a-261c-4924-b682-aa3ee98efd62" />
    <UnitTestResult executionId="a34a548e-2dbf-47cb-b628-61a58251734f" testId="c5c48899-3eea-90ac-1aba-b92631f68343" testName="AIVTuber.Tests.AvatarStateMachineTests.Mouth_RaisesImmediately" computerName="NASHOR" duration="00:00:00.0002395" startTime="2026-07-19T15:40:17.5085950+08:00" endTime="2026-07-19T15:40:17.5102938+08:00" testType="13cdc9d9-ddb5-4fa4-a97d-d965ccfc6d4b" outcome="Passed" testListId="8c84fa94-04c1-424b-9868-57a2d4851a1d" relativeResultsDirectory="a34a548e-2dbf-47cb-b628-61a58251734f" />
    <UnitTestResult executionId="069693ff-26f1-4a5c-a248-e6cd5b50510d" testId="c2bcc68b-e454-9188-1db8-3a9ded3b9402" testName="AIVTuber.Tests.AsrSidecarTests.Readiness_fails_immediately_with_server_diagnostic" computerName="NASHOR" duration="00:00:00.0009830" startTime="2026-07-19T15:40:17.6602843+08:00" endTime="2026-07-19T15:40:17.6612483+08:00" testType="13cdc9d9-ddb5-4fa4-a97d-d965ccfc6d4b" outcome="Passed" testListId="8c84fa94-04c1-424b-9868-57a2d4851a1d" relativeResultsDirectory="069693ff-26f1-4a5c-a248-e6cd5b50510d" />
    <UnitTestResult executionId="55813e2c-5a2f-488d-ba8a-6791c31b9e41" testId="c1a9ea61-31aa-5483-c905-bdef5b07f2e1" testName="AIVTuber.Tests.ActionStreamingTests.Parser_DropsMalformedOrTruncatedActionTags(input: &quot;你好[action:wave&quot;, expected: &quot;你好&quot;)" computerName="NASHOR" duration="00:00:00.0000302" startTime="2026-07-19T15:40:17.6014662+08:00" endTime="2026-07-19T15:40:17.6014948+08:00" testType="13cdc9d9-ddb5-4fa4-a97d-d965ccfc6d4b" outcome="Passed" testListId="8c84fa94-04c1-424b-9868-57a2d4851a1d" relativeResultsDirectory="55813e2c-5a2f-488d-ba8a-6791c31b9e41" />
    <UnitTestResult executionId="aa9b1118-decf-479b-8bb3-a902b9aea852" testId="74cc4750-6f62-448f-1f05-5abb26f8357c" testName="AIVTuber.Tests.BotOrchestratorLifecycleTests.Disposed_orchestrator_no_longer_forwards_publisher_events" computerName="NASHOR" duration="00:00:00.0005149" startTime="2026-07-19T15:40:17.6137575+08:00" endTime="2026-07-19T15:40:17.6139855+08:00" testType="13cdc9d9-ddb5-4fa4-a97d-d965ccfc6d4b" outcome="Passed" testListId="8c84fa94-04c1-424b-9868-57a2d4851a1d" relativeResultsDirectory="aa9b1118-decf-479b-8bb3-a902b9aea852" />
    <UnitTestResult executionId="b33323a8-cfbb-49e4-ab83-8bc342bb32e5" testId="a3d24f33-cf13-f4b3-a24f-1c77506dac55" testName="AIVTuber.Tests.VtsProtocolTests.BuildMessage_EmptyDataSerializesEmptyObject" computerName="NASHOR" duration="00:00:00.0006794" startTime="2026-07-19T15:40:17.5935229+08:00" endTime="2026-07-19T15:40:17.5950374+08:00" testType="13cdc9d9-ddb5-4fa4-a97d-d965ccfc6d4b" outcome="Passed" testListId="8c84fa94-04c1-424b-9868-57a2d4851a1d" relativeResultsDirectory="b33323a8-cfbb-49e4-ab83-8bc342bb32e5" />
    <UnitTestResult executionId="b2458336-fe1b-43e8-848f-8f1f754d01d3" testId="575ebb05-e853-eeb6-500a-d0277b6e238e" testName="AIVTuber.Tests.AvatarStateMachineTests.Sticker_PopScaleAboveBaseDuringInAnimation" computerName="NASHOR" duration="00:00:00.0002925" startTime="2026-07-19T15:40:17.5651319+08:00" endTime="2026-07-19T15:40:17.5666506+08:00" testType="13cdc9d9-ddb5-4fa4-a97d-d965ccfc6d4b" outcome="Passed" testListId="8c84fa94-04c1-424b-9868-57a2d4851a1d" relativeResultsDirectory="b2458336-fe1b-43e8-848f-8f1f754d01d3" />
    <UnitTestResult executionId="a432d4a2-9e43-42f8-bc8a-3f3b996af530" testId="c1386e94-5c3c-62b5-b2d7-1f9dfcffd424" testName="AIVTuber.Tests.SqliteUpgradeFixtureTests.LegacyViewer_CanBeReadAndWrittenBack" computerName="NASHOR" duration="00:00:00.0115663" startTime="2026-07-19T15:40:17.6715328+08:00" endTime="2026-07-19T15:40:17.6719054+08:00" testType="13cdc9d9-ddb5-4fa4-a97d-d965ccfc6d4b" outcome="Passed" testListId="8c84fa94-04c1-424b-9868-57a2d4851a1d" relativeResultsDirectory="a432d4a2-9e43-42f8-bc8a-3f3b996af530" />
    <UnitTestResult executionId="572dbc21-756e-4e0e-9ee6-bb51d5c7906d" testId="52b4f470-4fcd-eef2-a0d2-c2e5395db414" testName="AIVTuber.Tests.PipelineStateTrackerTests.VoiceFlow_ComputesAsrLlmAndTtsLatency" computerName="NASHOR" duration="00:00:00.0313877" startTime="2026-07-19T15:40:17.5773082+08:00" endTime="2026-07-19T15:40:17.5957399+08:00" testType="13cdc9d9-ddb5-4fa4-a97d-d965ccfc6d4b" outcome="Passed" testListId="8c84fa94-04c1-424b-9868-57a2d4851a1d" relativeResultsDirectory="572dbc21-756e-4e0e-9ee6-bb51d5c7906d" />
    <UnitTestResult executionId="f029cc2d-590b-4077-aaa4-8caf67abc4b6" testId="f5bdb04f-97e7-7a10-90d4-17178721339a" testName="AIVTuber.Tests.ConfigManagerTests.Load_ReadsExistingConfig" computerName="NASHOR" duration="00:00:00.0039733" startTime="2026-07-19T15:40:17.6632837+08:00" endTime="2026-07-19T15:40:17.6642302+08:00" testType="13cdc9d9-ddb5-4fa4-a97d-d965ccfc6d4b" outcome="Passed" testListId="8c84fa94-04c1-424b-9868-57a2d4851a1d" relativeResultsDirectory="f029cc2d-590b-4077-aaa4-8caf67abc4b6" />
    <UnitTestResult executionId="8468d09b-d400-4f50-a0f2-3340085240d4" testId="4182d058-d856-49bd-9060-8c0411ff318e" testName="AIVTuber.Tests.LlmClientTests.ContainsSentenceBoundary_Newline" computerName="NASHOR" duration="00:00:00.0019182" startTime="2026-07-19T15:40:17.5490447+08:00" endTime="2026-07-19T15:40:17.5536869+08:00" testType="13cdc9d9-ddb5-4fa4-a97d-d965ccfc6d4b" outcome="Passed" testListId="8c84fa94-04c1-424b-9868-57a2d4851a1d" relativeResultsDirectory="8468d09b-d400-4f50-a0f2-3340085240d4" />
    <UnitTestResult executionId="51ff25bf-dda0-4a70-8e7d-c361ba70d647" testId="4cf1ec20-eac7-7a91-2e90-60d5a36552e7" testName="AIVTuber.Tests.HostileCoordinatorVerificationTests.ConsumerFault_IsObservedAndDoesNotPoisonNextRequest" computerName="NASHOR" duration="00:00:00.0042249" startTime="2026-07-19T15:40:17.6392050+08:00" endTime="2026-07-19T15:40:17.6409983+08:00" testType="13cdc9d9-ddb5-4fa4-a97d-d965ccfc6d4b" outcome="Passed" testListId="8c84fa94-04c1-424b-9868-57a2d4851a1d" relativeResultsDirectory="51ff25bf-dda0-4a70-8e7d-c361ba70d647" />
    <UnitTestResult executionId="95ed0788-42a2-4712-9fc1-e888ec10747d" testId="23a56230-fcd4-9387-1e4e-ef7cdef0da23" testName="AIVTuber.Tests.VtsProtocolTests.BuildMessage_HasCorrectEnvelope" computerName="NASHOR" duration="00:00:00.0006005" startTime="2026-07-19T15:40:17.5953573+08:00" endTime="2026-07-19T15:40:17.5964070+08:00" testType="13cdc9d9-ddb5-4fa4-a97d-d965ccfc6d4b" outcome="Passed" testListId="8c84fa94-04c1-424b-9868-57a2d4851a1d" relativeResultsDirectory="95ed0788-42a2-4712-9fc1-e888ec10747d" />
    <UnitTestResult executionId="5266554b-23fe-4557-9afe-aa7cd9066941" testId="64c39a3c-8438-0f40-7890-2eef42e31629" testName="AIVTuber.Tests.MicrophoneCaptureTests.Stop_WhenNotStarted_DoesNotThrow" computerName="NASHOR" duration="00:00:00.0015215" startTime="2026-07-19T15:40:17.6110593+08:00" endTime="2026-07-19T15:40:17.6120230+08:00" testType="13cdc9d9-ddb5-4fa4-a97d-d965ccfc6d4b" outcome="Passed" testListId="8c84fa94-04c1-424b-9868-57a2d4851a1d" relativeResultsDirectory="5266554b-23fe-4557-9afe-aa7cd9066941" />
    <UnitTestResult executionId="204b8b42-1046-4d34-9db7-0c515e6b1d93" testId="69a8331c-8006-53b8-a575-698b5ab86530" testName="AIVTuber.Tests.ConfigViewModelTests.RemovedMappingRow_NoLongerRaisesDraftNotifications" computerName="NASHOR" duration="00:00:03.8070892" startTime="2026-07-19T15:40:45.4505650+08:00" endTime="2026-07-19T15:40:49.2571907+08:00" testType="13cdc9d9-ddb5-4fa4-a97d-d965ccfc6d4b" outcome="Passed" testListId="8c84fa94-04c1-424b-9868-57a2d4851a1d" relativeResultsDirectory="204b8b42-1046-4d34-9db7-0c515e6b1d93" />
    <UnitTestResult executionId="798a7cd6-32b6-4678-b345-1631c8042298" testId="f56b1325-b527-7b66-428e-3e6e9ebe569e" testName="AIVTuber.Tests.LifecycleConcurrencyVerificationTests.Dispose_RemovesEverySharedLlmSubscription" computerName="NASHOR" duration="00:00:00.0005364" startTime="2026-07-19T15:40:17.5833438+08:00" endTime="2026-07-19T15:40:17.5845399+08:00" testType="13cdc9d9-ddb5-4fa4-a97d-d965ccfc6d4b" outcome="Passed" testListId="8c84fa94-04c1-424b-9868-57a2d4851a1d" relativeResultsDirectory="798a7cd6-32b6-4678-b345-1631c8042298" />
    <UnitTestResult executionId="d207a213-388a-4448-ab5f-82718d96aec0" testId="84660676-95cf-b351-7d70-80efe6006049" testName="AIVTuber.Tests.LoopbackCaptureTests.Stop_WhenNotStarted_DoesNotThrow" computerName="NASHOR" duration="00:00:00.0001566" startTime="2026-07-19T15:40:22.4551597+08:00" endTime="2026-07-19T15:40:22.4552311+08:00" testType="13cdc9d9-ddb5-4fa4-a97d-d965ccfc6d4b" outcome="Passed" testListId="8c84fa94-04c1-424b-9868-57a2d4851a1d" relativeResultsDirectory="d207a213-388a-4448-ab5f-82718d96aec0" />
    <UnitTestResult executionId="e386d03e-7be4-421f-b3e1-708a657cedb0" testId="8f8d6b18-8212-e83b-b1fd-2eaf7ceb1673" testName="AIVTuber.Tests.ConfigDiffTests.NoChange_ReturnsNone" computerName="NASHOR" duration="00:00:00.0001646" startTime="2026-07-19T15:40:17.5838127+08:00" endTime="2026-07-19T15:40:17.5838465+08:00" testType="13cdc9d9-ddb5-4fa4-a97d-d965ccfc6d4b" outcome="Passed" testListId="8c84fa94-04c1-424b-9868-57a2d4851a1d" relativeResultsDirectory="e386d03e-7be4-421f-b3e1-708a657cedb0" />
    <UnitTestResult executionId="ddd0d7b3-b750-4720-8559-1398d30bfcdc" testId="64758f93-c318-e50e-9c4e-c463274f6e3d" testName="AIVTuber.Tests.ConfigManagerTests.Load_PrefersExplicitEnableLoopbackListen_OverLegacyUseLoopback" computerName="NASHOR" duration="00:00:00.0119308" startTime="2026-07-19T15:40:17.6619924+08:00" endTime="2026-07-19T15:40:17.6622207+08:00" testType="13cdc9d9-ddb5-4fa4-a97d-d965ccfc6d4b" outcome="Passed" testListId="8c84fa94-04c1-424b-9868-57a2d4851a1d" relativeResultsDirectory="ddd0d7b3-b750-4720-8559-1398d30bfcdc" />
    <UnitTestResult executionId="02fa01f4-3ffe-4404-951f-d55a91c236b2" testId="07932b40-17d0-6b31-8bf2-20c37f699c06" testName="AIVTuber.Tests.MotionEngineTests.Sink_HoldsWhileOverrideActive" computerName="NASHOR" duration="00:00:00.0006043" startTime="2026-07-19T15:40:17.6289381+08:00" endTime="2026-07-19T15:40:17.6311536+08:00" testType="13cdc9d9-ddb5-4fa4-a97d-d965ccfc6d4b" outcome="Passed" testListId="8c84fa94-04c1-424b-9868-57a2d4851a1d" relativeResultsDirectory="02fa01f4-3ffe-4404-951f-d55a91c236b2" />
    <UnitTestResult executionId="92e18f7f-749a-4df6-83cc-e061aa7db901" testId="1b889233-ef44-8a86-add6-f138abcad820" testName="AIVTuber.Tests.ConfigViewModelTests.SaveAsync_ApplyFails_StillSaves_AndReportsError" computerName="NASHOR" duration="00:00:03.8123803" startTime="2026-07-19T15:40:30.1526540+08:00" endTime="2026-07-19T15:40:33.9644964+08:00" testType="13cdc9d9-ddb5-4fa4-a97d-d965ccfc6d4b" outcome="Passed" testListId="8c84fa94-04c1-424b-9868-57a2d4851a1d" relativeResultsDirectory="92e18f7f-749a-4df6-83cc-e061aa7db901" />
    <UnitTestResult executionId="b8c4431c-2493-4984-9709-de2de52dd573" testId="3b307ba9-5f27-6951-31d7-d53cd242d080" testName="AIVTuber.Tests.ConfigDiffTests.MemoryExtractInterval_Light_ButDbPath_Heavy" computerName="NASHOR" duration="00:00:00.0004590" startTime="2026-07-19T15:40:17.5806634+08:00" endTime="2026-07-19T15:40:17.5808590+08:00" testType="13cdc9d9-ddb5-4fa4-a97d-d965ccfc6d4b" outcome="Passed" testListId="8c84fa94-04c1-424b-9868-57a2d4851a1d" relativeResultsDirectory="b8c4431c-2493-4984-9709-de2de52dd573" />
    <UnitTestResult executionId="07c2ee4e-45fb-4fab-8717-2d59f4daf51c" testId="b5703555-409a-9f7f-c96e-ea984c9edc1e" testName="AIVTuber.Tests.AsrSidecarTests.Health_contract_requires_explicit_ready(status: &quot;ready&quot;, expected: Ready, expectedReady: True)" computerName="NASHOR" duration="00:00:00.0007828" startTime="2026-07-19T15:40:17.6505917+08:00" endTime="2026-07-19T15:40:17.6516026+08:00" testType="13cdc9d9-ddb5-4fa4-a97d-d965ccfc6d4b" outcome="Passed" testListId="8c84fa94-04c1-424b-9868-57a2d4851a1d" relativeResultsDirectory="07c2ee4e-45fb-4fab-8717-2d59f4daf51c" />
    <UnitTestResult executionId="5e8f9ae4-c1be-40db-a709-41838f748555" testId="73257ee5-6511-c637-031f-f43c37480310" testName="AIVTuber.Tests.LifecycleConcurrencyVerificationTests.RewireTwentyTimes_LeavesOnlyLiveSharedSubscriptions" computerName="NASHOR" duration="00:00:00.0448973" startTime="2026-07-19T15:40:17.5464340+08:00" endTime="2026-07-19T15:40:17.5787127+08:00" testType="13cdc9d9-ddb5-4fa4-a97d-d965ccfc6d4b" outcome="Passed" testListId="8c84fa94-04c1-424b-9868-57a2d4851a1d" relativeResultsDirectory="5e8f9ae4-c1be-40db-a709-41838f748555" />
    <UnitTestResult executionId="5f647772-6921-4ed6-ad4b-b903ad2dce4e" testId="18591208-5276-f13d-9b3c-2675b0f64013" testName="AIVTuber.Tests.MotionEngineTests.Alpha_DefaultsToOne" computerName="NASHOR" duration="00:00:00.0002569" startTime="2026-07-19T15:40:17.6224392+08:00" endTime="2026-07-19T15:40:17.6226805+08:00" testType="13cdc9d9-ddb5-4fa4-a97d-d965ccfc6d4b" outcome="Passed" testListId="8c84fa94-04c1-424b-9868-57a2d4851a1d" relativeResultsDirectory="5f647772-6921-4ed6-ad4b-b903ad2dce4e" />
    <UnitTestResult executionId="b5156731-9250-434e-aca8-c72641f8d762" testId="b30057c4-930c-3727-74ea-1a4a1bd94f48" testName="AIVTuber.Tests.InterfaceTests.ITtsClient_InterfaceExists" computerName="NASHOR" duration="00:00:00.0001188" startTime="2026-07-19T15:40:17.4922405+08:00" endTime="2026-07-19T15:40:17.4952656+08:00" testType="13cdc9d9-ddb5-4fa4-a97d-d965ccfc6d4b" outcome="Passed" testListId="8c84fa94-04c1-424b-9868-57a2d4851a1d" relativeResultsDirectory="b5156731-9250-434e-aca8-c72641f8d762" />
    <UnitTestResult executionId="bf9cfc36-9782-497b-a9a7-4fd458a292d3" testId="c710376a-7158-e2a1-0d1d-b351be2731c4" testName="AIVTuber.Tests.TtsClientTests.Constructor_SetsProvider" computerName="NASHOR" duration="00:00:00.0006066" startTime="2026-07-19T15:40:17.6156849+08:00" endTime="2026-07-19T15:40:17.6157292+08:00" testType="13cdc9d9-ddb5-4fa4-a97d-d965ccfc6d4b" outcome="Passed" testListId="8c84fa94-04c1-424b-9868-57a2d4851a1d" relativeResultsDirectory="bf9cfc36-9782-497b-a9a7-4fd458a292d3" />
    <UnitTestResult executionId="941a3fb8-ac50-4a47-9b66-f1b2f97ddf8c" testId="9473be15-394f-8337-283a-defd0081e4aa" testName="AIVTuber.Tests.AsrSidecarTests.Readiness_waits_through_loading_until_ready" computerName="NASHOR" duration="00:00:00.0017709" startTime="2026-07-19T15:40:17.6591852+08:00" endTime="2026-07-19T15:40:17.6592298+08:00" testType="13cdc9d9-ddb5-4fa4-a97d-d965ccfc6d4b" outcome="Passed" testListId="8c84fa94-04c1-424b-9868-57a2d4851a1d" relativeResultsDirectory="941a3fb8-ac50-4a47-9b66-f1b2f97ddf8c" />
    <UnitTestResult executionId="46c0e791-3cf9-43f4-9394-4729befa944b" testId="5eed46e9-86fb-57f9-1049-b0fe8731fcf8" testName="AIVTuber.Tests.WordPieceTokenizerTests.Tokenize_LowercasesInput" computerName="NASHOR" duration="00:00:00.0043814" startTime="2026-07-19T15:40:17.4904774+08:00" endTime="2026-07-19T15:40:17.5011055+08:00" testType="13cdc9d9-ddb5-4fa4-a97d-d965ccfc6d4b" outcome="Passed" testListId="8c84fa94-04c1-424b-9868-57a2d4851a1d" relativeResultsDirectory="46c0e791-3cf9-43f4-9394-4729befa944b" />
    <UnitTestResult executionId="b214c8f7-bae3-414b-846b-5415e9d5a93e" testId="e5d9c729-26dd-f821-4cb7-d4e96afa4769" testName="AIVTuber.Tests.PipelineStateTrackerTests.Started_GoesListening" computerName="NASHOR" duration="00:00:00.0002572" startTime="2026-07-19T15:40:17.6030197+08:00" endTime="2026-07-19T15:40:17.6061190+08:00" testType="13cdc9d9-ddb5-4fa4-a97d-d965ccfc6d4b" outcome="Passed" testListId="8c84fa94-04c1-424b-9868-57a2d4851a1d" relativeResultsDirectory="b214c8f7-bae3-414b-846b-5415e9d5a93e" />
    <UnitTestResult executionId="9c5c7136-fe25-47ed-9c41-38841d4deb79" testId="f79d753e-e261-a186-8a3a-d410b341aa98" testName="AIVTuber.Tests.VtsConfigTests.VtsConfig_CustomHost" computerName="NASHOR" duration="00:00:00.0003072" startTime="2026-07-19T15:40:17.5456626+08:00" endTime="2026-07-19T15:40:17.5468486+08:00" testType="13cdc9d9-ddb5-4fa4-a97d-d965ccfc6d4b" outcome="Passed" testListId="8c84fa94-04c1-424b-9868-57a2d4851a1d" relativeResultsDirectory="9c5c7136-fe25-47ed-9c41-38841d4deb79" />
    <UnitTestResult executionId="e42f0a79-2dc7-481b-94ea-46d7151c67ea" testId="eedda816-0f38-0bbe-ad59-97f4557ebd51" testName="AIVTuber.Tests.AvatarStateMachineTests.Emotion_LocksFace_NoMouthSwitch" computerName="NASHOR" duration="00:00:00.0032755" startTime="2026-07-19T15:40:17.5499929+08:00" endTime="2026-07-19T15:40:17.5590931+08:00" testType="13cdc9d9-ddb5-4fa4-a97d-d965ccfc6d4b" outcome="Passed" testListId="8c84fa94-04c1-424b-9868-57a2d4851a1d" relativeResultsDirectory="e42f0a79-2dc7-481b-94ea-46d7151c67ea" />
    <UnitTestResult executionId="48954564-256d-44b1-b2a6-940222da09ac" testId="27c0ee58-dea7-1387-41e2-e533e443e35a" testName="AIVTuber.Tests.WordPieceTokenizerTests.Encode_EmptyText_IsClsSepOnly" computerName="NASHOR" duration="00:00:00.0001984" startTime="2026-07-19T15:40:17.5059297+08:00" endTime="2026-07-19T15:40:17.5059947+08:00" testType="13cdc9d9-ddb5-4fa4-a97d-d965ccfc6d4b" outcome="Passed" testListId="8c84fa94-04c1-424b-9868-57a2d4851a1d" relativeResultsDirectory="48954564-256d-44b1-b2a6-940222da09ac" />
    <UnitTestResult executionId="df492ccc-f606-4ff8-880a-a53ebf4652c2" testId="7eeb5109-7334-7477-1607-2924f46c5632" testName="AIVTuber.Tests.ConfigDiffContractTests.AsrAndTtsRuntimeField_MapsToExactChange(property: &quot;Asr.LocalAsrUrl&quot;, mutate: Action`1 { Method = Void &lt;get_AsrAndTtsRuntimeFields&gt;b__2_4(AIVTuber.Core.Config.AppConfig), Target = &lt;&gt;c { } }, expected: RebuildAsr)" computerName="NASHOR" duration="00:00:00.0004163" startTime="2026-07-19T15:40:17.5515998+08:00" endTime="2026-07-19T15:40:17.5526262+08:00" testType="13cdc9d9-ddb5-4fa4-a97d-d965ccfc6d4b" outcome="Passed" testListId="8c84fa94-04c1-424b-9868-57a2d4851a1d" relativeResultsDirectory="df492ccc-f606-4ff8-880a-a53ebf4652c2" />
    <UnitTestResult executionId="6a7225df-df63-4f5d-9e02-ff5887ee6dfa" testId="42bdbf0f-0bf5-1470-910d-5de05fbd2078" testName="AIVTuber.Tests.ActionStreamingTests.Parser_DropsMalformedOrTruncatedActionTags(input: &quot;你好[action:wave\n继续。&quot;, expected: &quot;你好\n继续。&quot;)" computerName="NASHOR" duration="00:00:00.0006923" startTime="2026-07-19T15:40:17.5982758+08:00" endTime="2026-07-19T15:40:17.5986346+08:00" testType="13cdc9d9-ddb5-4fa4-a97d-d965ccfc6d4b" outcome="Passed" testListId="8c84fa94-04c1-424b-9868-57a2d4851a1d" relativeResultsDirectory="6a7225df-df63-4f5d-9e02-ff5887ee6dfa" />
    <UnitTestResult executionId="bce19eae-5a59-48c3-9592-c34ba08b3b2e" testId="fe15f453-7ef2-91e2-f0d8-f87fd4e132ea" testName="AIVTuber.Tests.DanmakuSelectorTests.TrySelectNextAsync_DropsExpiredMessages" computerName="NASHOR" duration="00:00:00.0012270" startTime="2026-07-19T15:40:17.5252549+08:00" endTime="2026-07-19T15:40:17.5261710+08:00" testType="13cdc9d9-ddb5-4fa4-a97d-d965ccfc6d4b" outcome="Passed" testListId="8c84fa94-04c1-424b-9868-57a2d4851a1d" relativeResultsDirectory="bce19eae-5a59-48c3-9592-c34ba08b3b2e" />
    <UnitTestResult executionId="bf8cb4c7-00e1-42e3-9283-543879bd3ed7" testId="7eeb5109-7334-7477-1607-2924f46c5632" testName="AIVTuber.Tests.ConfigDiffContractTests.AsrAndTtsRuntimeField_MapsToExactChange(property: &quot;Tts.GroupId&quot;, mutate: Action`1 { Method = Void &lt;get_AsrAndTtsRuntimeFields&gt;b__2_10(AIVTuber.Core.Config.AppConfig), Target = &lt;&gt;c { } }, expected: RebuildTts)" computerName="NASHOR" duration="00:00:00.0006258" startTime="2026-07-19T15:40:17.5562297+08:00" endTime="2026-07-19T15:40:17.5603575+08:00" testType="13cdc9d9-ddb5-4fa4-a97d-d965ccfc6d4b" outcome="Passed" testListId="8c84fa94-04c1-424b-9868-57a2d4851a1d" relativeResultsDirectory="bf8cb4c7-00e1-42e3-9283-543879bd3ed7" />
    <UnitTestResult executionId="b5359b8e-5eff-4219-a82c-d87128587886" testId="3de74221-1388-1d6c-6935-ff0562eac0a2" testName="AIVTuber.Tests.ConversationManagerTests.BuildMessages_WithoutSystemPrompt" computerName="NASHOR" duration="00:00:00.0119929" startTime="2026-07-19T15:40:17.4158695+08:00" endTime="2026-07-19T15:40:17.4530721+08:00" testType="13cdc9d9-ddb5-4fa4-a97d-d965ccfc6d4b" outcome="Passed" testListId="8c84fa94-04c1-424b-9868-57a2d4851a1d" relativeResultsDirectory="b5359b8e-5eff-4219-a82c-d87128587886" />
    <UnitTestResult executionId="3714f927-9495-4647-8dbe-119eb131f50a" testId="d066bb02-a811-0629-afa1-4869b50e18bd" testName="AIVTuber.Tests.ConfigSnapshotApplyTests.ConcurrentApplies_AreSerialized" computerName="NASHOR" duration="00:00:00.0080275" startTime="2026-07-19T15:40:17.6641601+08:00" endTime="2026-07-19T15:40:17.6647858+08:00" testType="13cdc9d9-ddb5-4fa4-a97d-d965ccfc6d4b" outcome="Passed" testListId="8c84fa94-04c1-424b-9868-57a2d4851a1d" relativeResultsDirectory="3714f927-9495-4647-8dbe-119eb131f50a" />
    <UnitTestResult executionId="84a0312a-2ff5-4ec1-831b-f3ad892eeb94" testId="c85281b3-a714-5d69-40db-eede501e808d" testName="AIVTuber.Tests.MotionEngineTests.Sway_ZeroAmp_MeansNoRotation" computerName="NASHOR" duration="00:00:00.0003044" startTime="2026-07-19T15:40:17.6337959+08:00" endTime="2026-07-19T15:40:17.6338442+08:00" testType="13cdc9d9-ddb5-4fa4-a97d-d965ccfc6d4b" outcome="Passed" testListId="8c84fa94-04c1-424b-9868-57a2d4851a1d" relativeResultsDirectory="84a0312a-2ff5-4ec1-831b-f3ad892eeb94" />
    <UnitTestResult executionId="5cd9bf82-6bb1-4045-9184-0e5ab045c548" testId="4cc7f816-4a48-70be-cf24-92be55891f18" testName="AIVTuber.Tests.DanmakuSelectorTests.TrySelectNextAsync_WhileSpeaking_DoesNotSelect" computerName="NASHOR" duration="00:00:00.0014878" startTime="2026-07-19T15:40:17.5359983+08:00" endTime="2026-07-19T15:40:17.5393192+08:00" testType="13cdc9d9-ddb5-4fa4-a97d-d965ccfc6d4b" outcome="Passed" testListId="8c84fa94-04c1-424b-9868-57a2d4851a1d" relativeResultsDirectory="5cd9bf82-6bb1-4045-9184-0e5ab045c548" />
    <UnitTestResult executionId="ea95f2dd-1f8b-47c6-93da-0c7fa7169a71" testId="d2cfc2eb-3c0a-9b40-4499-c2ab5bf1fdc5" testName="AIVTuber.Tests.ConversationManagerTests.Clear_EmptiesHistory" computerName="NASHOR" duration="00:00:00.0004321" startTime="2026-07-19T15:40:17.5477238+08:00" endTime="2026-07-19T15:40:17.5491125+08:00" testType="13cdc9d9-ddb5-4fa4-a97d-d965ccfc6d4b" outcome="Passed" testListId="8c84fa94-04c1-424b-9868-57a2d4851a1d" relativeResultsDirectory="ea95f2dd-1f8b-47c6-93da-0c7fa7169a71" />
    <UnitTestResult executionId="8d7dffb9-11cd-4135-b966-61d722fc46a5" testId="7f5aa893-bdbe-5115-4080-fe9c518ead50" testName="AIVTuber.Tests.HostileCoordinatorVerificationTests.CancelCurrentAsync_WaitsForCancelledCommandCleanup" computerName="NASHOR" duration="00:00:00.0056017" startTime="2026-07-19T15:40:17.6241603+08:00" endTime="2026-07-19T15:40:17.6344250+08:00" testType="13cdc9d9-ddb5-4fa4-a97d-d965ccfc6d4b" outcome="Passed" testListId="8c84fa94-04c1-424b-9868-57a2d4851a1d" relativeResultsDirectory="8d7dffb9-11cd-4135-b966-61d722fc46a5" />
    <UnitTestResult executionId="cd3530b5-c9af-4770-af7a-6da7b1c6d7dd" testId="637685da-a352-d058-b4b0-d6112ac0def3" testName="AIVTuber.Tests.TtsHotReloadTests.GroupIdChange_RebuildsTtsOnly" computerName="NASHOR" duration="00:00:00.0001867" startTime="2026-07-19T15:40:17.5950058+08:00" endTime="2026-07-19T15:40:17.5953771+08:00" testType="13cdc9d9-ddb5-4fa4-a97d-d965ccfc6d4b" outcome="Passed" testListId="8c84fa94-04c1-424b-9868-57a2d4851a1d" relativeResultsDirectory="cd3530b5-c9af-4770-af7a-6da7b1c6d7dd" />
    <UnitTestResult executionId="065e4dad-c43c-45bc-a2af-49edbccf5b2e" testId="8e6b6682-b0fc-6a61-b0e3-af667b7c154f" testName="AIVTuber.Tests.DanmakuSelectorTests.Enqueue_IncreasesCount" computerName="NASHOR" duration="00:00:00.0106925" startTime="2026-07-19T15:40:17.4173916+08:00" endTime="2026-07-19T15:40:17.4510175+08:00" testType="13cdc9d9-ddb5-4fa4-a97d-d965ccfc6d4b" outcome="Passed" testListId="8c84fa94-04c1-424b-9868-57a2d4851a1d" relativeResultsDirectory="065e4dad-c43c-45bc-a2af-49edbccf5b2e" />
    <UnitTestResult executionId="d46f4493-01d5-463c-a75b-82c4a38d310f" testId="d4ca92eb-02f6-259b-4af4-d336d6ba33a1" testName="AIVTuber.Tests.BotOrchestratorLifecycleTests.Disposed_orchestrator_is_collectible_while_publishers_remain_alive" computerName="NASHOR" duration="00:00:00.0162389" startTime="2026-07-19T15:40:17.5757320+08:00" endTime="2026-07-19T15:40:17.5812111+08:00" testType="13cdc9d9-ddb5-4fa4-a97d-d965ccfc6d4b" outcome="Passed" testListId="8c84fa94-04c1-424b-9868-57a2d4851a1d" relativeResultsDirectory="d46f4493-01d5-463c-a75b-82c4a38d310f" />
    <UnitTestResult executionId="38fd36dd-23fa-4e9a-8e8a-8f6190a06176" testId="615f5df8-c4ae-1c04-a13c-055203afc921" testName="AIVTuber.Tests.ConfigViewModelTests.SaveAsync_DropsReentrantCallWhileInFlight" computerName="NASHOR" duration="00:00:03.9571085" startTime="2026-07-19T15:41:00.6395918+08:00" endTime="2026-07-19T15:41:04.5962775+08:00" testType="13cdc9d9-ddb5-4fa4-a97d-d965ccfc6d4b" outcome="Passed" testListId="8c84fa94-04c1-424b-9868-57a2d4851a1d" relativeResultsDirectory="38fd36dd-23fa-4e9a-8e8a-8f6190a06176" />
    <UnitTestResult executionId="42d82960-4cf9-46ff-b551-c70ee703b88a" testId="c378e3a9-7376-a206-dc4e-7c2e2385759c" testName="AIVTuber.Tests.TtsHotReloadTests.NextDashScopeRequest_UsesNewModelAndSpeed" computerName="NASHOR" duration="00:00:00.0003942" startTime="2026-07-19T15:40:17.5957066+08:00" endTime="2026-07-19T15:40:17.5961017+08:00" testType="13cdc9d9-ddb5-4fa4-a97d-d965ccfc6d4b" outcome="Passed" testListId="8c84fa94-04c1-424b-9868-57a2d4851a1d" relativeResultsDirectory="42d82960-4cf9-46ff-b551-c70ee703b88a" />
    <UnitTestResult executionId="4463d532-f195-40f6-8299-88a26931e9b4" testId="59b794a5-e617-60e7-c4a1-2b8d6ba6c367" testName="AIVTuber.Tests.ObsConfigTests.ObsConfig_DefaultValues" computerName="NASHOR" duration="00:00:00.0002789" startTime="2026-07-19T15:40:17.5910685+08:00" endTime="2026-07-19T15:40:17.5926866+08:00" testType="13cdc9d9-ddb5-4fa4-a97d-d965ccfc6d4b" outcome="Passed" testListId="8c84fa94-04c1-424b-9868-57a2d4851a1d" relativeResultsDirectory="4463d532-f195-40f6-8299-88a26931e9b4" />
    <UnitTestResult executionId="a185128a-3192-4425-810d-a3675cba70e2" testId="0d179267-2db8-977b-9360-a6e38fa44dfa" testName="AIVTuber.Tests.DanmakuSelectorTests.TrySelectNextAsync_KeepsLosersInBacklog" computerName="NASHOR" duration="00:00:00.0067917" startTime="2026-07-19T15:40:17.4903603+08:00" endTime="2026-07-19T15:40:17.5122873+08:00" testType="13cdc9d9-ddb5-4fa4-a97d-d965ccfc6d4b" outcome="Passed" testListId="8c84fa94-04c1-424b-9868-57a2d4851a1d" relativeResultsDirectory="a185128a-3192-4425-810d-a3675cba70e2" />
    <UnitTestResult executionId="a95d1e7f-43c1-43a4-836b-d29d9b3e1afa" testId="7eeb5109-7334-7477-1607-2924f46c5632" testName="AIVTuber.Tests.ConfigDiffContractTests.AsrAndTtsRuntimeField_MapsToExactChange(property: &quot;Tts.Provider&quot;, mutate: Action`1 { Method = Void &lt;get_AsrAndTtsRuntimeFields&gt;b__2_6(AIVTuber.Core.Config.AppConfig), Target = &lt;&gt;c { } }, expected: RebuildTts)" computerName="NASHOR" duration="00:00:00.0003024" startTime="2026-07-19T15:40:17.5529152+08:00" endTime="2026-07-19T15:40:17.5547202+08:00" testType="13cdc9d9-ddb5-4fa4-a97d-d965ccfc6d4b" outcome="Passed" testListId="8c84fa94-04c1-424b-9868-57a2d4851a1d" relativeResultsDirectory="a95d1e7f-43c1-43a4-836b-d29d9b3e1afa" />
    <UnitTestResult executionId="fb3c99e7-3a09-4190-9c55-86160439e502" testId="1b651fbb-86f7-82fb-b4a0-6615de536af2" testName="AIVTuber.Tests.RequestCoordinatorTests.Priority_IsDeterministic(source: 2, expected: 2)" computerName="NASHOR" duration="00:00:00.0000109" startTime="2026-07-19T15:40:17.5894352+08:00" endTime="2026-07-19T15:40:17.5894621+08:00" testType="13cdc9d9-ddb5-4fa4-a97d-d965ccfc6d4b" outcome="Passed" testListId="8c84fa94-04c1-424b-9868-57a2d4851a1d" relativeResultsDirectory="fb3c99e7-3a09-4190-9c55-86160439e502" />
    <UnitTestResult executionId="d55c9e2b-d9ce-4f83-ab14-e387999ee2e2" testId="c6d2ad32-cb5f-d400-88ed-4c147267fb8a" testName="AIVTuber.Tests.ViewerRepositoryTests.IsRegularAsync_ReturnsTrueAfterThreshold" computerName="NASHOR" duration="00:00:00.0588605" startTime="2026-07-19T15:40:17.6723918+08:00" endTime="2026-07-19T15:40:17.7953302+08:00" testType="13cdc9d9-ddb5-4fa4-a97d-d965ccfc6d4b" outcome="Passed" testListId="8c84fa94-04c1-424b-9868-57a2d4851a1d" relativeResultsDirectory="d55c9e2b-d9ce-4f83-ab14-e387999ee2e2" />
    <UnitTestResult executionId="dc4a7793-caef-4670-80ed-f407578bdbdc" testId="974c6ec3-daf4-7ec3-aaa4-e46395851a12" testName="AIVTuber.Tests.BotOrchestratorLifecycleTests.Rewire_twenty_times_leaves_only_the_live_orchestrator_subscribed" computerName="NASHOR" duration="00:00:00.0192371" startTime="2026-07-19T15:40:17.5815437+08:00" endTime="2026-07-19T15:40:17.6073753+08:00" testType="13cdc9d9-ddb5-4fa4-a97d-d965ccfc6d4b" outcome="Passed" testListId="8c84fa94-04c1-424b-9868-57a2d4851a1d" relativeResultsDirectory="dc4a7793-caef-4670-80ed-f407578bdbdc" />
    <UnitTestResult executionId="cb4da940-f3ca-496c-821c-a9165496d396" testId="4e0102be-0c1b-03d0-7533-ad9fd77b8c0a" testName="AIVTuber.Tests.MotionEngineTests.Jump_PeaksThenReturns" computerName="NASHOR" duration="00:00:00.0004490" startTime="2026-07-19T15:40:17.6268420+08:00" endTime="2026-07-19T15:40:17.6268809+08:00" testType="13cdc9d9-ddb5-4fa4-a97d-d965ccfc6d4b" outcome="Passed" testListId="8c84fa94-04c1-424b-9868-57a2d4851a1d" relativeResultsDirectory="cb4da940-f3ca-496c-821c-a9165496d396" />
    <UnitTestResult executionId="76cf8afe-5c14-45bf-88ae-c3d447b435fd" testId="6220b48b-ec94-001a-d132-8ccc3162cbed" testName="AIVTuber.Tests.MonitorViewModelTests.MonitorLayout_ReflowsPanelsBelowSideBySideWidth" computerName="NASHOR" duration="00:00:00.0005832" startTime="2026-07-19T15:40:17.6461796+08:00" endTime="2026-07-19T15:40:17.6462102+08:00" testType="13cdc9d9-ddb5-4fa4-a97d-d965ccfc6d4b" outcome="Passed" testListId="8c84fa94-04c1-424b-9868-57a2d4851a1d" relativeResultsDirectory="76cf8afe-5c14-45bf-88ae-c3d447b435fd" />
    <UnitTestResult executionId="2e7c8b38-dc9d-475a-a56b-77141933616d" testId="7eeb5109-7334-7477-1607-2924f46c5632" testName="AIVTuber.Tests.ConfigDiffContractTests.AsrAndTtsRuntimeField_MapsToExactChange(property: &quot;Tts.ApiKey&quot;, mutate: Action`1 { Method = Void &lt;get_AsrAndTtsRuntimeFields&gt;b__2_7(AIVTuber.Core.Config.AppConfig), Target = &lt;&gt;c { } }, expected: RebuildTts)" computerName="NASHOR" duration="00:00:00.0002285" startTime="2026-07-19T15:40:17.5547808+08:00" endTime="2026-07-19T15:40:17.5548563+08:00" testType="13cdc9d9-ddb5-4fa4-a97d-d965ccfc6d4b" outcome="Passed" testListId="8c84fa94-04c1-424b-9868-57a2d4851a1d" relativeResultsDirectory="2e7c8b38-dc9d-475a-a56b-77141933616d" />
    <UnitTestResult executionId="de462a0e-9ea3-49a4-8b11-5c460622ac26" testId="96d0cd24-c809-6094-6f0d-722ea5c306ec" testName="AIVTuber.Tests.ConfigViewModelTests.SaveAsync_ApplyFailure_ReportsSavedButApplyFailedState" computerName="NASHOR" duration="00:00:03.7681364" startTime="2026-07-19T15:40:53.0169287+08:00" endTime="2026-07-19T15:40:56.7846489+08:00" testType="13cdc9d9-ddb5-4fa4-a97d-d965ccfc6d4b" outcome="Passed" testListId="8c84fa94-04c1-424b-9868-57a2d4851a1d" relativeResultsDirectory="de462a0e-9ea3-49a4-8b11-5c460622ac26" />
    <UnitTestResult executionId="a3e4d285-e52f-4fc6-86ec-dbda9325070e" testId="19d23d6f-02df-ca82-e527-68af68f6498e" testName="AIVTuber.Tests.MonitorViewModelTests.ProgrammaticScrollPolicy_IgnoresNonVerticalChanges" computerName="NASHOR" duration="00:00:00.0003507" startTime="2026-07-19T15:40:17.6472241+08:00" endTime="2026-07-19T15:40:17.6472654+08:00" testType="13cdc9d9-ddb5-4fa4-a97d-d965ccfc6d4b" outcome="Passed" testListId="8c84fa94-04c1-424b-9868-57a2d4851a1d" relativeResultsDirectory="a3e4d285-e52f-4fc6-86ec-dbda9325070e" />
    <UnitTestResult executionId="8a9a7436-8f93-48c9-ad84-18fecc54012e" testId="f460eccc-d872-d7fc-5445-e44aa42d9700" testName="AIVTuber.Tests.VtsProtocolTests.InjectParameterData_UsesModeAndParameterValuesArray" computerName="NASHOR" duration="00:00:00.1047168" startTime="2026-07-19T15:40:17.4174553+08:00" endTime="2026-07-19T15:40:17.5931699+08:00" testType="13cdc9d9-ddb5-4fa4-a97d-d965ccfc6d4b" outcome="Passed" testListId="8c84fa94-04c1-424b-9868-57a2d4851a1d" relativeResultsDirectory="8a9a7436-8f93-48c9-ad84-18fecc54012e" />
    <UnitTestResult executionId="b800fe57-6e7c-45fa-8e28-a66ab27b2ee9" testId="994e8857-c173-1f59-30b1-4dd3f0b79e19" testName="AIVTuber.Tests.MonitorViewModelTests.OperationalEvents_AreNewestFirstAndEvictOldestAtCapacity" computerName="NASHOR" duration="00:00:00.0328636" startTime="2026-07-19T15:40:17.6588344+08:00" endTime="2026-07-19T15:40:17.6644447+08:00" testType="13cdc9d9-ddb5-4fa4-a97d-d965ccfc6d4b" outcome="Passed" testListId="8c84fa94-04c1-424b-9868-57a2d4851a1d" relativeResultsDirectory="b800fe57-6e7c-45fa-8e28-a66ab27b2ee9" />
    <UnitTestResult executionId="0de09964-beaa-44c5-ac0a-503d8877dfee" testId="3587dfc1-645f-4050-2de9-dafa64e53df9" testName="AIVTuber.Tests.ConfigSnapshotApplyTests.Rollback_ReappliesLastKnownGoodAsNewRevision" computerName="NASHOR" duration="00:00:00.0068303" startTime="2026-07-19T15:40:17.6438225+08:00" endTime="2026-07-19T15:40:17.6448682+08:00" testType="13cdc9d9-ddb5-4fa4-a97d-d965ccfc6d4b" outcome="Passed" testListId="8c84fa94-04c1-424b-9868-57a2d4851a1d" relativeResultsDirectory="0de09964-beaa-44c5-ac0a-503d8877dfee" />
    <UnitTestResult executionId="3919856a-7d6e-4493-b817-c1e7d21a5c4c" testId="37ce8ecd-4b20-b342-9db3-8af7d82dbbd5" testName="AIVTuber.Tests.DanmakuSelectorTests.SetSpeaking_True_PausesSelection" computerName="NASHOR" duration="00:00:00.0003671" startTime="2026-07-19T15:40:17.5275909+08:00" endTime="2026-07-19T15:40:17.5278851+08:00" testType="13cdc9d9-ddb5-4fa4-a97d-d965ccfc6d4b" outcome="Passed" testListId="8c84fa94-04c1-424b-9868-57a2d4851a1d" relativeResultsDirectory="3919856a-7d6e-4493-b817-c1e7d21a5c4c" />
    <UnitTestResult executionId="73cfab44-c5f6-41a0-873d-1ed1d4bcb3d9" testId="5ebefb7a-0911-e7d6-b227-3d8b6180a940" testName="AIVTuber.Tests.TtsClientTests.ParseMiniMaxAudio_ThrowsOnNonZeroStatus" computerName="NASHOR" duration="00:00:00.0009640" startTime="2026-07-19T15:40:17.6197275+08:00" endTime="2026-07-19T15:40:17.6197839+08:00" testType="13cdc9d9-ddb5-4fa4-a97d-d965ccfc6d4b" outcome="Passed" testListId="8c84fa94-04c1-424b-9868-57a2d4851a1d" relativeResultsDirectory="73cfab44-c5f6-41a0-873d-1ed1d4bcb3d9" />
    <UnitTestResult executionId="cad847dd-a17f-4fed-82c2-4b8bd8f55e86" testId="16ec55f8-611c-b4cc-0eeb-1fff8db657fa" testName="AIVTuber.Tests.TtsHotReloadTests.SpeedChange_RebuildsTtsOnly" computerName="NASHOR" duration="00:00:00.0145784" startTime="2026-07-19T15:40:17.5050938+08:00" endTime="2026-07-19T15:40:17.5516747+08:00" testType="13cdc9d9-ddb5-4fa4-a97d-d965ccfc6d4b" outcome="Passed" testListId="8c84fa94-04c1-424b-9868-57a2d4851a1d" relativeResultsDirectory="cad847dd-a17f-4fed-82c2-4b8bd8f55e86" />
    <UnitTestResult executionId="4f3c9ab0-c8d0-484b-a9a4-a439253a583c" testId="ed4f5535-2b1d-c8da-ca23-a909df269e02" testName="AIVTuber.Tests.ConfigViewModelTests.Working_DeepCopies_EmotionMapDictionary" computerName="NASHOR" duration="00:00:05.0594551" startTime="2026-07-19T15:40:17.6079684+08:00" endTime="2026-07-19T15:40:22.5086213+08:00" testType="13cdc9d9-ddb5-4fa4-a97d-d965ccfc6d4b" outcome="Passed" testListId="8c84fa94-04c1-424b-9868-57a2d4851a1d" relativeResultsDirectory="4f3c9ab0-c8d0-484b-a9a4-a439253a583c" />
    <UnitTestResult executionId="c358d38f-fd41-48d8-810f-1fbf6e05db45" testId="b5ddf4bc-0bac-e8f6-c98f-9da5c79e2e63" testName="AIVTuber.Tests.ConfigViewModelTests.SaveAsync_RejectsEmptyAndDuplicateMappingAliases_BeforePersisting" computerName="NASHOR" duration="00:00:03.7591817" startTime="2026-07-19T15:40:49.2577290+08:00" endTime="2026-07-19T15:40:53.0163723+08:00" testType="13cdc9d9-ddb5-4fa4-a97d-d965ccfc6d4b" outcome="Passed" testListId="8c84fa94-04c1-424b-9868-57a2d4851a1d" relativeResultsDirectory="c358d38f-fd41-48d8-810f-1fbf6e05db45" />
    <UnitTestResult executionId="dcdbd0c6-4c81-493c-914a-d9a0cef002b0" testId="68323acd-0773-4340-1f65-68aeed95ea37" testName="AIVTuber.Tests.AvatarConfigLoaderTests.ResolveAvailableStates_FindsSprites" computerName="NASHOR" duration="00:00:00.1265780" startTime="2026-07-19T15:40:17.4903047+08:00" endTime="2026-07-19T15:40:17.6392475+08:00" testType="13cdc9d9-ddb5-4fa4-a97d-d965ccfc6d4b" outcome="Passed" testListId="8c84fa94-04c1-424b-9868-57a2d4851a1d" relativeResultsDirectory="dcdbd0c6-4c81-493c-914a-d9a0cef002b0" />
    <UnitTestResult executionId="5ee78d0c-cf94-4698-8f97-ea8c07bf727f" testId="3e6cd255-3395-46ab-77ae-42e91b7df46b" testName="AIVTuber.Tests.ActionStreamingTests.Parser_PreservesIncompleteTextThatIsNotAControlTag(input: &quot;[&quot;)" computerName="NASHOR" duration="00:00:00.0002063" startTime="2026-07-19T15:40:17.6099736+08:00" endTime="2026-07-19T15:40:17.6100042+08:00" testType="13cdc9d9-ddb5-4fa4-a97d-d965ccfc6d4b" outcome="Passed" testListId="8c84fa94-04c1-424b-9868-57a2d4851a1d" relativeResultsDirectory="5ee78d0c-cf94-4698-8f97-ea8c07bf727f" />
    <UnitTestResult executionId="e4527038-301e-42cb-bf60-d9e85f23158d" testId="514f139c-6e41-ec12-7c4f-0eeb87389160" testName="AIVTuber.Tests.AvatarStateMachineTests.Blink_IntervalRespectsConfiguredRange" computerName="NASHOR" duration="00:00:00.0014640" startTime="2026-07-19T15:40:17.5319430+08:00" endTime="2026-07-19T15:40:17.5360744+08:00" testType="13cdc9d9-ddb5-4fa4-a97d-d965ccfc6d4b" outcome="Passed" testListId="8c84fa94-04c1-424b-9868-57a2d4851a1d" relativeResultsDirectory="e4527038-301e-42cb-bf60-d9e85f23158d" />
    <UnitTestResult executionId="1463b4b4-6773-4d7a-9372-19ae8711382e" testId="0f5aa62c-327b-24c1-f1d2-899547b7eabb" testName="AIVTuber.Tests.ConfigDiffTests.MultipleChanges_AreCombined" computerName="NASHOR" duration="00:00:00.0002071" startTime="2026-07-19T15:40:17.5876956+08:00" endTime="2026-07-19T15:40:17.5877217+08:00" testType="13cdc9d9-ddb5-4fa4-a97d-d965ccfc6d4b" outcome="Passed" testListId="8c84fa94-04c1-424b-9868-57a2d4851a1d" relativeResultsDirectory="1463b4b4-6773-4d7a-9372-19ae8711382e" />
    <UnitTestResult executionId="0b066d4e-2371-48eb-bc15-d5a755c7a953" testId="2479dc35-00df-9a08-66fb-41706377b040" testName="AIVTuber.Tests.AudioPlayerTests.RmsUpdated_CanSubscribe" computerName="NASHOR" duration="00:00:00.0049996" startTime="2026-07-19T15:40:17.5050164+08:00" endTime="2026-07-19T15:40:17.5256234+08:00" testType="13cdc9d9-ddb5-4fa4-a97d-d965ccfc6d4b" outcome="Passed" testListId="8c84fa94-04c1-424b-9868-57a2d4851a1d" relativeResultsDirectory="0b066d4e-2371-48eb-bc15-d5a755c7a953" />
    <UnitTestResult executionId="32c46519-ab89-43fb-8bae-c6dc5a5dfebd" testId="cec05b07-c5d0-a2c9-dc34-dfb979e4b216" testName="AIVTuber.Tests.DanmakuSelectorTests.TrySelectNextAsync_SelectsQueuedDanmaku" computerName="NASHOR" duration="00:00:00.0020171" startTime="2026-07-19T15:40:17.5308245+08:00" endTime="2026-07-19T15:40:17.5351447+08:00" testType="13cdc9d9-ddb5-4fa4-a97d-d965ccfc6d4b" outcome="Passed" testListId="8c84fa94-04c1-424b-9868-57a2d4851a1d" relativeResultsDirectory="32c46519-ab89-43fb-8bae-c6dc5a5dfebd" />
    <UnitTestResult executionId="d91285c0-53a0-4f66-8c7a-087e49c3992b" testId="37d5c2fd-764d-bfe9-316e-7c8f46056c3f" testName="AIVTuber.Tests.MotionEngineTests.Bounce_AttackIsFasterThanRelease" computerName="NASHOR" duration="00:00:00.0002989" startTime="2026-07-19T15:40:17.6263832+08:00" endTime="2026-07-19T15:40:17.6264179+08:00" testType="13cdc9d9-ddb5-4fa4-a97d-d965ccfc6d4b" outcome="Passed" testListId="8c84fa94-04c1-424b-9868-57a2d4851a1d" relativeResultsDirectory="d91285c0-53a0-4f66-8c7a-087e49c3992b" />
    <UnitTestResult executionId="7a8e6af5-8452-4418-aeac-dc84e73fa703" testId="2ce19dd4-25fe-0f1b-1c6b-4d58cf8551d8" testName="AIVTuber.Tests.TtsClientTests.ParseMiniMaxAudio_ReturnsEmptyWhenNoAudio" computerName="NASHOR" duration="00:00:00.0003920" startTime="2026-07-19T15:40:17.6202084+08:00" endTime="2026-07-19T15:40:17.6206760+08:00" testType="13cdc9d9-ddb5-4fa4-a97d-d965ccfc6d4b" outcome="Passed" testListId="8c84fa94-04c1-424b-9868-57a2d4851a1d" relativeResultsDirectory="7a8e6af5-8452-4418-aeac-dc84e73fa703" />
    <UnitTestResult executionId="53433cd9-4c1b-4d48-8f8c-875ea9b99643" testId="5bfbb1fa-39db-b1bd-dabe-830a6b78fe61" testName="AIVTuber.Tests.TtsHotReloadTests.ModelChange_RebuildsTtsOnly" computerName="NASHOR" duration="00:00:00.0001988" startTime="2026-07-19T15:40:17.5946192+08:00" endTime="2026-07-19T15:40:17.5946583+08:00" testType="13cdc9d9-ddb5-4fa4-a97d-d965ccfc6d4b" outcome="Passed" testListId="8c84fa94-04c1-424b-9868-57a2d4851a1d" relativeResultsDirectory="53433cd9-4c1b-4d48-8f8c-875ea9b99643" />
    <UnitTestResult executionId="cc299ba5-ec2d-46b0-841c-8194732677a2" testId="7b62baf1-fdc1-7b16-85cd-69cd3fb9647d" testName="AIVTuber.Tests.RequestCoordinatorTests.CancelCurrent_WaitsForCancellationAndLeavesNoBusyRequest" computerName="NASHOR" duration="00:00:00.0355198" startTime="2026-07-19T15:40:17.5122319+08:00" endTime="2026-07-19T15:40:17.5806967+08:00" testType="13cdc9d9-ddb5-4fa4-a97d-d965ccfc6d4b" outcome="Passed" testListId="8c84fa94-04c1-424b-9868-57a2d4851a1d" relativeResultsDirectory="cc299ba5-ec2d-46b0-841c-8194732677a2" />
    <UnitTestResult executionId="1a504c0f-88e3-4217-aa0e-437ad544a34a" testId="ad04a655-3baa-c169-6090-180ec669ddfb" testName="AIVTuber.Tests.ActionStreamingTests.Parser_DropsMalformedOrTruncatedActionTags(input: &quot;你好[action:&quot;, expected: &quot;你好&quot;)" computerName="NASHOR" duration="00:00:00.0031421" startTime="2026-07-19T15:40:17.5931328+08:00" endTime="2026-07-19T15:40:17.5979504+08:00" testType="13cdc9d9-ddb5-4fa4-a97d-d965ccfc6d4b" outcome="Passed" testListId="8c84fa94-04c1-424b-9868-57a2d4851a1d" relativeResultsDirectory="1a504c0f-88e3-4217-aa0e-437ad544a34a" />
    <UnitTestResult executionId="cf79c2ce-5717-4aab-b388-42f14c29eeaf" testId="d9f787fe-5037-2034-3701-a390a91d6718" testName="AIVTuber.Tests.DashScopeProtocolTests.FinishTask_HasFinishAction" computerName="NASHOR" duration="00:00:00.0538852" startTime="2026-07-19T15:40:17.4176543+08:00" endTime="2026-07-19T15:40:17.5682273+08:00" testType="13cdc9d9-ddb5-4fa4-a97d-d965ccfc6d4b" outcome="Passed" testListId="8c84fa94-04c1-424b-9868-57a2d4851a1d" relativeResultsDirectory="cf79c2ce-5717-4aab-b388-42f14c29eeaf" />
    <UnitTestResult executionId="810eb090-7cd5-424c-af8f-b73163d31d97" testId="32a2fddd-eff9-204a-d2d5-6c74d33b2fc0" testName="AIVTuber.Tests.ActionStreamingTests.Parser_PreservesIncompleteTextThatIsNotAControlTag(input: &quot;[act&quot;)" computerName="NASHOR" duration="00:00:00.0003769" startTime="2026-07-19T15:40:17.6102932+08:00" endTime="2026-07-19T15:40:17.6103218+08:00" testType="13cdc9d9-ddb5-4fa4-a97d-d965ccfc6d4b" outcome="Passed" testListId="8c84fa94-04c1-424b-9868-57a2d4851a1d" relativeResultsDirectory="810eb090-7cd5-424c-af8f-b73163d31d97" />
    <UnitTestResult executionId="e138cf3b-bd09-4fcb-af81-678bc0b66b38" testId="27685c06-f458-5551-ca8c-27bed9799d17" testName="AIVTuber.Tests.AsrHotReloadTests.NextDashScopeRequest_UsesNewModel" computerName="NASHOR" duration="00:00:00.0218761" startTime="2026-07-19T15:40:17.5504909+08:00" endTime="2026-07-19T15:40:17.5694161+08:00" testType="13cdc9d9-ddb5-4fa4-a97d-d965ccfc6d4b" outcome="Passed" testListId="8c84fa94-04c1-424b-9868-57a2d4851a1d" relativeResultsDirectory="e138cf3b-bd09-4fcb-af81-678bc0b66b38" />
    <UnitTestResult executionId="0a95a125-0b90-429f-b327-384f05a19747" testId="32d7fa58-201d-c87a-38c0-411f71beab8e" testName="AIVTuber.Tests.ConfigViewModelTests.DraftState_TracksRowEdits_AndDiscardRestoresOriginalMappings" computerName="NASHOR" duration="00:00:03.8387089" startTime="2026-07-19T15:40:33.9655295+08:00" endTime="2026-07-19T15:40:37.8033981+08:00" testType="13cdc9d9-ddb5-4fa4-a97d-d965ccfc6d4b" outcome="Passed" testListId="8c84fa94-04c1-424b-9868-57a2d4851a1d" relativeResultsDirectory="0a95a125-0b90-429f-b327-384f05a19747" />
    <UnitTestResult executionId="3dfb5c42-a5d8-41c6-b3bc-a30a22170ae4" testId="718da0c1-70fa-c57e-d1e6-379cfdce5de5" testName="AIVTuber.Tests.LoopbackCaptureTests.Constructor_SetsDefaults" computerName="NASHOR" duration="00:00:00.0027083" startTime="2026-07-19T15:40:17.5255719+08:00" endTime="2026-07-19T15:40:17.5276380+08:00" testType="13cdc9d9-ddb5-4fa4-a97d-d965ccfc6d4b" outcome="Passed" testListId="8c84fa94-04c1-424b-9868-57a2d4851a1d" relativeResultsDirectory="3dfb5c42-a5d8-41c6-b3bc-a30a22170ae4" />
    <UnitTestResult executionId="610b4b41-6f8a-43d3-8729-5578996e1473" testId="e4df829a-a32a-27b0-ce25-8bcedba5b18f" testName="AIVTuber.Tests.DashScopeProtocolTests.ParseEvent_ReadsEventAndError" computerName="NASHOR" duration="00:00:00.0040152" startTime="2026-07-19T15:40:17.5693667+08:00" endTime="2026-07-19T15:40:17.5745624+08:00" testType="13cdc9d9-ddb5-4fa4-a97d-d965ccfc6d4b" outcome="Passed" testListId="8c84fa94-04c1-424b-9868-57a2d4851a1d" relativeResultsDirectory="610b4b41-6f8a-43d3-8729-5578996e1473" />
    <UnitTestResult executionId="53fef2e5-5e4c-4dec-bb4c-357a214c9cb5" testId="d18cce96-010f-18de-65c6-13af8bb377b5" testName="AIVTuber.Tests.AsrSidecarTests.Local_asr_defaults_to_packaged_runtime" computerName="NASHOR" duration="00:00:00.0001828" startTime="2026-07-19T15:40:17.6545267+08:00" endTime="2026-07-19T15:40:17.6546333+08:00" testType="13cdc9d9-ddb5-4fa4-a97d-d965ccfc6d4b" outcome="Passed" testListId="8c84fa94-04c1-424b-9868-57a2d4851a1d" relativeResultsDirectory="53fef2e5-5e4c-4dec-bb4c-357a214c9cb5" />
    <UnitTestResult executionId="8f55d4f7-c2b7-4cc4-9259-01eec90cb939" testId="13e1cc18-696e-efbc-09bc-3f239b86f341" testName="AIVTuber.Tests.DanmakuSelectorTests.TrySelectNextAsync_EmptyQueue_DoesNotSelect" computerName="NASHOR" duration="00:00:00.0015571" startTime="2026-07-19T15:40:17.5129654+08:00" endTime="2026-07-19T15:40:17.5239394+08:00" testType="13cdc9d9-ddb5-4fa4-a97d-d965ccfc6d4b" outcome="Passed" testListId="8c84fa94-04c1-424b-9868-57a2d4851a1d" relativeResultsDirectory="8f55d4f7-c2b7-4cc4-9259-01eec90cb939" />
    <UnitTestResult executionId="269f74c4-8cd6-408b-a04f-1a33de517e12" testId="5406dad6-c0ee-a1ed-f2ef-ded8dba67e77" testName="AIVTuber.Tests.LlmClientTests.ContainsSentenceBoundary_EnglishPeriod" computerName="NASHOR" duration="00:00:00.0002888" startTime="2026-07-19T15:40:17.5666045+08:00" endTime="2026-07-19T15:40:17.5672575+08:00" testType="13cdc9d9-ddb5-4fa4-a97d-d965ccfc6d4b" outcome="Passed" testListId="8c84fa94-04c1-424b-9868-57a2d4851a1d" relativeResultsDirectory="269f74c4-8cd6-408b-a04f-1a33de517e12" />
    <UnitTestResult executionId="81b14d1c-786a-4d3b-95bd-ebf9249ef43d" testId="949e8f45-365d-bb8e-204f-99370e727dc1" testName="AIVTuber.Tests.MessageTests.Message_DefaultValues" computerName="NASHOR" duration="00:00:00.0107357" startTime="2026-07-19T15:40:17.4174295+08:00" endTime="2026-07-19T15:40:17.4529349+08:00" testType="13cdc9d9-ddb5-4fa4-a97d-d965ccfc6d4b" outcome="Passed" testListId="8c84fa94-04c1-424b-9868-57a2d4851a1d" relativeResultsDirectory="81b14d1c-786a-4d3b-95bd-ebf9249ef43d" />
    <UnitTestResult executionId="f3a78b00-7d84-424f-add7-1b7d484f3a36" testId="d9ede212-3a0e-7f25-ccd7-ddd9363d5d94" testName="AIVTuber.Tests.MotionEngineTests.Breath_ProducesOscillatingY" computerName="NASHOR" duration="00:00:00.0013491" startTime="2026-07-19T15:40:17.6255036+08:00" endTime="2026-07-19T15:40:17.6259692+08:00" testType="13cdc9d9-ddb5-4fa4-a97d-d965ccfc6d4b" outcome="Passed" testListId="8c84fa94-04c1-424b-9868-57a2d4851a1d" relativeResultsDirectory="f3a78b00-7d84-424f-add7-1b7d484f3a36" />
    <UnitTestResult executionId="bbb4cab4-7002-4e99-9dab-cb4b437164ad" testId="adc41de2-59b9-1d02-ae63-a2d278e22198" testName="AIVTuber.Tests.AudioPlayerTests.SpeechSegment_HasDefaults" computerName="NASHOR" duration="00:00:00.0041732" startTime="2026-07-19T15:40:17.4972138+08:00" endTime="2026-07-19T15:40:17.5019465+08:00" testType="13cdc9d9-ddb5-4fa4-a97d-d965ccfc6d4b" outcome="Passed" testListId="8c84fa94-04c1-424b-9868-57a2d4851a1d" relativeResultsDirectory="bbb4cab4-7002-4e99-9dab-cb4b437164ad" />
    <UnitTestResult executionId="e66080cf-3e8c-4ca1-9c5b-ce3e4e04d889" testId="a8a6aafe-fb75-8538-85cb-8a01165e96a6" testName="AIVTuber.Tests.AvatarStateMachineTests.Sticker_ReplacesPrevious_AndExpires" computerName="NASHOR" duration="00:00:00.0052734" startTime="2026-07-19T15:40:17.5136171+08:00" endTime="2026-07-19T15:40:17.5315521+08:00" testType="13cdc9d9-ddb5-4fa4-a97d-d965ccfc6d4b" outcome="Passed" testListId="8c84fa94-04c1-424b-9868-57a2d4851a1d" relativeResultsDirectory="e66080cf-3e8c-4ca1-9c5b-ce3e4e04d889" />
    <UnitTestResult executionId="2d86efd4-a4f0-47b9-8144-b4c6b578a9d5" testId="99688a8e-f465-3787-1745-81493eef8a32" testName="AIVTuber.Tests.AsrClientTests.PcmToWav_DifferentSampleRates" computerName="NASHOR" duration="00:00:00.0048624" startTime="2026-07-19T15:40:17.5536464+08:00" endTime="2026-07-19T15:40:17.5625668+08:00" testType="13cdc9d9-ddb5-4fa4-a97d-d965ccfc6d4b" outcome="Passed" testListId="8c84fa94-04c1-424b-9868-57a2d4851a1d" relativeResultsDirectory="2d86efd4-a4f0-47b9-8144-b4c6b578a9d5" />
    <UnitTestResult executionId="22df80a7-510c-46c6-8070-07da1054dcd6" testId="9f29c6aa-3f6e-72d9-b28d-fae8a260f807" testName="AIVTuber.Tests.AudioPlayerTests.SpeechSegment_CanSetProperties" computerName="NASHOR" duration="00:00:00.0011694" startTime="2026-07-19T15:40:17.5271068+08:00" endTime="2026-07-19T15:40:17.5279082+08:00" testType="13cdc9d9-ddb5-4fa4-a97d-d965ccfc6d4b" outcome="Passed" testListId="8c84fa94-04c1-424b-9868-57a2d4851a1d" relativeResultsDirectory="22df80a7-510c-46c6-8070-07da1054dcd6" />
    <UnitTestResult executionId="aecec0da-48fb-46be-96e0-26e23bb8d958" testId="2b698b09-6766-340a-dd68-06afa8dd91f0" testName="AIVTuber.Tests.VtsConfigTests.VtsConfig_EmotionMap_Works" computerName="NASHOR" duration="00:00:00.0003815" startTime="2026-07-19T15:40:17.5392748+08:00" endTime="2026-07-19T15:40:17.5404923+08:00" testType="13cdc9d9-ddb5-4fa4-a97d-d965ccfc6d4b" outcome="Passed" testListId="8c84fa94-04c1-424b-9868-57a2d4851a1d" relativeResultsDirectory="aecec0da-48fb-46be-96e0-26e23bb8d958" />
    <UnitTestResult executionId="3b3753e8-6662-414c-bf72-40cb814fdfb2" testId="561eb54e-ec0f-aed1-5dae-0311a7669562" testName="AIVTuber.Tests.FactRepositoryTests.UpdateWeightAsync_IncrementsAccessCount" computerName="NASHOR" duration="00:00:00.0162125" startTime="2026-07-19T15:40:17.7246432+08:00" endTime="2026-07-19T15:40:17.8110119+08:00" testType="13cdc9d9-ddb5-4fa4-a97d-d965ccfc6d4b" outcome="Passed" testListId="8c84fa94-04c1-424b-9868-57a2d4851a1d" relativeResultsDirectory="3b3753e8-6662-414c-bf72-40cb814fdfb2" />
    <UnitTestResult executionId="70ae9b5c-88c5-428f-8860-9486c753c049" testId="2df18338-5295-687d-cdaf-beaf43f54721" testName="AIVTuber.Tests.AsrSidecarTests.Health_contract_requires_explicit_ready(status: &quot;loading&quot;, expected: Loading, expectedReady: False)" computerName="NASHOR" duration="00:00:00.0196284" startTime="2026-07-19T15:40:17.6421411+08:00" endTime="2026-07-19T15:40:17.6495210+08:00" testType="13cdc9d9-ddb5-4fa4-a97d-d965ccfc6d4b" outcome="Passed" testListId="8c84fa94-04c1-424b-9868-57a2d4851a1d" relativeResultsDirectory="70ae9b5c-88c5-428f-8860-9486c753c049" />
    <UnitTestResult executionId="0d7f7fdb-b2ec-4d8a-bb6c-24d688768d1f" testId="e4a11602-48d0-42c4-1364-d73e0760d0c8" testName="AIVTuber.Tests.VtsModelsTests.VtsResponse_DefaultValues" computerName="NASHOR" duration="00:00:00.0072478" startTime="2026-07-19T15:40:17.4157722+08:00" endTime="2026-07-19T15:40:17.4530263+08:00" testType="13cdc9d9-ddb5-4fa4-a97d-d965ccfc6d4b" outcome="Passed" testListId="8c84fa94-04c1-424b-9868-57a2d4851a1d" relativeResultsDirectory="0d7f7fdb-b2ec-4d8a-bb6c-24d688768d1f" />
    <UnitTestResult executionId="8dca0f3c-0e85-4bd5-8d8a-cea3768b13a6" testId="54c92b59-5971-3b11-042e-b2de212258fd" testName="AIVTuber.Tests.TtsHotReloadTests.NextMiniMaxRequest_UsesNewModelAndSpeed" computerName="NASHOR" duration="00:00:00.0290758" startTime="2026-07-19T15:40:17.5786789+08:00" endTime="2026-07-19T15:40:17.5935679+08:00" testType="13cdc9d9-ddb5-4fa4-a97d-d965ccfc6d4b" outcome="Passed" testListId="8c84fa94-04c1-424b-9868-57a2d4851a1d" relativeResultsDirectory="8dca0f3c-0e85-4bd5-8d8a-cea3768b13a6" />
[...]
    <TestEntry testId="9dc27a6c-33a4-f2a0-879b-92f73655c978" executionId="0520752b-737f-468e-b416-9813a5ba4357" testListId="8c84fa94-04c1-424b-9868-57a2d4851a1d" />
    <TestEntry testId="249a09c1-fa03-7ecc-313b-c2590e5eb08c" executionId="6b574ef7-2318-4f73-9ad5-369544579edf" testListId="8c84fa94-04c1-424b-9868-57a2d4851a1d" />
    <TestEntry testId="4a32d048-a689-66e6-27d2-52424438b1a4" executionId="27a7396a-a187-40eb-a11d-ad2e6f16d89f" testListId="8c84fa94-04c1-424b-9868-57a2d4851a1d" />
    <TestEntry testId="8aac891b-2a3a-23f9-f939-1a048d4cb253" executionId="7a2216ba-302f-406f-9fb6-44c17fa1674d" testListId="8c84fa94-04c1-424b-9868-57a2d4851a1d" />
    <TestEntry testId="b5047ed8-46f1-c2b7-39c9-39830337b078" executionId="9f949331-e85b-451a-bb29-05a111059050" testListId="8c84fa94-04c1-424b-9868-57a2d4851a1d" />
    <TestEntry testId="b2b34274-dd8a-b794-a27e-9f38c7bfb52f" executionId="c33e3258-b6de-4053-a6ca-ae507d7b5821" testListId="8c84fa94-04c1-424b-9868-57a2d4851a1d" />
    <TestEntry testId="538a8a99-4b20-9cf2-c348-63490147fb94" executionId="68238404-cb9f-4739-8814-0b9e468eb634" testListId="8c84fa94-04c1-424b-9868-57a2d4851a1d" />
    <TestEntry testId="7ccefba3-49c7-fd69-5eee-f5e23e5e6f1f" executionId="f623bb14-124e-4ad4-9276-eb22d5ebf394" testListId="8c84fa94-04c1-424b-9868-57a2d4851a1d" />
    <TestEntry testId="7eeb5109-7334-7477-1607-2924f46c5632" executionId="a70a83ea-c527-45d1-85da-f994a63bec0a" testListId="8c84fa94-04c1-424b-9868-57a2d4851a1d" />
    <TestEntry testId="3bf16a74-5aa4-1e93-90a2-d8f872a5f41c" executionId="354f602d-09d5-4367-b252-ffa8fbe2415d" testListId="8c84fa94-04c1-424b-9868-57a2d4851a1d" />
    <TestEntry testId="904cfe17-8e3d-633a-410b-f9d0058b4e1d" executionId="0cb3ba7d-7eaa-4f39-979b-3df1d1f6bcff" testListId="8c84fa94-04c1-424b-9868-57a2d4851a1d" />
    <TestEntry testId="7eeb5109-7334-7477-1607-2924f46c5632" executionId="61ed0df5-6fa4-442c-a9b4-2646738773bb" testListId="8c84fa94-04c1-424b-9868-57a2d4851a1d" />
    <TestEntry testId="e4102328-4c2d-01f8-bd5e-6941c0213a52" executionId="d256ce37-ed07-4b58-84b2-8c3fbd687f01" testListId="8c84fa94-04c1-424b-9868-57a2d4851a1d" />
    <TestEntry testId="331dc9be-4762-9296-223b-7d5373e9fa21" executionId="ac7dadad-67c7-4b9b-b419-caff11512dd9" testListId="8c84fa94-04c1-424b-9868-57a2d4851a1d" />
    <TestEntry testId="e14fd132-dbe7-5b41-4133-3bc0a19d8642" executionId="ff0e3636-f27d-4ae3-b3cb-b707626509a0" testListId="8c84fa94-04c1-424b-9868-57a2d4851a1d" />
    <TestEntry testId="e73cf3d2-a60b-edb2-3e87-be72771cb484" executionId="79a18d05-7986-4e31-a62e-46c10c9ccdda" testListId="8c84fa94-04c1-424b-9868-57a2d4851a1d" />
    <TestEntry testId="2055577a-eee0-3486-1e60-c14651a792fe" executionId="3433dc96-a925-4a6f-8114-98455fc8f99f" testListId="8c84fa94-04c1-424b-9868-57a2d4851a1d" />
    <TestEntry testId="5a386adb-2b20-08d4-72b9-2b01b6654b9e" executionId="b2b5c985-846f-421c-be3b-db6bd9c3e1f4" testListId="8c84fa94-04c1-424b-9868-57a2d4851a1d" />
    <TestEntry testId="f6efa12b-4909-bcbf-8879-09bbb8402b71" executionId="42322287-d8cc-445f-8490-103bf16bf88d" testListId="8c84fa94-04c1-424b-9868-57a2d4851a1d" />
    <TestEntry testId="d8bc7ff9-62c8-d102-5bdd-32c24c84af66" executionId="6d074869-6d66-4c7d-96a8-a5e799896958" testListId="8c84fa94-04c1-424b-9868-57a2d4851a1d" />
    <TestEntry testId="74d9cc11-c430-824d-6e68-f40af631cde6" executionId="e0287ab8-e314-493b-8ed8-e79425932e19" testListId="8c84fa94-04c1-424b-9868-57a2d4851a1d" />
    <TestEntry testId="a531b302-4e30-7adc-b7b0-d3501d74733c" executionId="8b633080-7f33-468b-8ecd-ee52324f726d" testListId="8c84fa94-04c1-424b-9868-57a2d4851a1d" />
    <TestEntry testId="7a1a7ab0-9914-0b7d-d303-1e3dba0f1b6a" executionId="1bb0e272-ca6e-4376-93b0-134d25797333" testListId="8c84fa94-04c1-424b-9868-57a2d4851a1d" />
    <TestEntry testId="97db9380-5466-393b-db24-384f0df2167f" executionId="bbc6bceb-2524-4dca-8b93-510dde1f42b7" testListId="8c84fa94-04c1-424b-9868-57a2d4851a1d" />
    <TestEntry testId="74fd1d7a-d32b-15a7-890d-af344fd8fc4e" executionId="c3b3acd1-02a3-4e02-86c9-042d9e37d651" testListId="8c84fa94-04c1-424b-9868-57a2d4851a1d" />
    <TestEntry testId="7ea40da5-c0af-6fdb-f957-a75eba67be2f" executionId="1fdc05f2-c845-40a0-8eed-dd1cbb969156" testListId="8c84fa94-04c1-424b-9868-57a2d4851a1d" />
    <TestEntry testId="1066388e-abb9-6047-7ba6-8903d6da9a56" executionId="c564ee75-c003-444f-87af-eb98b1bc336e" testListId="8c84fa94-04c1-424b-9868-57a2d4851a1d" />
    <TestEntry testId="33f29e60-e51e-955d-070a-5ce68f8563ee" executionId="e9581b5b-d0de-4aca-b09c-1d48628112eb" testListId="8c84fa94-04c1-424b-9868-57a2d4851a1d" />
    <TestEntry testId="b5633cd3-f14d-fa01-f8d1-d2988c2766c0" executionId="2b7eb52d-7b4b-4da6-8349-16e80f8be8af" testListId="8c84fa94-04c1-424b-9868-57a2d4851a1d" />
    <TestEntry testId="705451ba-abde-b04d-883e-882b90cacc3a" executionId="ebe4eb62-2074-45c5-9e68-0b82470572a6" testListId="8c84fa94-04c1-424b-9868-57a2d4851a1d" />
    <TestEntry testId="7eeb5109-7334-7477-1607-2924f46c5632" executionId="dcc255be-9915-42c5-bd0a-3e767f17be09" testListId="8c84fa94-04c1-424b-9868-57a2d4851a1d" />
    <TestEntry testId="0259d88e-5348-3d50-3f26-2fc0266cdd64" executionId="5e387e40-6727-42fe-8e48-4146a05a8303" testListId="8c84fa94-04c1-424b-9868-57a2d4851a1d" />
    <TestEntry testId="7eeb5109-7334-7477-1607-2924f46c5632" executionId="821c8a7e-90ac-4b51-a092-4ec7faf49eb1" testListId="8c84fa94-04c1-424b-9868-57a2d4851a1d" />
    <TestEntry testId="2838a796-039b-462a-f56a-b4e60cca2367" executionId="c409f18e-f708-4415-98fb-e0bdeb154d46" testListId="8c84fa94-04c1-424b-9868-57a2d4851a1d" />
    <TestEntry testId="047f3b6c-5371-2dd2-1131-a1a508f4e1e1" executionId="4d527460-71f3-4e72-b7d4-8031c0f491c9" testListId="8c84fa94-04c1-424b-9868-57a2d4851a1d" />
    <TestEntry testId="9a41dc5a-e719-8bd5-ede1-e0131560bfb5" executionId="b01f8182-561f-4888-b28b-d65efaa0860f" testListId="8c84fa94-04c1-424b-9868-57a2d4851a1d" />
    <TestEntry testId="31c9e070-b915-ab92-a479-a6818edc8af1" executionId="9b942b6b-35fb-4f4b-9adb-40e2b5a06c4a" testListId="8c84fa94-04c1-424b-9868-57a2d4851a1d" />
    <TestEntry testId="2bf0e7f7-4028-1d6b-ba02-530cad4e100d" executionId="d5fca130-2426-4387-be10-e7341019b924" testListId="8c84fa94-04c1-424b-9868-57a2d4851a1d" />
    <TestEntry testId="0ef8c0e1-3d46-979a-b35d-f4919dd91842" executionId="5881bf8a-be89-4079-b85e-dee8de33c308" testListId="8c84fa94-04c1-424b-9868-57a2d4851a1d" />
    <TestEntry testId="654f9127-63f1-863e-e3a2-027a4002d7dd" executionId="a6d5ec69-9fd6-4c38-bae0-6118866f474d" testListId="8c84fa94-04c1-424b-9868-57a2d4851a1d" />
    <TestEntry testId="a103b16a-ac13-db11-1561-5396882b1e79" executionId="1b4e2b68-393d-4e0d-a2e3-28cc03377bdf" testListId="8c84fa94-04c1-424b-9868-57a2d4851a1d" />
    <TestEntry testId="446317c8-cf4c-98be-361f-2bdc599f2030" executionId="2329c28f-7539-4f04-b5a8-c87baf016385" testListId="8c84fa94-04c1-424b-9868-57a2d4851a1d" />
    <TestEntry testId="d9e5da6a-6d49-6125-f733-fb9b48afd5bf" executionId="6ec546be-77e5-41cb-8a92-c418de75296c" testListId="8c84fa94-04c1-424b-9868-57a2d4851a1d" />
    <TestEntry testId="57c6c712-e696-a039-28aa-610b7950f2e9" executionId="9d90c7b6-9f31-4e3d-ba1f-28afb1f374e9" testListId="8c84fa94-04c1-424b-9868-57a2d4851a1d" />
    <TestEntry testId="ce09f842-46f4-a7e6-a10d-3d1fd7aed2a9" executionId="e07fd496-8426-48db-921f-28303a16ba6f" testListId="8c84fa94-04c1-424b-9868-57a2d4851a1d" />
    <TestEntry testId="124be3bb-4102-6fc7-008c-eb8720208ef3" executionId="282e327f-a95e-49f2-b774-dfb2b7195187" testListId="8c84fa94-04c1-424b-9868-57a2d4851a1d" />
    <TestEntry testId="7fc0ab29-5ba7-da93-de5b-080e3c7627bf" executionId="7f2a938c-ef6d-40f4-8dce-fcecf8c19bee" testListId="8c84fa94-04c1-424b-9868-57a2d4851a1d" />
    <TestEntry testId="fcb06f72-0c1a-0ab0-0f74-7f7435aac9f9" executionId="34fb135e-70b0-4723-8db9-c26d70cef62e" testListId="8c84fa94-04c1-424b-9868-57a2d4851a1d" />
    <TestEntry testId="7eeb5109-7334-7477-1607-2924f46c5632" executionId="5c9a1c9b-3b7f-4e06-9836-ec67e05b4fd3" testListId="8c84fa94-04c1-424b-9868-57a2d4851a1d" />
    <TestEntry testId="a175402f-2d98-8d73-3bc0-ebc73a8a3545" executionId="28052f20-3551-4da2-903d-f5923dd12558" testListId="8c84fa94-04c1-424b-9868-57a2d4851a1d" />
    <TestEntry testId="64add965-a3cc-dd71-ea92-a919c7a770bb" executionId="a8a16572-8e8b-458f-b5eb-5b5badac9a4f" testListId="8c84fa94-04c1-424b-9868-57a2d4851a1d" />
    <TestEntry testId="34b6e22b-2573-6feb-44e8-2da78801b9eb" executionId="3f8723e2-2e5e-45ea-948b-73b4c431604c" testListId="8c84fa94-04c1-424b-9868-57a2d4851a1d" />
    <TestEntry testId="21e7db9d-1dd6-0ba0-c1fc-f6c1cfeaf162" executionId="a2a38a7d-e615-4c9f-92e3-607b22019f11" testListId="8c84fa94-04c1-424b-9868-57a2d4851a1d" />
    <TestEntry testId="76ff0997-dc90-ce74-23f3-0c5f80c0fc15" executionId="00bd033e-4d90-41ac-8106-fadbe5a7b600" testListId="8c84fa94-04c1-424b-9868-57a2d4851a1d" />
    <TestEntry testId="7eeb5109-7334-7477-1607-2924f46c5632" executionId="7d5aab0e-0c49-4aaf-b8ea-0c73acc548f1" testListId="8c84fa94-04c1-424b-9868-57a2d4851a1d" />
    <TestEntry testId="28ae221c-28d5-87b7-3792-9f67fcda3413" executionId="e10c8028-badc-4380-8a04-fd8654f64966" testListId="8c84fa94-04c1-424b-9868-57a2d4851a1d" />
    <TestEntry testId="2b586993-9c51-db92-4734-fd52cdc19195" executionId="1be6639d-0aab-40a1-90fd-6833f5db2b3f" testListId="8c84fa94-04c1-424b-9868-57a2d4851a1d" />
    <TestEntry testId="9711be67-14d5-69a2-ad48-11117e1135d6" executionId="bb7258c9-7e8d-4a64-aa22-21419db0a12f" testListId="8c84fa94-04c1-424b-9868-57a2d4851a1d" />
    <TestEntry testId="483d609c-67f0-3606-af31-2f4fa257241e" executionId="a2c6c002-28e3-4f48-a68b-07ab8f7cc768" testListId="8c84fa94-04c1-424b-9868-57a2d4851a1d" />
    <TestEntry testId="c9e9a4b9-53e8-2ac2-4207-3edd69fc30e4" executionId="77f88f90-9842-4554-9de1-20d20ba28fb8" testListId="8c84fa94-04c1-424b-9868-57a2d4851a1d" />
    <TestEntry testId="d998084d-8558-3d6a-280b-3847e382d710" executionId="feb54b28-7136-4a34-bcd5-3f25fe96c2a5" testListId="8c84fa94-04c1-424b-9868-57a2d4851a1d" />
    <TestEntry testId="57ffb853-f1db-d1bb-5634-2407ab8c46b7" executionId="2f3cd0d1-da48-4152-82f6-c0b9891bb9e0" testListId="8c84fa94-04c1-424b-9868-57a2d4851a1d" />
    <TestEntry testId="598f4b4b-b134-73cf-984d-73f43d4f5e94" executionId="43274106-2a9f-49c3-b0dd-28f4ed1797cd" testListId="8c84fa94-04c1-424b-9868-57a2d4851a1d" />
    <TestEntry testId="b046f684-8193-90e2-da8f-6984733800a4" executionId="14e9e2b9-d218-4d17-84a1-c31feb383697" testListId="8c84fa94-04c1-424b-9868-57a2d4851a1d" />
    <TestEntry testId="04863847-34a5-93ce-c81f-572994253463" executionId="5f7c7bda-8bbb-455d-95fd-66dbf546f393" testListId="8c84fa94-04c1-424b-9868-57a2d4851a1d" />
    <TestEntry testId="6d032b10-785b-6086-bd03-9d8fa4ee5c18" executionId="e69ce18a-2913-4305-befc-25e11a29f3e8" testListId="8c84fa94-04c1-424b-9868-57a2d4851a1d" />
    <TestEntry testId="49f23635-e5a4-ef48-b141-d6a03b5ef74a" executionId="fe212a5e-010c-4b9c-9dd5-0dbc948bd6c4" testListId="8c84fa94-04c1-424b-9868-57a2d4851a1d" />
    <TestEntry testId="82913360-77b9-5ef7-3bd3-11d5b6ed45c3" executionId="41f9058c-f03f-4e47-9116-e24737d9ad0d" testListId="8c84fa94-04c1-424b-9868-57a2d4851a1d" />
    <TestEntry testId="b85f1ae0-3dbb-2dbf-318a-d4fa28c7a533" executionId="ddc4e5b2-bc33-4e68-8f7b-bc4a77b2fdc2" testListId="8c84fa94-04c1-424b-9868-57a2d4851a1d" />
    <TestEntry testId="34558d49-169d-5c8c-e5d3-d540a37f927c" executionId="cb1c5363-e91c-456e-a06b-1fb7ccb18bb8" testListId="8c84fa94-04c1-424b-9868-57a2d4851a1d" />
    <TestEntry testId="96c90d8a-7f8d-fa80-db66-b03beafa4f05" executionId="14661e79-e3ba-475b-8457-d92ffc60d11f" testListId="8c84fa94-04c1-424b-9868-57a2d4851a1d" />
    <TestEntry testId="189a174c-6b72-f769-53cf-7080c174ff04" executionId="a059e57c-0319-49e1-87ae-45037a7efc53" testListId="8c84fa94-04c1-424b-9868-57a2d4851a1d" />
    <TestEntry testId="e4e4c06a-7278-d2d4-fc3f-43c5889d8668" executionId="34f250c3-b1e7-4421-a36b-5a0868defa4c" testListId="8c84fa94-04c1-424b-9868-57a2d4851a1d" />
    <TestEntry testId="425e86f3-f54a-ee8a-8992-abce59f818dd" executionId="f3eeccff-b070-4fc0-8a52-22ac52c488e2" testListId="8c84fa94-04c1-424b-9868-57a2d4851a1d" />
    <TestEntry testId="e2c76dc6-ece6-f064-e60d-d1fdafec393d" executionId="79036eac-22ed-4f3a-8129-bc3dad163b99" testListId="8c84fa94-04c1-424b-9868-57a2d4851a1d" />
    <TestEntry testId="18bd1c1b-90d3-36d8-f161-79d24fdc62ce" executionId="873e2653-98d6-4180-9d0c-8b742cebb4ca" testListId="8c84fa94-04c1-424b-9868-57a2d4851a1d" />
    <TestEntry testId="27d7ca29-2c59-380b-0783-c60e4bf12704" executionId="0234d20d-6004-46e6-9feb-096068cbb393" testListId="8c84fa94-04c1-424b-9868-57a2d4851a1d" />
    <TestEntry testId="33219fd7-62ae-4728-e24f-45a295b5b26c" executionId="8783d17f-2486-467e-83d2-5c434dc794ab" testListId="8c84fa94-04c1-424b-9868-57a2d4851a1d" />
    <TestEntry testId="7b91222f-cf42-6226-72d7-4bd202e9f43c" executionId="f6a7fd9d-5503-4471-88c6-641fc66936d0" testListId="8c84fa94-04c1-424b-9868-57a2d4851a1d" />
    <TestEntry testId="933814cd-6fa1-8b6d-bda4-182c037932b0" executionId="8fec0717-0285-4a2d-b917-4d150e4a29d4" testListId="8c84fa94-04c1-424b-9868-57a2d4851a1d" />
    <TestEntry testId="4b722620-f866-a0c9-283f-1d672567f46c" executionId="fcf17135-fce2-4ef4-ad05-87ab3a0d85f7" testListId="8c84fa94-04c1-424b-9868-57a2d4851a1d" />
    <TestEntry testId="9cb8eee0-e53c-7eb7-1e49-0ff82ee1c615" executionId="4879e8d8-a656-4626-97f8-3a14db721cbd" testListId="8c84fa94-04c1-424b-9868-57a2d4851a1d" />
    <TestEntry testId="afffcf8a-ef11-4f88-9137-69b4a42d8929" executionId="81e434ec-a583-4b1d-a9a2-e54f9a3498d1" testListId="8c84fa94-04c1-424b-9868-57a2d4851a1d" />
    <TestEntry testId="d3a67654-9ff7-f31b-8a5e-a6310948ced2" executionId="503e8f4a-79e1-46ab-a76f-ee58a03cb9b8" testListId="8c84fa94-04c1-424b-9868-57a2d4851a1d" />
    <TestEntry testId="e35706ba-7085-0d9c-cf74-2b679c414981" executionId="bef3de73-a957-40e1-a538-e73c9a306895" testListId="8c84fa94-04c1-424b-9868-57a2d4851a1d" />
    <TestEntry testId="9a860c94-d520-0f15-72c8-7c6abedeffe9" executionId="8df58568-f61f-4406-b92e-c10345d202f1" testListId="8c84fa94-04c1-424b-9868-57a2d4851a1d" />
    <TestEntry testId="d94918ef-2ae8-dc71-2e40-a4bd735840cc" executionId="b81b03d0-85ba-46e8-9b07-5674c3cc5e99" testListId="8c84fa94-04c1-424b-9868-57a2d4851a1d" />
    <TestEntry testId="15137cdd-38da-9d3b-961c-e3d61f4329c7" executionId="b02f5cf6-f59c-458b-8d30-2e2c7c364daf" testListId="8c84fa94-04c1-424b-9868-57a2d4851a1d" />
    <TestEntry testId="5c4810c2-3779-6f76-a467-5a52bc38a5e3" executionId="dbba6edd-e2ac-4036-9a22-e4c8a617b030" testListId="8c84fa94-04c1-424b-9868-57a2d4851a1d" />
    <TestEntry testId="9bd780ca-430c-d735-a0cb-f7dab8d6d1f5" executionId="0fe8a9a1-a192-4d44-9eee-630c31696856" testListId="8c84fa94-04c1-424b-9868-57a2d4851a1d" />
    <TestEntry testId="cecd5bd6-9d24-b2d8-6b17-6989c2e5ebe8" executionId="995948b6-c577-4434-a926-a674e3662241" testListId="8c84fa94-04c1-424b-9868-57a2d4851a1d" />
    <TestEntry testId="a2c778bf-1ab3-fe47-ab3b-2b45392c38ec" executionId="282aba84-033e-4e6b-91f9-f4e055ab70f1" testListId="8c84fa94-04c1-424b-9868-57a2d4851a1d" />
    <TestEntry testId="506195b1-050c-af89-a7ab-4fd1d646434a" executionId="e21bbc03-2253-449b-9603-f2639be61872" testListId="8c84fa94-04c1-424b-9868-57a2d4851a1d" />
    <TestEntry testId="c3a17370-f47f-b284-5b67-79bf00f7781d" executionId="fca1c553-8b3d-4a7f-97af-3d183ec340a3" testListId="8c84fa94-04c1-424b-9868-57a2d4851a1d" />
    <TestEntry testId="f9fa064a-3e40-2207-91fa-0f57199e0d4d" executionId="f6f03d64-80d2-4400-ad75-58b97df1e87f" testListId="8c84fa94-04c1-424b-9868-57a2d4851a1d" />
    <TestEntry testId="6e4c7f01-3464-a901-69f4-60a823793540" executionId="b0edfcda-d07f-4c57-937c-765587b16427" testListId="8c84fa94-04c1-424b-9868-57a2d4851a1d" />
    <TestEntry testId="476691c8-400a-3cfc-370f-2ab7fd7d1aaa" executionId="78df2c7c-5621-492f-87ee-b4a6685aca97" testListId="8c84fa94-04c1-424b-9868-57a2d4851a1d" />
    <TestEntry testId="2dd3fe74-d246-dd26-2400-e75939aca3aa" executionId="a7df7117-9c5d-46f4-9220-767163fac5f1" testListId="8c84fa94-04c1-424b-9868-57a2d4851a1d" />
    <TestEntry testId="fde861a5-b434-cdd2-7ff5-1f8db9acd09a" executionId="17989831-5cbe-4dea-b8ae-8649dad2b251" testListId="8c84fa94-04c1-424b-9868-57a2d4851a1d" />
    <TestEntry testId="78c5f866-350b-09c5-035c-aad117af8828" executionId="1747806b-9bba-4771-9450-ab265a9f1a89" testListId="8c84fa94-04c1-424b-9868-57a2d4851a1d" />
    <TestEntry testId="5ef0ae44-8b2a-701b-01ff-b1c1baad9e95" executionId="fcd048af-a7df-4f76-b66d-28601b2a92a3" testListId="8c84fa94-04c1-424b-9868-57a2d4851a1d" />
    <TestEntry testId="03170f53-fb1c-9d11-e0d1-42a5634ae782" executionId="519400cd-5dc3-4f2a-823f-22234384bb57" testListId="8c84fa94-04c1-424b-9868-57a2d4851a1d" />
    <TestEntry testId="441295d2-fb1a-dc42-2538-693554dfa5d7" executionId="a17201e9-b524-425d-9fcf-2ecf4eeeec1e" testListId="8c84fa94-04c1-424b-9868-57a2d4851a1d" />
    <TestEntry testId="1ad52168-a61b-d7b1-02d0-7b6f109c7f2e" executionId="cf0fc32d-e6fb-44c3-a174-5ce673ebda4b" testListId="8c84fa94-04c1-424b-9868-57a2d4851a1d" />
    <TestEntry testId="156f6a83-f0f9-e76e-204d-8f75a59ff21e" executionId="c89501d8-87aa-4847-b8d4-b5d240dce548" testListId="8c84fa94-04c1-424b-9868-57a2d4851a1d" />
    <TestEntry testId="82e4b066-6e4d-3cdf-f647-c20a8d3d53cd" executionId="91ff1093-a539-4e7f-b520-3c35e8f598d5" testListId="8c84fa94-04c1-424b-9868-57a2d4851a1d" />
    <TestEntry testId="e787692a-9857-0c67-f50f-3a8b46459672" executionId="709d9348-79b8-4bce-bc9b-40f2f7119506" testListId="8c84fa94-04c1-424b-9868-57a2d4851a1d" />
    <TestEntry testId="4c31c3f2-1c01-5c7f-e421-25017833e670" executionId="44e0a09f-ccd3-4b37-bc0f-9fb33b4a77ef" testListId="8c84fa94-04c1-424b-9868-57a2d4851a1d" />
    <TestEntry testId="f24821cc-2be9-c74c-540b-5a155678c3a1" executionId="bd626bc6-ed83-43c4-bce8-b8b6c0a0684e" testListId="8c84fa94-04c1-424b-9868-57a2d4851a1d" />
    <TestEntry testId="82fc3778-7030-5fef-ee5c-0c7bc0b1ca55" executionId="e91a6c8e-ece9-465f-906d-a8bde87c67e2" testListId="8c84fa94-04c1-424b-9868-57a2d4851a1d" />
    <TestEntry testId="54376e70-98aa-b806-aa78-1f43053bc0dc" executionId="3d7b3cd4-3515-4969-ae94-3ff6655d6805" testListId="8c84fa94-04c1-424b-9868-57a2d4851a1d" />
    <TestEntry testId="9e26a47b-0190-a154-3880-20cce4ee1e9e" executionId="8e46ef3b-015c-4fe4-bec9-b064d14b6ce7" testListId="8c84fa94-04c1-424b-9868-57a2d4851a1d" />
    <TestEntry testId="61c9a8c5-1e12-0586-214c-342feb8299a0" executionId="78e09374-8ad5-4a8e-bd86-b0cfa08a99ac" testListId="8c84fa94-04c1-424b-9868-57a2d4851a1d" />
  </TestEntries>
  <TestLists>
    <TestList name="列表中未列出的结果" id="8c84fa94-04c1-424b-9868-57a2d4851a1d" />
    <TestList name="所有已加载的结果" id="19431567-8539-422a-85d7-44ee4e166bda" />
  </TestLists>
  <ResultSummary outcome="Completed">
    <Counters total="295" executed="295" passed="295" failed="0" error="0" timeout="0" aborted="0" inconclusive="0" passedButRunAborted="0" notRunnable="0" notExecuted="0" disconnected="0" warning="0" completed="0" inProgress="0" pending="0" />
    <Output>
      <StdOut>[xUnit.net 00:00:00.00] xUnit.net VSTest Adapter v3.1.4+50e68bbb8b (64-bit .NET 10.0.9)&#xD;
[xUnit.net 00:00:00.09]   Discovering: AIVTuber.Tests&#xD;
[xUnit.net 00:00:00.15]   Discovered:  AIVTuber.Tests&#xD;
[xUnit.net 00:00:00.20]   Starting:    AIVTuber.Tests&#xD;
[VTS] unknown emotion: happy&#xD;
[xUnit.net 00:00:55.16]   Finished:    AIVTuber.Tests&#xD;
</StdOut>
    </Output>
    <CollectorDataEntries>
      <Collector agentName="NASHOR" uri="datacollector://microsoft/CoverletCodeCoverage/1.0" collectorDisplayName="XPlat code coverage">
        <UriAttachments>
          <UriAttachment>
            <A href="NASHOR\coverage.cobertura.xml"></A>
          </UriAttachment>
        </UriAttachments>
      </Collector>
    </CollectorDataEntries>
  </ResultSummary>
</TestRun>