<?xml version="1.0" encoding="utf-8"?>
<TestRun id="77667534-f5f2-45d1-89a1-ac8a9486089e" name="wan.kangping@ZWSZ-130823 2026-07-13 14:31:19" runUser="ZONGWEI-CORP\wan.kangping" xmlns="http://microsoft.com/schemas/VisualStudio/TeamTest/2010">
  <Times creation="2026-07-13T14:31:19.6324460+08:00" queuing="2026-07-13T14:31:19.6324465+08:00" start="2026-07-13T14:31:14.0210068+08:00" finish="2026-07-13T14:31:22.7616330+08:00" />
  <TestSettings name="default" id="3a68b3b0-374c-4c87-80f4-bcde88beda82">
    <Deployment runDeploymentRoot="wan.kangping_ZWSZ-130823_2026-07-13_14_31_19" />
  </TestSettings>
  <Results>
    <UnitTestResult executionId="45ccd1bd-ea91-4470-a338-fc2fcf8efc5a" testId="ed4f5535-2b1d-c8da-ca23-a909df269e02" testName="AIVTuber.Tests.ConfigViewModelTests.Working_DeepCopies_EmotionMapDictionary" computerName="ZWSZ-130823" duration="00:00:00.4441927" startTime="2026-07-13T14:31:19.7924795+08:00" endTime="2026-07-13T14:31:20.2199263+08:00" testType="13cdc9d9-ddb5-4fa4-a97d-d965ccfc6d4b" outcome="Passed" testListId="8c84fa94-04c1-424b-9868-57a2d4851a1d" relativeResultsDirectory="45ccd1bd-ea91-4470-a338-fc2fcf8efc5a" />
    <UnitTestResult executionId="6e533e7b-04f1-4878-8c4f-c06ac828575c" testId="d3a67654-9ff7-f31b-8a5e-a6310948ced2" testName="AIVTuber.Tests.AudioPlayerTests.Constructor_CreatesInstance" computerName="ZWSZ-130823" duration="00:00:00.0001002" startTime="2026-07-13T14:31:19.8833768+08:00" endTime="2026-07-13T14:31:19.8834134+08:00" testType="13cdc9d9-ddb5-4fa4-a97d-d965ccfc6d4b" outcome="Passed" testListId="8c84fa94-04c1-424b-9868-57a2d4851a1d" relativeResultsDirectory="6e533e7b-04f1-4878-8c4f-c06ac828575c" />
    <UnitTestResult executionId="38ce4b87-221d-444f-93a8-7650ca24594a" testId="3b307ba9-5f27-6951-31d7-d53cd242d080" testName="AIVTuber.Tests.ConfigDiffTests.MemoryExtractInterval_Light_ButDbPath_Heavy" computerName="ZWSZ-130823" duration="00:00:00.0001758" startTime="2026-07-13T14:31:19.6077014+08:00" endTime="2026-07-13T14:31:19.6077623+08:00" testType="13cdc9d9-ddb5-4fa4-a97d-d965ccfc6d4b" outcome="Passed" testListId="8c84fa94-04c1-424b-9868-57a2d4851a1d" relativeResultsDirectory="38ce4b87-221d-444f-93a8-7650ca24594a" />
    <UnitTestResult executionId="83619e19-06c6-4509-9322-db3139b4ab3e" testId="f686145a-8235-2b08-a9ca-0f46d18495c1" testName="AIVTuber.Tests.SqliteUpgradeFixtureTests.LegacySchema_RemainsReadableAfterUpgrade" computerName="ZWSZ-130823" duration="00:00:00.0233270" startTime="2026-07-13T14:31:19.5340702+08:00" endTime="2026-07-13T14:31:19.8162582+08:00" testType="13cdc9d9-ddb5-4fa4-a97d-d965ccfc6d4b" outcome="Passed" testListId="8c84fa94-04c1-424b-9868-57a2d4851a1d" relativeResultsDirectory="83619e19-06c6-4509-9322-db3139b4ab3e" />
    <UnitTestResult executionId="54df0521-2295-4249-adf6-1f6f8fda1159" testId="b5703555-409a-9f7f-c96e-ea984c9edc1e" testName="AIVTuber.Tests.AsrSidecarTests.Health_contract_requires_explicit_ready(status: &quot;ready&quot;, expected: Ready, expectedReady: True)" computerName="ZWSZ-130823" duration="00:00:00.0004476" startTime="2026-07-13T14:31:19.9174601+08:00" endTime="2026-07-13T14:31:19.9174910+08:00" testType="13cdc9d9-ddb5-4fa4-a97d-d965ccfc6d4b" outcome="Passed" testListId="8c84fa94-04c1-424b-9868-57a2d4851a1d" relativeResultsDirectory="54df0521-2295-4249-adf6-1f6f8fda1159" />
    <UnitTestResult executionId="27cc2928-7fbc-41ca-a970-7340d475a1fb" testId="65e0a639-c8fd-3b3d-de85-1c31dcfdf929" testName="AIVTuber.Tests.MemoryConfigTests.MemoryConfig_DefaultValues" computerName="ZWSZ-130823" duration="00:00:00.0001412" startTime="2026-07-13T14:31:19.7705562+08:00" endTime="2026-07-13T14:31:19.7706030+08:00" testType="13cdc9d9-ddb5-4fa4-a97d-d965ccfc6d4b" outcome="Passed" testListId="8c84fa94-04c1-424b-9868-57a2d4851a1d" relativeResultsDirectory="27cc2928-7fbc-41ca-a970-7340d475a1fb" />
    <UnitTestResult executionId="2efd37ec-c60f-4762-9351-b7f1ec5f7804" testId="8ba7c521-4d20-e1b5-693c-fb050358584a" testName="AIVTuber.Tests.VadDetectorTests.Feed_WithSilence_DoesNotFireSpeechDetected" computerName="ZWSZ-130823" duration="00:00:00.0012108" startTime="2026-07-13T14:31:19.6352100+08:00" endTime="2026-07-13T14:31:19.6387141+08:00" testType="13cdc9d9-ddb5-4fa4-a97d-d965ccfc6d4b" outcome="Passed" testListId="8c84fa94-04c1-424b-9868-57a2d4851a1d" relativeResultsDirectory="2efd37ec-c60f-4762-9351-b7f1ec5f7804" />
    <UnitTestResult executionId="08a7b009-6ee1-4006-be0e-b71d5991f6f8" testId="f460eccc-d872-d7fc-5445-e44aa42d9700" testName="AIVTuber.Tests.VtsProtocolTests.InjectParameterData_UsesModeAndParameterValuesArray" computerName="ZWSZ-130823" duration="00:00:00.1397920" startTime="2026-07-13T14:31:19.6339981+08:00" endTime="2026-07-13T14:31:19.7781700+08:00" testType="13cdc9d9-ddb5-4fa4-a97d-d965ccfc6d4b" outcome="Passed" testListId="8c84fa94-04c1-424b-9868-57a2d4851a1d" relativeResultsDirectory="08a7b009-6ee1-4006-be0e-b71d5991f6f8" />
    <UnitTestResult executionId="b0d16f00-22f5-4cdd-8abc-140e3b53ebe6" testId="2055577a-eee0-3486-1e60-c14651a792fe" testName="AIVTuber.Tests.AsrSidecarTests.Health_contract_requires_explicit_ready(status: &quot;failed&quot;, expected: Failed, expectedReady: False)" computerName="ZWSZ-130823" duration="00:00:00.0000289" startTime="2026-07-13T14:31:19.9182758+08:00" endTime="2026-07-13T14:31:19.9183102+08:00" testType="13cdc9d9-ddb5-4fa4-a97d-d965ccfc6d4b" outcome="Passed" testListId="8c84fa94-04c1-424b-9868-57a2d4851a1d" relativeResultsDirectory="b0d16f00-22f5-4cdd-8abc-140e3b53ebe6" />
    <UnitTestResult executionId="37562e7f-6230-4b2d-bc2e-c1a0d68f98d0" testId="f6efa12b-4909-bcbf-8879-09bbb8402b71" testName="AIVTuber.Tests.ConfigViewModelTests.Working_DeepCopies_ActionMapDictionary" computerName="ZWSZ-130823" duration="00:00:00.2306669" startTime="2026-07-13T14:31:21.9571238+08:00" endTime="2026-07-13T14:31:22.1870376+08:00" testType="13cdc9d9-ddb5-4fa4-a97d-d965ccfc6d4b" outcome="Passed" testListId="8c84fa94-04c1-424b-9868-57a2d4851a1d" relativeResultsDirectory="37562e7f-6230-4b2d-bc2e-c1a0d68f98d0" />
    <UnitTestResult executionId="dbf1ac26-3c48-4dcf-bc54-4b6cb0d08332" testId="a103b16a-ac13-db11-1561-5396882b1e79" testName="AIVTuber.Tests.ConfigViewModelTests.SaveAsync_RaisesPropertyChangedForStatus" computerName="ZWSZ-130823" duration="00:00:00.2405779" startTime="2026-07-13T14:31:20.9976498+08:00" endTime="2026-07-13T14:31:21.2379710+08:00" testType="13cdc9d9-ddb5-4fa4-a97d-d965ccfc6d4b" outcome="Passed" testListId="8c84fa94-04c1-424b-9868-57a2d4851a1d" relativeResultsDirectory="dbf1ac26-3c48-4dcf-bc54-4b6cb0d08332" />
    <UnitTestResult executionId="145d5795-91c7-4a17-829c-270ec0ae4558" testId="d9f787fe-5037-2034-3701-a390a91d6718" testName="AIVTuber.Tests.DashScopeProtocolTests.FinishTask_HasFinishAction" computerName="ZWSZ-130823" duration="00:00:00.0094877" startTime="2026-07-13T14:31:19.9069087+08:00" endTime="2026-07-13T14:31:19.9077099+08:00" testType="13cdc9d9-ddb5-4fa4-a97d-d965ccfc6d4b" outcome="Passed" testListId="8c84fa94-04c1-424b-9868-57a2d4851a1d" relativeResultsDirectory="145d5795-91c7-4a17-829c-270ec0ae4558" />
    <UnitTestResult executionId="1f6300ef-e74b-4bdc-903b-e5d65d0e4398" testId="d998084d-8558-3d6a-280b-3847e382d710" testName="AIVTuber.Tests.ConfigDiffTests.VtsEmotionMapChange_IsLightUpdateParams" computerName="ZWSZ-130823" duration="00:00:00.0002300" startTime="2026-07-13T14:31:19.6166211+08:00" endTime="2026-07-13T14:31:19.6171349+08:00" testType="13cdc9d9-ddb5-4fa4-a97d-d965ccfc6d4b" outcome="Passed" testListId="8c84fa94-04c1-424b-9868-57a2d4851a1d" relativeResultsDirectory="1f6300ef-e74b-4bdc-903b-e5d65d0e4398" />
    <UnitTestResult executionId="a5b51f53-7a88-4abc-ad32-1fc2f9feba09" testId="924fa9ac-8d2b-b273-5796-887ebda40d21" testName="AIVTuber.Tests.MicrophoneCaptureTests.ListDevices_ReturnsArray" computerName="ZWSZ-130823" duration="00:00:00.1081141" startTime="2026-07-13T14:31:19.6547278+08:00" endTime="2026-07-13T14:31:19.7516275+08:00" testType="13cdc9d9-ddb5-4fa4-a97d-d965ccfc6d4b" outcome="Passed" testListId="8c84fa94-04c1-424b-9868-57a2d4851a1d" relativeResultsDirectory="a5b51f53-7a88-4abc-ad32-1fc2f9feba09" />
    <UnitTestResult executionId="5382aca7-3cfb-46cc-b50e-aa52db0cc98a" testId="7eeb5109-7334-7477-1607-2924f46c5632" testName="AIVTuber.Tests.ConfigDiffContractTests.AsrAndTtsRuntimeField_MapsToExactChange(property: &quot;Tts.Speed&quot;, mutate: Action`1 { Method = Void &lt;get_AsrAndTtsRuntimeFields&gt;b__2_11(AIVTuber.Core.Config.AppConfig), Target = &lt;&gt;c { } }, expected: RebuildTts)" computerName="ZWSZ-130823" duration="00:00:00.0000696" startTime="2026-07-13T14:31:19.7921179+08:00" endTime="2026-07-13T14:31:19.7921526+08:00" testType="13cdc9d9-ddb5-4fa4-a97d-d965ccfc6d4b" outcome="Passed" testListId="8c84fa94-04c1-424b-9868-57a2d4851a1d" relativeResultsDirectory="5382aca7-3cfb-46cc-b50e-aa52db0cc98a" />
    <UnitTestResult executionId="c9274148-de93-4415-afbb-f3b3986dae03" testId="9a41dc5a-e719-8bd5-ede1-e0131560bfb5" testName="AIVTuber.Tests.RequestCoordinatorTests.Priority_IsDeterministic(source: 3, expected: 3)" computerName="ZWSZ-130823" duration="00:00:00.0001252" startTime="2026-07-13T14:31:19.8598177+08:00" endTime="2026-07-13T14:31:19.8599496+08:00" testType="13cdc9d9-ddb5-4fa4-a97d-d965ccfc6d4b" outcome="Passed" testListId="8c84fa94-04c1-424b-9868-57a2d4851a1d" relativeResultsDirectory="c9274148-de93-4415-afbb-f3b3986dae03" />
    <UnitTestResult executionId="61041c89-9173-49d3-ba1a-5965f6889d20" testId="29c77528-d36f-b8d4-25b5-0d0f26207ed9" testName="AIVTuber.Tests.ConfigDiffTests.BilibiliIntervalChange_IsLight_ButRoomChange_IsHeavy" computerName="ZWSZ-130823" duration="00:00:00.0002543" startTime="2026-07-13T14:31:19.6162821+08:00" endTime="2026-07-13T14:31:19.6163190+08:00" testType="13cdc9d9-ddb5-4fa4-a97d-d965ccfc6d4b" outcome="Passed" testListId="8c84fa94-04c1-424b-9868-57a2d4851a1d" relativeResultsDirectory="61041c89-9173-49d3-ba1a-5965f6889d20" />
    <UnitTestResult executionId="6d51d531-f0a4-4354-9012-eeeb7c2b6aec" testId="8f8d6b18-8212-e83b-b1fd-2eaf7ceb1673" testName="AIVTuber.Tests.ConfigDiffTests.NoChange_ReturnsNone" computerName="ZWSZ-130823" duration="00:00:00.0000743" startTime="2026-07-13T14:31:19.6174843+08:00" endTime="2026-07-13T14:31:19.6175275+08:00" testType="13cdc9d9-ddb5-4fa4-a97d-d965ccfc6d4b" outcome="Passed" testListId="8c84fa94-04c1-424b-9868-57a2d4851a1d" relativeResultsDirectory="6d51d531-f0a4-4354-9012-eeeb7c2b6aec" />
    <UnitTestResult executionId="430c8642-cbdd-4696-9601-a9e436240a2f" testId="afffcf8a-ef11-4f88-9137-69b4a42d8929" testName="AIVTuber.Tests.MonitorViewModelTests.LatencyExposed_AfterVoiceFlow" computerName="ZWSZ-130823" duration="00:00:00.0024906" startTime="2026-07-13T14:31:19.8133498+08:00" endTime="2026-07-13T14:31:19.8136686+08:00" testType="13cdc9d9-ddb5-4fa4-a97d-d965ccfc6d4b" outcome="Passed" testListId="8c84fa94-04c1-424b-9868-57a2d4851a1d" relativeResultsDirectory="430c8642-cbdd-4696-9601-a9e436240a2f" />
    <UnitTestResult executionId="6e4fba07-ed03-4256-b8b6-d65e90a29f40" testId="b85f1ae0-3dbb-2dbf-318a-d4fa28c7a533" testName="AIVTuber.Tests.WordPieceTokenizerTests.Encode_WrapsWithClsAndSep" computerName="ZWSZ-130823" duration="00:00:00.0000843" startTime="2026-07-13T14:31:19.9310384+08:00" endTime="2026-07-13T14:31:19.9310765+08:00" testType="13cdc9d9-ddb5-4fa4-a97d-d965ccfc6d4b" outcome="Passed" testListId="8c84fa94-04c1-424b-9868-57a2d4851a1d" relativeResultsDirectory="6e4fba07-ed03-4256-b8b6-d65e90a29f40" />
    <UnitTestResult executionId="2f8028d1-8c98-4735-bf06-e738a08b8f98" testId="705f1910-86ca-1650-7ea2-647f30667cde" testName="AIVTuber.Tests.BotRuntimeLifecycleTests.DisposeAsync_waits_for_supervised_background_tasks" computerName="ZWSZ-130823" duration="00:00:00.2230245" startTime="2026-07-13T14:31:19.6491715+08:00" endTime="2026-07-13T14:31:19.8858517+08:00" testType="13cdc9d9-ddb5-4fa4-a97d-d965ccfc6d4b" outcome="Passed" testListId="8c84fa94-04c1-424b-9868-57a2d4851a1d" relativeResultsDirectory="2f8028d1-8c98-4735-bf06-e738a08b8f98" />
    <UnitTestResult executionId="d28158a9-ca8e-4ad8-a4a0-82b085315e17" testId="a531b302-4e30-7adc-b7b0-d3501d74733c" testName="AIVTuber.Tests.ViewerRepositoryTests.RecordInteractionAsync_CreatesNewViewer" computerName="ZWSZ-130823" duration="00:00:00.0057486" startTime="2026-07-13T14:31:19.8782674+08:00" endTime="2026-07-13T14:31:19.9219885+08:00" testType="13cdc9d9-ddb5-4fa4-a97d-d965ccfc6d4b" outcome="Passed" testListId="8c84fa94-04c1-424b-9868-57a2d4851a1d" relativeResultsDirectory="d28158a9-ca8e-4ad8-a4a0-82b085315e17" />
    <UnitTestResult executionId="2647dc85-39d9-4d5b-bf08-0eb917fcc9cb" testId="c710376a-7158-e2a1-0d1d-b351be2731c4" testName="AIVTuber.Tests.TtsClientTests.Constructor_SetsProvider" computerName="ZWSZ-130823" duration="00:00:00.0037449" startTime="2026-07-13T14:31:19.7573973+08:00" endTime="2026-07-13T14:31:19.7633210+08:00" testType="13cdc9d9-ddb5-4fa4-a97d-d965ccfc6d4b" outcome="Passed" testListId="8c84fa94-04c1-424b-9868-57a2d4851a1d" relativeResultsDirectory="2647dc85-39d9-4d5b-bf08-0eb917fcc9cb" />
    <UnitTestResult executionId="8e9d4c2e-8672-46fc-915d-51c7c4f50cf7" testId="2b698b09-6766-340a-dd68-06afa8dd91f0" testName="AIVTuber.Tests.VtsConfigTests.VtsConfig_EmotionMap_Works" computerName="ZWSZ-130823" duration="00:00:00.0002454" startTime="2026-07-13T14:31:19.7743765+08:00" endTime="2026-07-13T14:31:19.7744131+08:00" testType="13cdc9d9-ddb5-4fa4-a97d-d965ccfc6d4b" outcome="Passed" testListId="8c84fa94-04c1-424b-9868-57a2d4851a1d" relativeResultsDirectory="8e9d4c2e-8672-46fc-915d-51c7c4f50cf7" />
    <UnitTestResult executionId="7e314931-43d5-462a-b57f-a9a67cf76df1" testId="b30057c4-930c-3727-74ea-1a4a1bd94f48" testName="AIVTuber.Tests.InterfaceTests.ITtsClient_InterfaceExists" computerName="ZWSZ-130823" duration="00:00:00.0000745" startTime="2026-07-13T14:31:19.6062522+08:00" endTime="2026-07-13T14:31:19.6063388+08:00" testType="13cdc9d9-ddb5-4fa4-a97d-d965ccfc6d4b" outcome="Passed" testListId="8c84fa94-04c1-424b-9868-57a2d4851a1d" relativeResultsDirectory="7e314931-43d5-462a-b57f-a9a67cf76df1" />
    <UnitTestResult executionId="4e54e7f9-9706-41f6-a1f2-d4467aff444e" testId="31ef90d4-fadb-9c8c-be13-6e50689ba91b" testName="AIVTuber.Tests.ViewerRepositoryTests.UpsertAsync_InsertsNewViewer" computerName="ZWSZ-130823" duration="00:00:00.0108876" startTime="2026-07-13T14:31:19.5325718+08:00" endTime="2026-07-13T14:31:19.8381585+08:00" testType="13cdc9d9-ddb5-4fa4-a97d-d965ccfc6d4b" outcome="Passed" testListId="8c84fa94-04c1-424b-9868-57a2d4851a1d" relativeResultsDirectory="4e54e7f9-9706-41f6-a1f2-d4467aff444e" />
    <UnitTestResult executionId="2408846a-561c-4289-afb4-44840abd8eb5" testId="bc83922a-93cc-3ddb-5c28-0b4d4d512eeb" testName="AIVTuber.Tests.LlmClientTests.ContainsSentenceBoundary_NoBoundary" computerName="ZWSZ-130823" duration="00:00:00.0001271" startTime="2026-07-13T14:31:19.9880907+08:00" endTime="2026-07-13T14:31:19.9881213+08:00" testType="13cdc9d9-ddb5-4fa4-a97d-d965ccfc6d4b" outcome="Passed" testListId="8c84fa94-04c1-424b-9868-57a2d4851a1d" relativeResultsDirectory="2408846a-561c-4289-afb4-44840abd8eb5" />
    <UnitTestResult executionId="d0bbd6a4-8f53-4fb8-9628-4f97798cce2e" testId="99688a8e-f465-3787-1745-81493eef8a32" testName="AIVTuber.Tests.AsrClientTests.PcmToWav_DifferentSampleRates" computerName="ZWSZ-130823" duration="00:00:00.0031978" startTime="2026-07-13T14:31:19.7679323+08:00" endTime="2026-07-13T14:31:19.7680109+08:00" testType="13cdc9d9-ddb5-4fa4-a97d-d965ccfc6d4b" outcome="Passed" testListId="8c84fa94-04c1-424b-9868-57a2d4851a1d" relativeResultsDirectory="d0bbd6a4-8f53-4fb8-9628-4f97798cce2e" />
    <UnitTestResult executionId="6b30c3ed-b931-4fd7-ae9f-dbb62733390e" testId="a570bbc2-99cc-b8b9-f758-23ecea6d95c1" testName="AIVTuber.Tests.HostileCoordinatorVerificationTests.SameClock_ReplayedOneHundredTimes_HasDeterministicMonotonicGenerations" computerName="ZWSZ-130823" duration="00:00:00.1239380" startTime="2026-07-13T14:31:19.6542939+08:00" endTime="2026-07-13T14:31:19.8146162+08:00" testType="13cdc9d9-ddb5-4fa4-a97d-d965ccfc6d4b" outcome="Passed" testListId="8c84fa94-04c1-424b-9868-57a2d4851a1d" relativeResultsDirectory="6b30c3ed-b931-4fd7-ae9f-dbb62733390e" />
    <UnitTestResult executionId="6976a5e6-c283-45eb-b4fe-7ab702d0bc78" testId="d066bb02-a811-0629-afa1-4869b50e18bd" testName="AIVTuber.Tests.ConfigSnapshotApplyTests.ConcurrentApplies_AreSerialized" computerName="ZWSZ-130823" duration="00:00:00.0764485" startTime="2026-07-13T14:31:19.9413302+08:00" endTime="2026-07-13T14:31:20.0222247+08:00" testType="13cdc9d9-ddb5-4fa4-a97d-d965ccfc6d4b" outcome="Passed" testListId="8c84fa94-04c1-424b-9868-57a2d4851a1d" relativeResultsDirectory="6976a5e6-c283-45eb-b4fe-7ab702d0bc78" />
    <UnitTestResult executionId="6cb9b984-1a11-493e-bfe3-64e56ce6f9d9" testId="d559f2d8-756e-9c95-45c5-9ca22b71d9f0" testName="AIVTuber.Tests.DanmakuSelectorTests.TrySelectNextAsync_PrefersQuestion" computerName="ZWSZ-130823" duration="00:00:00.0005170" startTime="2026-07-13T14:31:19.6405107+08:00" endTime="2026-07-13T14:31:19.6436866+08:00" testType="13cdc9d9-ddb5-4fa4-a97d-d965ccfc6d4b" outcome="Passed" testListId="8c84fa94-04c1-424b-9868-57a2d4851a1d" relativeResultsDirectory="6cb9b984-1a11-493e-bfe3-64e56ce6f9d9" />
    <UnitTestResult executionId="89b2b669-f3da-457f-802e-246caa0fc0cd" testId="fcb06f72-0c1a-0ab0-0f74-7f7435aac9f9" testName="AIVTuber.Tests.ConfigManagerTests.Save_AtomicallyReplacesFileWithoutLeavingTemporaryFile" computerName="ZWSZ-130823" duration="00:00:00.0262668" startTime="2026-07-13T14:31:19.8912455+08:00" endTime="2026-07-13T14:31:19.9193755+08:00" testType="13cdc9d9-ddb5-4fa4-a97d-d965ccfc6d4b" outcome="Passed" testListId="8c84fa94-04c1-424b-9868-57a2d4851a1d" relativeResultsDirectory="89b2b669-f3da-457f-802e-246caa0fc0cd" />
    <UnitTestResult executionId="3b767c98-c493-4a57-933c-0a1fa459a478" testId="0f5aa62c-327b-24c1-f1d2-899547b7eabb" testName="AIVTuber.Tests.ConfigDiffTests.MultipleChanges_AreCombined" computerName="ZWSZ-130823" duration="00:00:00.0002203" startTime="2026-07-13T14:31:19.6187433+08:00" endTime="2026-07-13T14:31:19.6190675+08:00" testType="13cdc9d9-ddb5-4fa4-a97d-d965ccfc6d4b" outcome="Passed" testListId="8c84fa94-04c1-424b-9868-57a2d4851a1d" relativeResultsDirectory="3b767c98-c493-4a57-933c-0a1fa459a478" />
    <UnitTestResult executionId="2e95e4a1-0a91-481d-abe9-418a1713b747" testId="f9fa064a-3e40-2207-91fa-0f57199e0d4d" testName="AIVTuber.Tests.ViewerRepositoryTests.IsRegularAsync_ReturnsFalseForNewViewer" computerName="ZWSZ-130823" duration="00:00:00.0019864" startTime="2026-07-13T14:31:19.8386699+08:00" endTime="2026-07-13T14:31:19.8772283+08:00" testType="13cdc9d9-ddb5-4fa4-a97d-d965ccfc6d4b" outcome="Passed" testListId="8c84fa94-04c1-424b-9868-57a2d4851a1d" relativeResultsDirectory="2e95e4a1-0a91-481d-abe9-418a1713b747" />
    <UnitTestResult executionId="cfc55f0a-72ce-4d9e-a7f3-1a411f1e3a54" testId="7f5aa893-bdbe-5115-4080-fe9c518ead50" testName="AIVTuber.Tests.HostileCoordinatorVerificationTests.CancelCurrentAsync_WaitsForCancelledCommandCleanup" computerName="ZWSZ-130823" duration="00:00:00.0654447" startTime="2026-07-13T14:31:19.8874489+08:00" endTime="2026-07-13T14:31:19.9654836+08:00" testType="13cdc9d9-ddb5-4fa4-a97d-d965ccfc6d4b" outcome="Passed" testListId="8c84fa94-04c1-424b-9868-57a2d4851a1d" relativeResultsDirectory="cfc55f0a-72ce-4d9e-a7f3-1a411f1e3a54" />
    <UnitTestResult executionId="e1eb22ec-97a9-457b-b9be-6b5dfb6d289a" testId="82913360-77b9-5ef7-3bd3-11d5b6ed45c3" testName="AIVTuber.Tests.DanmakuSelectorTests.Clear_EmptiesQueue" computerName="ZWSZ-130823" duration="00:00:00.0001591" startTime="2026-07-13T14:31:19.6453828+08:00" endTime="2026-07-13T14:31:19.6457037+08:00" testType="13cdc9d9-ddb5-4fa4-a97d-d965ccfc6d4b" outcome="Passed" testListId="8c84fa94-04c1-424b-9868-57a2d4851a1d" relativeResultsDirectory="e1eb22ec-97a9-457b-b9be-6b5dfb6d289a" />
    <UnitTestResult executionId="06f8569b-e232-4bc4-9d91-31e17f36b134" testId="156f6a83-f0f9-e76e-204d-8f75a59ff21e" testName="AIVTuber.Tests.RequestCoordinatorTests.Envelopes_HaveMonotonicGenerationSequenceAndClock" computerName="ZWSZ-130823" duration="00:00:00.0392553" startTime="2026-07-13T14:31:19.9697139+08:00" endTime="2026-07-13T14:31:20.0059647+08:00" testType="13cdc9d9-ddb5-4fa4-a97d-d965ccfc6d4b" outcome="Passed" testListId="8c84fa94-04c1-424b-9868-57a2d4851a1d" relativeResultsDirectory="06f8569b-e232-4bc4-9d91-31e17f36b134" />
    <UnitTestResult executionId="26aca816-ac7f-4a6c-a71d-c8921660e98a" testId="9bafdd23-1f51-4afc-e0c0-1463686f3abd" testName="AIVTuber.Tests.WordPieceTokenizerTests.Tokenize_SplitsPunctuation" computerName="ZWSZ-130823" duration="00:00:00.0000821" startTime="2026-07-13T14:31:19.9317039+08:00" endTime="2026-07-13T14:31:19.9317327+08:00" testType="13cdc9d9-ddb5-4fa4-a97d-d965ccfc6d4b" outcome="Passed" testListId="8c84fa94-04c1-424b-9868-57a2d4851a1d" relativeResultsDirectory="26aca816-ac7f-4a6c-a71d-c8921660e98a" />
    <UnitTestResult executionId="0e184f4a-352a-440f-9a06-e7255a90b188" testId="13e1cc18-696e-efbc-09bc-3f239b86f341" testName="AIVTuber.Tests.DanmakuSelectorTests.TrySelectNextAsync_EmptyQueue_DoesNotSelect" computerName="ZWSZ-130823" duration="00:00:00.0005616" startTime="2026-07-13T14:31:19.6358029+08:00" endTime="2026-07-13T14:31:19.6380137+08:00" testType="13cdc9d9-ddb5-4fa4-a97d-d965ccfc6d4b" outcome="Passed" testListId="8c84fa94-04c1-424b-9868-57a2d4851a1d" relativeResultsDirectory="0e184f4a-352a-440f-9a06-e7255a90b188" />
    <UnitTestResult executionId="5ab8675f-1787-4f6b-a573-118a9a2ead2d" testId="ed480793-d72d-ff03-b79b-6ce9d48b19d2" testName="AIVTuber.Tests.ConfigSnapshotApplyTests.Constructor_IsolatesRuntimeSnapshotFromCaller" computerName="ZWSZ-130823" duration="00:00:00.0253852" startTime="2026-07-13T14:31:19.7631398+08:00" endTime="2026-07-13T14:31:19.7944203+08:00" testType="13cdc9d9-ddb5-4fa4-a97d-d965ccfc6d4b" outcome="Passed" testListId="8c84fa94-04c1-424b-9868-57a2d4851a1d" relativeResultsDirectory="5ab8675f-1787-4f6b-a573-118a9a2ead2d" />
    <UnitTestResult executionId="8b9d25fd-eff3-4af3-8b7f-7c26f831354c" testId="32a2fddd-eff9-204a-d2d5-6c74d33b2fc0" testName="AIVTuber.Tests.ActionStreamingTests.Parser_PreservesIncompleteTextThatIsNotAControlTag(input: &quot;[act&quot;)" computerName="ZWSZ-130823" duration="00:00:00.0001381" startTime="2026-07-13T14:31:19.6510775+08:00" endTime="2026-07-13T14:31:19.6511233+08:00" testType="13cdc9d9-ddb5-4fa4-a97d-d965ccfc6d4b" outcome="Passed" testListId="8c84fa94-04c1-424b-9868-57a2d4851a1d" relativeResultsDirectory="8b9d25fd-eff3-4af3-8b7f-7c26f831354c" />
    <UnitTestResult executionId="5386261d-3425-41bf-9ed2-09ae51c96158" testId="6d032b10-785b-6086-bd03-9d8fa4ee5c18" testName="AIVTuber.Tests.ActionStreamingTests.Parser_DropsMalformedOrTruncatedActionTags(input: &quot;你好[action wave]。&quot;, expected: &quot;你好。&quot;)" computerName="ZWSZ-130823" duration="00:00:00.0000060" startTime="2026-07-13T14:31:19.6414766+08:00" endTime="2026-07-13T14:31:19.6415244+08:00" testType="13cdc9d9-ddb5-4fa4-a97d-d965ccfc6d4b" outcome="Passed" testListId="8c84fa94-04c1-424b-9868-57a2d4851a1d" relativeResultsDirectory="5386261d-3425-41bf-9ed2-09ae51c96158" />
    <UnitTestResult executionId="3e031223-b309-4860-890a-f77ff2a35572" testId="5a386adb-2b20-08d4-72b9-2b01b6654b9e" testName="AIVTuber.Tests.ActionStreamingTests.Parser_EmitsMultipleDistinctActionsAndDeduplicatesRepeats" computerName="ZWSZ-130823" duration="00:00:00.0001639" startTime="2026-07-13T14:31:19.6529842+08:00" endTime="2026-07-13T14:31:19.6530411+08:00" testType="13cdc9d9-ddb5-4fa4-a97d-d965ccfc6d4b" outcome="Passed" testListId="8c84fa94-04c1-424b-9868-57a2d4851a1d" relativeResultsDirectory="3e031223-b309-4860-890a-f77ff2a35572" />
    <UnitTestResult executionId="56793e35-e8f7-466b-b3ed-a13f3c191190" testId="4182d058-d856-49bd-9060-8c0411ff318e" testName="AIVTuber.Tests.LlmClientTests.ContainsSentenceBoundary_Newline" computerName="ZWSZ-130823" duration="00:00:00.0000713" startTime="2026-07-13T14:31:19.9843999+08:00" endTime="2026-07-13T14:31:19.9844307+08:00" testType="13cdc9d9-ddb5-4fa4-a97d-d965ccfc6d4b" outcome="Passed" testListId="8c84fa94-04c1-424b-9868-57a2d4851a1d" relativeResultsDirectory="56793e35-e8f7-466b-b3ed-a13f3c191190" />
    <UnitTestResult executionId="ff02f549-c57c-4cf6-8c58-821d5e5bdaae" testId="b7edd662-d07e-e4e1-d80a-a2ff8ea03700" testName="AIVTuber.Tests.InterfaceTests.IAsrClient_InterfaceExists" computerName="ZWSZ-130823" duration="00:00:00.0951617" startTime="2026-07-13T14:31:19.5340842+08:00" endTime="2026-07-13T14:31:19.5909147+08:00" testType="13cdc9d9-ddb5-4fa4-a97d-d965ccfc6d4b" outcome="Passed" testListId="8c84fa94-04c1-424b-9868-57a2d4851a1d" relativeResultsDirectory="ff02f549-c57c-4cf6-8c58-821d5e5bdaae" />
    <UnitTestResult executionId="94cd5f81-8c7d-4987-a15d-fbbe2ad00c15" testId="c9e9a4b9-53e8-2ac2-4207-3edd69fc30e4" testName="AIVTuber.Tests.FactRepositoryTests.UpdateContentAsync_ChangesContent" computerName="ZWSZ-130823" duration="00:00:00.0119278" startTime="2026-07-13T14:31:19.9324287+08:00" endTime="2026-07-13T14:31:20.0025235+08:00" testType="13cdc9d9-ddb5-4fa4-a97d-d965ccfc6d4b" outcome="Passed" testListId="8c84fa94-04c1-424b-9868-57a2d4851a1d" relativeResultsDirectory="94cd5f81-8c7d-4987-a15d-fbbe2ad00c15" />
    <UnitTestResult executionId="1ab87460-474a-41d7-83d4-7bf4b94e6ab7" testId="654f9127-63f1-863e-e3a2-027a4002d7dd" testName="AIVTuber.Tests.ConfigSnapshotApplyTests.ApplyFailure_RestoresModulesAndKeepsActiveRevision" computerName="ZWSZ-130823" duration="00:00:00.0042980" startTime="2026-07-13T14:31:19.8171104+08:00" endTime="2026-07-13T14:31:19.8279244+08:00" testType="13cdc9d9-ddb5-4fa4-a97d-d965ccfc6d4b" outcome="Passed" testListId="8c84fa94-04c1-424b-9868-57a2d4851a1d" relativeResultsDirectory="1ab87460-474a-41d7-83d4-7bf4b94e6ab7" />
    <UnitTestResult executionId="e0d32946-cc96-434b-b40c-6475a89f1c20" testId="e4a11602-48d0-42c4-1364-d73e0760d0c8" testName="AIVTuber.Tests.VtsModelsTests.VtsResponse_DefaultValues" computerName="ZWSZ-130823" duration="00:00:00.0005035" startTime="2026-07-13T14:31:19.6399911+08:00" endTime="2026-07-13T14:31:19.6432702+08:00" testType="13cdc9d9-ddb5-4fa4-a97d-d965ccfc6d4b" outcome="Passed" testListId="8c84fa94-04c1-424b-9868-57a2d4851a1d" relativeResultsDirectory="e0d32946-cc96-434b-b40c-6475a89f1c20" />
    <UnitTestResult executionId="3c095eaa-d05a-47a8-9864-2a5f1dd4cf4c" testId="b5047ed8-46f1-c2b7-39c9-39830337b078" testName="AIVTuber.Tests.ConfigSnapshotApplyTests.Apply_ClonesCandidateAndAdvancesActiveRevisionOnlyAfterSuccess" computerName="ZWSZ-130823" duration="00:00:00.0802792" startTime="2026-07-13T14:31:19.8296258+08:00" endTime="2026-07-13T14:31:19.9277256+08:00" testType="13cdc9d9-ddb5-4fa4-a97d-d965ccfc6d4b" outcome="Passed" testListId="8c84fa94-04c1-424b-9868-57a2d4851a1d" relativeResultsDirectory="3c095eaa-d05a-47a8-9864-2a5f1dd4cf4c" />
    <UnitTestResult executionId="ad7e8794-a734-4cc6-b6d9-cf92bd9fdc86" testId="d4ca92eb-02f6-259b-4af4-d336d6ba33a1" testName="AIVTuber.Tests.BotOrchestratorLifecycleTests.Disposed_orchestrator_is_collectible_while_publishers_remain_alive" computerName="ZWSZ-130823" duration="00:00:00.0450993" startTime="2026-07-13T14:31:19.7693031+08:00" endTime="2026-07-13T14:31:19.8122772+08:00" testType="13cdc9d9-ddb5-4fa4-a97d-d965ccfc6d4b" outcome="Passed" testListId="8c84fa94-04c1-424b-9868-57a2d4851a1d" relativeResultsDirectory="ad7e8794-a734-4cc6-b6d9-cf92bd9fdc86" />
    <UnitTestResult executionId="f3b13e75-2bab-498a-bbf1-5d0c3625df38" testId="2dd3fe74-d246-dd26-2400-e75939aca3aa" testName="AIVTuber.Tests.HostileCoordinatorVerificationTests.DisposeAsync_WaitsForInflightCleanupAndRejectsFurtherCommands" computerName="ZWSZ-130823" duration="00:00:00.0473745" startTime="2026-07-13T14:31:19.9679535+08:00" endTime="2026-07-13T14:31:20.0176166+08:00" testType="13cdc9d9-ddb5-4fa4-a97d-d965ccfc6d4b" outcome="Passed" testListId="8c84fa94-04c1-424b-9868-57a2d4851a1d" relativeResultsDirectory="f3b13e75-2bab-498a-bbf1-5d0c3625df38" />
    <UnitTestResult executionId="3ba12d04-d9c2-4043-b3b7-a2de94b6b2f8" testId="c6d2ad32-cb5f-d400-88ed-4c147267fb8a" testName="AIVTuber.Tests.ViewerRepositoryTests.IsRegularAsync_ReturnsTrueAfterThreshold" computerName="ZWSZ-130823" duration="00:00:00.0334467" startTime="2026-07-13T14:31:19.9223529+08:00" endTime="2026-07-13T14:31:20.0050845+08:00" testType="13cdc9d9-ddb5-4fa4-a97d-d965ccfc6d4b" outcome="Passed" testListId="8c84fa94-04c1-424b-9868-57a2d4851a1d" relativeResultsDirectory="3ba12d04-d9c2-4043-b3b7-a2de94b6b2f8" />
    <UnitTestResult executionId="7ba2de31-4320-44e1-ae59-21a77f88d24d" testId="e2c76dc6-ece6-f064-e60d-d1fdafec393d" testName="AIVTuber.Tests.ConfigDiffTests.ObsComponentName_Light_ButPassword_Heavy" computerName="ZWSZ-130823" duration="00:00:00.0001562" startTime="2026-07-13T14:31:19.6181167+08:00" endTime="2026-07-13T14:31:19.6181718+08:00" testType="13cdc9d9-ddb5-4fa4-a97d-d965ccfc6d4b" outcome="Passed" testListId="8c84fa94-04c1-424b-9868-57a2d4851a1d" relativeResultsDirectory="7ba2de31-4320-44e1-ae59-21a77f88d24d" />
    <UnitTestResult executionId="bde66ce4-fa2a-4a2a-aad8-162d3baabf42" testId="abff948d-33e8-0f43-602a-e995822bace1" testName="AIVTuber.Tests.ActionStreamingTests.Parser_PreservesOrdinaryBracketedText" computerName="ZWSZ-130823" duration="00:00:00.0001031" startTime="2026-07-13T14:31:19.6517345+08:00" endTime="2026-07-13T14:31:19.6517746+08:00" testType="13cdc9d9-ddb5-4fa4-a97d-d965ccfc6d4b" outcome="Passed" testListId="8c84fa94-04c1-424b-9868-57a2d4851a1d" relativeResultsDirectory="bde66ce4-fa2a-4a2a-aad8-162d3baabf42" />
    <UnitTestResult executionId="e44abbd1-44c2-4e7a-86d7-7f84215611c0" testId="7eeb5109-7334-7477-1607-2924f46c5632" testName="AIVTuber.Tests.ConfigDiffContractTests.AsrAndTtsRuntimeField_MapsToExactChange(property: &quot;Tts.ApiKey&quot;, mutate: Action`1 { Method = Void &lt;get_AsrAndTtsRuntimeFields&gt;b__2_7(AIVTuber.Core.Config.AppConfig), Target = &lt;&gt;c { } }, expected: RebuildTts)" computerName="ZWSZ-130823" duration="00:00:00.0001356" startTime="2026-07-13T14:31:19.7912195+08:00" endTime="2026-07-13T14:31:19.7912493+08:00" testType="13cdc9d9-ddb5-4fa4-a97d-d965ccfc6d4b" outcome="Passed" testListId="8c84fa94-04c1-424b-9868-57a2d4851a1d" relativeResultsDirectory="e44abbd1-44c2-4e7a-86d7-7f84215611c0" />
    <UnitTestResult executionId="4bf1a87a-1a56-49f6-ba99-dd7b9877cd3c" testId="74378126-343b-6177-3ddc-619bddefe2aa" testName="AIVTuber.Tests.MonitorViewModelTests.SetField_SuppressesNotificationWhenValueUnchanged" computerName="ZWSZ-130823" duration="00:00:00.3012456" startTime="2026-07-13T14:31:19.5339364+08:00" endTime="2026-07-13T14:31:19.8116513+08:00" testType="13cdc9d9-ddb5-4fa4-a97d-d965ccfc6d4b" outcome="Passed" testListId="8c84fa94-04c1-424b-9868-57a2d4851a1d" relativeResultsDirectory="4bf1a87a-1a56-49f6-ba99-dd7b9877cd3c" />
    <UnitTestResult executionId="ff57b02c-b4ef-481d-ab59-c90229a11259" testId="483d609c-67f0-3606-af31-2f4fa257241e" testName="AIVTuber.Tests.LlmClientTests.ContainsSentenceBoundary_Chinese" computerName="ZWSZ-130823" duration="00:00:00.0000556" startTime="2026-07-13T14:31:19.9861340+08:00" endTime="2026-07-13T14:31:19.9861700+08:00" testType="13cdc9d9-ddb5-4fa4-a97d-d965ccfc6d4b" outcome="Passed" testListId="8c84fa94-04c1-424b-9868-57a2d4851a1d" relativeResultsDirectory="ff57b02c-b4ef-481d-ab59-c90229a11259" />
    <UnitTestResult executionId="3624c644-dbc8-4ba2-97d9-3939f0935dc7" testId="e73cf3d2-a60b-edb2-3e87-be72771cb484" testName="AIVTuber.Tests.ConversationManagerTests.AddUserMessage_IncreasesHistory" computerName="ZWSZ-130823" duration="00:00:00.0001182" startTime="2026-07-13T14:31:19.8950510+08:00" endTime="2026-07-13T14:31:19.9016527+08:00" testType="13cdc9d9-ddb5-4fa4-a97d-d965ccfc6d4b" outcome="Passed" testListId="8c84fa94-04c1-424b-9868-57a2d4851a1d" relativeResultsDirectory="3624c644-dbc8-4ba2-97d9-3939f0935dc7" />
    <UnitTestResult executionId="d83222c2-e590-45ed-9daf-6160e8274577" testId="3e6cd255-3395-46ab-77ae-42e91b7df46b" testName="AIVTuber.Tests.ActionStreamingTests.Parser_PreservesIncompleteTextThatIsNotAControlTag(input: &quot;[&quot;)" computerName="ZWSZ-130823" duration="00:00:00.0001234" startTime="2026-07-13T14:31:19.6503984+08:00" endTime="2026-07-13T14:31:19.6504489+08:00" testType="13cdc9d9-ddb5-4fa4-a97d-d965ccfc6d4b" outcome="Passed" testListId="8c84fa94-04c1-424b-9868-57a2d4851a1d" relativeResultsDirectory="d83222c2-e590-45ed-9daf-6160e8274577" />
    <UnitTestResult executionId="712980a8-47a1-47f5-8248-07482a476fc3" testId="42bdbf0f-0bf5-1470-910d-5de05fbd2078" testName="AIVTuber.Tests.ActionStreamingTests.Parser_DropsMalformedOrTruncatedActionTags(input: &quot;你好[action:wave\n继续。&quot;, expected: &quot;你好\n继续。&quot;)" computerName="ZWSZ-130823" duration="00:00:00.0003858" startTime="2026-07-13T14:31:19.6383123+08:00" endTime="2026-07-13T14:31:19.6391774+08:00" testType="13cdc9d9-ddb5-4fa4-a97d-d965ccfc6d4b" outcome="Passed" testListId="8c84fa94-04c1-424b-9868-57a2d4851a1d" relativeResultsDirectory="712980a8-47a1-47f5-8248-07482a476fc3" />
    <UnitTestResult executionId="33a13b82-35f0-480a-ba17-41ed3bbd31e3" testId="0679a33e-8940-d874-50a0-288408aa1eef" testName="AIVTuber.Tests.HostileCoordinatorVerificationTests.PendingBurst_IsCapacityOneAndLatestWins" computerName="ZWSZ-130823" duration="00:00:00.0440111" startTime="2026-07-13T14:31:19.8167430+08:00" endTime="2026-07-13T14:31:19.8861964+08:00" testType="13cdc9d9-ddb5-4fa4-a97d-d965ccfc6d4b" outcome="Passed" testListId="8c84fa94-04c1-424b-9868-57a2d4851a1d" relativeResultsDirectory="33a13b82-35f0-480a-ba17-41ed3bbd31e3" />
    <UnitTestResult executionId="fdc8a8bb-f605-407c-a27e-dc006ec511b4" testId="84660676-95cf-b351-7d70-80efe6006049" testName="AIVTuber.Tests.LoopbackCaptureTests.Stop_WhenNotStarted_DoesNotThrow" computerName="ZWSZ-130823" duration="00:00:00.0001140" startTime="2026-07-13T14:31:20.1211884+08:00" endTime="2026-07-13T14:31:20.1212532+08:00" testType="13cdc9d9-ddb5-4fa4-a97d-d965ccfc6d4b" outcome="Passed" testListId="8c84fa94-04c1-424b-9868-57a2d4851a1d" relativeResultsDirectory="fdc8a8bb-f605-407c-a27e-dc006ec511b4" />
    <UnitTestResult executionId="b773bbeb-b188-43fc-a6d0-892f2cf09ee6" testId="9473be15-394f-8337-283a-defd0081e4aa" testName="AIVTuber.Tests.AsrSidecarTests.Readiness_waits_through_loading_until_ready" computerName="ZWSZ-130823" duration="00:00:00.0007089" startTime="2026-07-13T14:31:19.9199651+08:00" endTime="2026-07-13T14:31:19.9199937+08:00" testType="13cdc9d9-ddb5-4fa4-a97d-d965ccfc6d4b" outcome="Passed" testListId="8c84fa94-04c1-424b-9868-57a2d4851a1d" relativeResultsDirectory="b773bbeb-b188-43fc-a6d0-892f2cf09ee6" />
    <UnitTestResult executionId="ba6f749a-4ec4-41e9-bc88-756a8d0d04f5" testId="c378e3a9-7376-a206-dc4e-7c2e2385759c" testName="AIVTuber.Tests.TtsHotReloadTests.NextDashScopeRequest_UsesNewModelAndSpeed" computerName="ZWSZ-130823" duration="00:00:00.0060272" startTime="2026-07-13T14:31:19.7597882+08:00" endTime="2026-07-13T14:31:19.7686397+08:00" testType="13cdc9d9-ddb5-4fa4-a97d-d965ccfc6d4b" outcome="Passed" testListId="8c84fa94-04c1-424b-9868-57a2d4851a1d" relativeResultsDirectory="ba6f749a-4ec4-41e9-bc88-756a8d0d04f5" />
    <UnitTestResult executionId="2d9f91a2-678a-4881-8f52-cb5544acaab4" testId="ea2bed10-3429-3198-d132-efcacb144db9" testName="AIVTuber.Tests.ConversationManagerTests.AddAssistantMessage_IncreasesHistory" computerName="ZWSZ-130823" duration="00:00:00.0001040" startTime="2026-07-13T14:31:19.8939193+08:00" endTime="2026-07-13T14:31:19.8939528+08:00" testType="13cdc9d9-ddb5-4fa4-a97d-d965ccfc6d4b" outcome="Passed" testListId="8c84fa94-04c1-424b-9868-57a2d4851a1d" relativeResultsDirectory="2d9f91a2-678a-4881-8f52-cb5544acaab4" />
    <UnitTestResult executionId="82762b40-743c-4711-a3df-01c46d5b4cd5" testId="cec05b07-c5d0-a2c9-dc34-dfb979e4b216" testName="AIVTuber.Tests.DanmakuSelectorTests.TrySelectNextAsync_SelectsQueuedDanmaku" computerName="ZWSZ-130823" duration="00:00:00.0006639" startTime="2026-07-13T14:31:19.6474965+08:00" endTime="2026-07-13T14:31:19.6475510+08:00" testType="13cdc9d9-ddb5-4fa4-a97d-d965ccfc6d4b" outcome="Passed" testListId="8c84fa94-04c1-424b-9868-57a2d4851a1d" relativeResultsDirectory="82762b40-743c-4711-a3df-01c46d5b4cd5" />
    <UnitTestResult executionId="6fa6378c-376c-4106-8bd8-8a6e5605b985" testId="7b62baf1-fdc1-7b16-85cd-69cd3fb9647d" testName="AIVTuber.Tests.RequestCoordinatorTests.CancelCurrent_WaitsForCancellationAndLeavesNoBusyRequest" computerName="ZWSZ-130823" duration="00:00:00.0725638" startTime="2026-07-13T14:31:19.7814742+08:00" endTime="2026-07-13T14:31:19.8591443+08:00" testType="13cdc9d9-ddb5-4fa4-a97d-d965ccfc6d4b" outcome="Passed" testListId="8c84fa94-04c1-424b-9868-57a2d4851a1d" relativeResultsDirectory="6fa6378c-376c-4106-8bd8-8a6e5605b985" />
    <UnitTestResult executionId="c3c14579-0c04-4e20-bf95-c0d445c5826c" testId="2bf0e7f7-4028-1d6b-ba02-530cad4e100d" testName="AIVTuber.Tests.ConfigDiffTests.VtsConnectionChange_IsHeavyReconnect" computerName="ZWSZ-130823" duration="00:00:00.0001572" startTime="2026-07-13T14:31:19.6178101+08:00" endTime="2026-07-13T14:31:19.6178416+08:00" testType="13cdc9d9-ddb5-4fa4-a97d-d965ccfc6d4b" outcome="Passed" testListId="8c84fa94-04c1-424b-9868-57a2d4851a1d" relativeResultsDirectory="c3c14579-0c04-4e20-bf95-c0d445c5826c" />
    <UnitTestResult executionId="72e5ceef-a7c1-4461-9b13-d5b89d8f16f9" testId="3de74221-1388-1d6c-6935-ff0562eac0a2" testName="AIVTuber.Tests.ConversationManagerTests.BuildMessages_WithoutSystemPrompt" computerName="ZWSZ-130823" duration="00:00:00.0041830" startTime="2026-07-13T14:31:19.8858124+08:00" endTime="2026-07-13T14:31:19.8897689+08:00" testType="13cdc9d9-ddb5-4fa4-a97d-d965ccfc6d4b" outcome="Passed" testListId="8c84fa94-04c1-424b-9868-57a2d4851a1d" relativeResultsDirectory="72e5ceef-a7c1-4461-9b13-d5b89d8f16f9" />
    <UnitTestResult executionId="a23d8362-dad5-4a1c-a22f-0de17aba2cfa" testId="3e67598f-502d-daa8-9601-5eae6c100d7f" testName="AIVTuber.Tests.AsrClientTests.NormalizeModel_UsesConfiguredModelOrDefault(configured: &quot;  custom-asr  &quot;, expected: &quot;custom-asr&quot;)" computerName="ZWSZ-130823" duration="00:00:00.0000188" startTime="2026-07-13T14:31:19.7672935+08:00" endTime="2026-07-13T14:31:19.7674410+08:00" testType="13cdc9d9-ddb5-4fa4-a97d-d965ccfc6d4b" outcome="Passed" testListId="8c84fa94-04c1-424b-9868-57a2d4851a1d" relativeResultsDirectory="a23d8362-dad5-4a1c-a22f-0de17aba2cfa" />
    <UnitTestResult executionId="c15a06bc-e06a-4604-a039-bb4c5d7ed5c7" testId="7eeb5109-7334-7477-1607-2924f46c5632" testName="AIVTuber.Tests.ConfigDiffContractTests.AsrAndTtsRuntimeField_MapsToExactChange(property: &quot;Tts.Provider&quot;, mutate: Action`1 { Method = Void &lt;get_AsrAndTtsRuntimeFields&gt;b__2_6(AIVTuber.Core.Config.AppConfig), Target = &lt;&gt;c { } }, expected: RebuildTts)" computerName="ZWSZ-130823" duration="00:00:00.0001158" startTime="2026-07-13T14:31:19.7911419+08:00" endTime="2026-07-13T14:31:19.7911746+08:00" testType="13cdc9d9-ddb5-4fa4-a97d-d965ccfc6d4b" outcome="Passed" testListId="8c84fa94-04c1-424b-9868-57a2d4851a1d" relativeResultsDirectory="c15a06bc-e06a-4604-a039-bb4c5d7ed5c7" />
    <UnitTestResult executionId="56f23b5a-45f0-4201-8b17-4f8c158add67" testId="2479dc35-00df-9a08-66fb-41706377b040" testName="AIVTuber.Tests.AudioPlayerTests.RmsUpdated_CanSubscribe" computerName="ZWSZ-130823" duration="00:00:00.0003908" startTime="2026-07-13T14:31:19.8843342+08:00" endTime="2026-07-13T14:31:19.8844919+08:00" testType="13cdc9d9-ddb5-4fa4-a97d-d965ccfc6d4b" outcome="Passed" testListId="8c84fa94-04c1-424b-9868-57a2d4851a1d" relativeResultsDirectory="56f23b5a-45f0-4201-8b17-4f8c158add67" />
    <UnitTestResult executionId="a0d83ffa-1426-4f71-b13f-418877ff3de6" testId="61c9a8c5-1e12-0586-214c-342feb8299a0" testName="AIVTuber.Tests.ConfigDiffTests.IdenticalNonEmptyEmotionMap_ReturnsNone" computerName="ZWSZ-130823" duration="00:00:00.0001566" startTime="2026-07-13T14:31:19.6072063+08:00" endTime="2026-07-13T14:31:19.6072444+08:00" testType="13cdc9d9-ddb5-4fa4-a97d-d965ccfc6d4b" outcome="Passed" testListId="8c84fa94-04c1-424b-9868-57a2d4851a1d" relativeResultsDirectory="a0d83ffa-1426-4f71-b13f-418877ff3de6" />
    <UnitTestResult executionId="fc7df201-18dc-4cb4-8eb5-d8561644fe03" testId="d94918ef-2ae8-dc71-2e40-a4bd735840cc" testName="AIVTuber.Tests.HostileCoordinatorVerificationTests.LoopbackWhileBusy_IsDroppedWithoutAdvancingGeneration" computerName="ZWSZ-130823" duration="00:00:00.0040518" startTime="2026-07-13T14:31:20.0296225+08:00" endTime="2026-07-13T14:31:20.0336130+08:00" testType="13cdc9d9-ddb5-4fa4-a97d-d965ccfc6d4b" outcome="Passed" testListId="8c84fa94-04c1-424b-9868-57a2d4851a1d" relativeResultsDirectory="fc7df201-18dc-4cb4-8eb5-d8561644fe03" />
    <UnitTestResult executionId="1b30cb6b-bfd8-41fb-bfec-b24f5cb01298" testId="7eeb5109-7334-7477-1607-2924f46c5632" testName="AIVTuber.Tests.ConfigDiffContractTests.AsrAndTtsRuntimeField_MapsToExactChange(property: &quot;Asr.AppId&quot;, mutate: Action`1 { Method = Void &lt;get_AsrAndTtsRuntimeFields&gt;b__2_2(AIVTuber.Core.Config.AppConfig), Target = &lt;&gt;c { } }, expected: RebuildAsr)" computerName="ZWSZ-130823" duration="00:00:00.0002440" startTime="2026-07-13T14:31:19.7816307+08:00" endTime="2026-07-13T14:31:19.7854058+08:00" testType="13cdc9d9-ddb5-4fa4-a97d-d965ccfc6d4b" outcome="Passed" testListId="8c84fa94-04c1-424b-9868-57a2d4851a1d" relativeResultsDirectory="1b30cb6b-bfd8-41fb-bfec-b24f5cb01298" />
    <UnitTestResult executionId="aa77e00d-14cc-48d3-b457-d2df711530e5" testId="9e26a47b-0190-a154-3880-20cce4ee1e9e" testName="AIVTuber.Tests.LlmClientTests.ExtractActionTags_EmitsActionAndRemovesTag" computerName="ZWSZ-130823" duration="00:00:00.0031753" startTime="2026-07-13T14:31:19.9874098+08:00" endTime="2026-07-13T14:31:19.9877165+08:00" testType="13cdc9d9-ddb5-4fa4-a97d-d965ccfc6d4b" outcome="Passed" testListId="8c84fa94-04c1-424b-9868-57a2d4851a1d" relativeResultsDirectory="aa77e00d-14cc-48d3-b457-d2df711530e5" />
    <UnitTestResult executionId="f520f1a2-3607-4e53-9136-0b8e597851d7" testId="2d8ba394-71f2-b173-29a7-361942ce34ca" testName="AIVTuber.Tests.LifecycleConcurrencyVerificationTests.Dispose_IsIdempotentAndDoesNotDetachTheNextGeneration" computerName="ZWSZ-130823" duration="00:00:00.0008312" startTime="2026-07-13T14:31:19.9694025+08:00" endTime="2026-07-13T14:31:19.9697435+08:00" testType="13cdc9d9-ddb5-4fa4-a97d-d965ccfc6d4b" outcome="Passed" testListId="8c84fa94-04c1-424b-9868-57a2d4851a1d" relativeResultsDirectory="f520f1a2-3607-4e53-9136-0b8e597851d7" />
    <UnitTestResult executionId="a900a134-9c0b-47bc-a406-c1e6fe6c2f28" testId="34b6e22b-2573-6feb-44e8-2da78801b9eb" testName="AIVTuber.Tests.ConfigManagerTests.Load_CreatesDefaultConfig_WhenFileNotExists" computerName="ZWSZ-130823" duration="00:00:00.0058274" startTime="2026-07-13T14:31:19.9263200+08:00" endTime="2026-07-13T14:31:19.9324871+08:00" testType="13cdc9d9-ddb5-4fa4-a97d-d965ccfc6d4b" outcome="Passed" testListId="8c84fa94-04c1-424b-9868-57a2d4851a1d" relativeResultsDirectory="a900a134-9c0b-47bc-a406-c1e6fe6c2f28" />
    <UnitTestResult executionId="0d0e636c-c076-4e6e-9828-1fed0067ae7e" testId="506195b1-050c-af89-a7ab-4fd1d646434a" testName="AIVTuber.Tests.ConversationManagerTests.GetHistory_ReturnsSnapshot" computerName="ZWSZ-130823" duration="00:00:00.0001562" startTime="2026-07-13T14:31:19.8927330+08:00" endTime="2026-07-13T14:31:19.8927669+08:00" testType="13cdc9d9-ddb5-4fa4-a97d-d965ccfc6d4b" outcome="Passed" testListId="8c84fa94-04c1-424b-9868-57a2d4851a1d" relativeResultsDirectory="0d0e636c-c076-4e6e-9828-1fed0067ae7e" />
    <UnitTestResult executionId="08d1a911-e542-46c9-b973-5eb0ea3f11da" testId="9bd780ca-430c-d735-a0cb-f7dab8d6d1f5" testName="AIVTuber.Tests.TtsHotReloadTests.NextFishRequest_UsesNewSpeed" computerName="ZWSZ-130823" duration="00:00:00.1204149" startTime="2026-07-13T14:31:19.6464791+08:00" endTime="2026-07-13T14:31:19.7574440+08:00" testType="13cdc9d9-ddb5-4fa4-a97d-d965ccfc6d4b" outcome="Passed" testListId="8c84fa94-04c1-424b-9868-57a2d4851a1d" relativeResultsDirectory="08d1a911-e542-46c9-b973-5eb0ea3f11da" />
    <UnitTestResult executionId="91220add-ef77-41ac-87bc-2f5e7fade488" testId="94dd7a9c-0fd4-bf81-dfd5-698572ff68c1" testName="AIVTuber.Tests.MemoryDbTests.GetConnection_ReturnsOpenConnection" computerName="ZWSZ-130823" duration="00:00:00.0026974" startTime="2026-07-13T14:31:19.5340410+08:00" endTime="2026-07-13T14:31:19.8338447+08:00" testType="13cdc9d9-ddb5-4fa4-a97d-d965ccfc6d4b" outcome="Passed" testListId="8c84fa94-04c1-424b-9868-57a2d4851a1d" relativeResultsDirectory="91220add-ef77-41ac-87bc-2f5e7fade488" />
    <UnitTestResult executionId="5bccea2f-f8f0-46aa-bf97-a31a1482c0de" testId="3a27127a-c0bc-d787-c43a-08591e6d8c31" testName="AIVTuber.Tests.MessageTests.MessageRole_Values" computerName="ZWSZ-130823" duration="00:00:00.0000855" startTime="2026-07-13T14:31:19.7934559+08:00" endTime="2026-07-13T14:31:19.7934911+08:00" testType="13cdc9d9-ddb5-4fa4-a97d-d965ccfc6d4b" outcome="Passed" testListId="8c84fa94-04c1-424b-9868-57a2d4851a1d" relativeResultsDirectory="5bccea2f-f8f0-46aa-bf97-a31a1482c0de" />
    <UnitTestResult executionId="724d273e-688f-447a-8790-85300bb56af2" testId="74cc4750-6f62-448f-1f05-5abb26f8357c" testName="AIVTuber.Tests.BotOrchestratorLifecycleTests.Disposed_orchestrator_no_longer_forwards_publisher_events" computerName="ZWSZ-130823" duration="00:00:00.0110647" startTime="2026-07-13T14:31:19.9640613+08:00" endTime="2026-07-13T14:31:19.9644911+08:00" testType="13cdc9d9-ddb5-4fa4-a97d-d965ccfc6d4b" outcome="Passed" testListId="8c84fa94-04c1-424b-9868-57a2d4851a1d" relativeResultsDirectory="724d273e-688f-447a-8790-85300bb56af2" />
    <UnitTestResult executionId="453818c2-ca3f-4ace-bec7-fe7fcc657b2f" testId="f56b1325-b527-7b66-428e-3e6e9ebe569e" testName="AIVTuber.Tests.LifecycleConcurrencyVerificationTests.Dispose_RemovesEverySharedLlmSubscription" computerName="ZWSZ-130823" duration="00:00:00.0002795" startTime="2026-07-13T14:31:19.9690567+08:00" endTime="2026-07-13T14:31:19.9690932+08:00" testType="13cdc9d9-ddb5-4fa4-a97d-d965ccfc6d4b" outcome="Passed" testListId="8c84fa94-04c1-424b-9868-57a2d4851a1d" relativeResultsDirectory="453818c2-ca3f-4ace-bec7-fe7fcc657b2f" />
    <UnitTestResult executionId="978a60cc-7614-4f76-847b-38d17d14bb92" testId="615f5df8-c4ae-1c04-a13c-055203afc921" testName="AIVTuber.Tests.ConfigViewModelTests.SaveAsync_DropsReentrantCallWhileInFlight" computerName="ZWSZ-130823" duration="00:00:00.2232389" startTime="2026-07-13T14:31:21.7332687+08:00" endTime="2026-07-13T14:31:21.9562001+08:00" testType="13cdc9d9-ddb5-4fa4-a97d-d965ccfc6d4b" outcome="Passed" testListId="8c84fa94-04c1-424b-9868-57a2d4851a1d" relativeResultsDirectory="978a60cc-7614-4f76-847b-38d17d14bb92" />
    <UnitTestResult executionId="1eba283b-d06c-43e9-aa02-6aae420082e1" testId="2ce19dd4-25fe-0f1b-1c6b-4d58cf8551d8" testName="AIVTuber.Tests.TtsClientTests.ParseMiniMaxAudio_ReturnsEmptyWhenNoAudio" computerName="ZWSZ-130823" duration="00:00:00.0046941" startTime="2026-07-13T14:31:19.7725825+08:00" endTime="2026-07-13T14:31:19.7747476+08:00" testType="13cdc9d9-ddb5-4fa4-a97d-d965ccfc6d4b" outcome="Passed" testListId="8c84fa94-04c1-424b-9868-57a2d4851a1d" relativeResultsDirectory="1eba283b-d06c-43e9-aa02-6aae420082e1" />
    <UnitTestResult executionId="c368983e-b974-4b4f-a43d-82121c56b1d3" testId="e14fd132-dbe7-5b41-4133-3bc0a19d8642" testName="AIVTuber.Tests.DashScopeProtocolTests.ContinueTask_CarriesText" computerName="ZWSZ-130823" duration="00:00:00.0019895" startTime="2026-07-13T14:31:19.9167641+08:00" endTime="2026-07-13T14:31:19.9167972+08:00" testType="13cdc9d9-ddb5-4fa4-a97d-d965ccfc6d4b" outcome="Passed" testListId="8c84fa94-04c1-424b-9868-57a2d4851a1d" relativeResultsDirectory="c368983e-b974-4b4f-a43d-82121c56b1d3" />
    <UnitTestResult executionId="4afb421d-cd95-4d16-be4b-45a87dc9b3e6" testId="86cc3e90-c747-47c3-29de-f876530d834d" testName="AIVTuber.Tests.ActionStreamingTests.Parser_HandlesActionSplitAcrossEveryChunkBoundary" computerName="ZWSZ-130823" duration="00:00:00.0046369" startTime="2026-07-13T14:31:19.6432310+08:00" endTime="2026-07-13T14:31:19.6492076+08:00" testType="13cdc9d9-ddb5-4fa4-a97d-d965ccfc6d4b" outcome="Passed" testListId="8c84fa94-04c1-424b-9868-57a2d4851a1d" relativeResultsDirectory="4afb421d-cd95-4d16-be4b-45a87dc9b3e6" />
    <UnitTestResult executionId="cd4e356a-9a03-4cd4-b057-f1450ac7c72d" testId="9f29c6aa-3f6e-72d9-b28d-fae8a260f807" testName="AIVTuber.Tests.AudioPlayerTests.SpeechSegment_CanSetProperties" computerName="ZWSZ-130823" duration="00:00:00.0002470" startTime="2026-07-13T14:31:19.8852838+08:00" endTime="2026-07-13T14:31:19.8853198+08:00" testType="13cdc9d9-ddb5-4fa4-a97d-d965ccfc6d4b" outcome="Passed" testListId="8c84fa94-04c1-424b-9868-57a2d4851a1d" relativeResultsDirectory="cd4e356a-9a03-4cd4-b057-f1450ac7c72d" />
    <UnitTestResult executionId="ce61d9f4-b084-4da6-aa5d-517be86c30c3" testId="e4e4c06a-7278-d2d4-fc3f-43c5889d8668" testName="AIVTuber.Tests.AsrClientTests.NormalizeModel_UsesConfiguredModelOrDefault(configured: &quot;&quot;, expected: &quot;whisper-1&quot;)" computerName="ZWSZ-130823" duration="00:00:00.0001939" startTime="2026-07-13T14:31:19.7652461+08:00" endTime="2026-07-13T14:31:19.7652866+08:00" testType="13cdc9d9-ddb5-4fa4-a97d-d965ccfc6d4b" outcome="Passed" testListId="8c84fa94-04c1-424b-9868-57a2d4851a1d" relativeResultsDirectory="ce61d9f4-b084-4da6-aa5d-517be86c30c3" />
    <UnitTestResult executionId="5377b6d8-ef0b-42f6-a097-2340353e38a2" testId="f60a4fe8-f75f-e932-3f93-bc5e40ab7d48" testName="AIVTuber.Tests.FactRepositoryTests.InsertAsync_InsertsNewFact" computerName="ZWSZ-130823" duration="00:00:00.0054688" startTime="2026-07-13T14:31:20.0733524+08:00" endTime="2026-07-13T14:31:20.1077371+08:00" testType="13cdc9d9-ddb5-4fa4-a97d-d965ccfc6d4b" outcome="Passed" testListId="8c84fa94-04c1-424b-9868-57a2d4851a1d" relativeResultsDirectory="5377b6d8-ef0b-42f6-a097-2340353e38a2" />
    <UnitTestResult executionId="d8367b08-3b99-41eb-a509-f3a23a37a623" testId="6b072fc0-8a89-8b1d-6086-7374a91849e3" testName="AIVTuber.Tests.DashScopeProtocolTests.RunTaskAsr_HasAsrTaskAndPcmParams" computerName="ZWSZ-130823" duration="00:00:00.0003892" startTime="2026-07-13T14:31:19.9158078+08:00" endTime="2026-07-13T14:31:19.9159087+08:00" testType="13cdc9d9-ddb5-4fa4-a97d-d965ccfc6d4b" outcome="Passed" testListId="8c84fa94-04c1-424b-9868-57a2d4851a1d" relativeResultsDirectory="d8367b08-3b99-41eb-a509-f3a23a37a623" />
    <UnitTestResult executionId="070feda8-83da-40fc-95ef-e2809b99a84c" testId="7b91222f-cf42-6226-72d7-4bd202e9f43c" testName="AIVTuber.Tests.AsrHotReloadTests.LocalUrlChange_RebuildsAsrOnly" computerName="ZWSZ-130823" duration="00:00:00.0002119" startTime="2026-07-13T14:31:19.7616964+08:00" endTime="2026-07-13T14:31:19.7617483+08:00" testType="13cdc9d9-ddb5-4fa4-a97d-d965ccfc6d4b" outcome="Passed" testListId="8c84fa94-04c1-424b-9868-57a2d4851a1d" relativeResultsDirectory="070feda8-83da-40fc-95ef-e2809b99a84c" />
    <UnitTestResult executionId="b9e55e46-b608-4f5c-a469-6c914784ecb4" testId="9a860c94-d520-0f15-72c8-7c6abedeffe9" testName="AIVTuber.Tests.ActionStreamingTests.Parser_RemovesEmotionAndActionFromCleanOutput" computerName="ZWSZ-130823" duration="00:00:00.0003372" startTime="2026-07-13T14:31:19.6497007+08:00" endTime="2026-07-13T14:31:19.6497441+08:00" testType="13cdc9d9-ddb5-4fa4-a97d-d965ccfc6d4b" outcome="Passed" testListId="8c84fa94-04c1-424b-9868-57a2d4851a1d" relativeResultsDirectory="b9e55e46-b608-4f5c-a469-6c914784ecb4" />
    <UnitTestResult executionId="7f9751be-3b53-475c-b57d-2e684dada01d" testId="aa651fce-160c-1b8b-a184-d4b21855625a" testName="AIVTuber.Tests.VadDetectorTests.Flush_WhenNotSpeaking_DoesNotFire" computerName="ZWSZ-130823" duration="00:00:00.1392659" startTime="2026-07-13T14:31:19.5347803+08:00" endTime="2026-07-13T14:31:19.6326415+08:00" testType="13cdc9d9-ddb5-4fa4-a97d-d965ccfc6d4b" outcome="Passed" testListId="8c84fa94-04c1-424b-9868-57a2d4851a1d" relativeResultsDirectory="7f9751be-3b53-475c-b57d-2e684dada01d" />
    <UnitTestResult executionId="33c56d02-c98d-4dd7-9b8e-a8f7904bcb27" testId="0a273529-88c2-d048-8858-0faae28051da" testName="AIVTuber.Tests.VtsConfigTests.VtsConfig_DefaultValues" computerName="ZWSZ-130823" duration="00:00:00.0071527" startTime="2026-07-13T14:31:19.7711305+08:00" endTime="2026-07-13T14:31:19.7740640+08:00" testType="13cdc9d9-ddb5-4fa4-a97d-d965ccfc6d4b" outcome="Passed" testListId="8c84fa94-04c1-424b-9868-57a2d4851a1d" relativeResultsDirectory="33c56d02-c98d-4dd7-9b8e-a8f7904bcb27" />
    <UnitTestResult executionId="89d189d5-02bc-49f2-bccd-ed4f48a4004e" testId="ef6a0bb4-6333-53c7-20c0-e4718ffd494f" testName="AIVTuber.Tests.MonitorViewModelTests.ConnectionFlags_DefaultFalse_WhenNotStarted" computerName="ZWSZ-130823" duration="00:00:00.0012359" startTime="2026-07-13T14:31:19.8145717+08:00" endTime="2026-07-13T14:31:19.8157426+08:00" testType="13cdc9d9-ddb5-4fa4-a97d-d965ccfc6d4b" outcome="Passed" testListId="8c84fa94-04c1-424b-9868-57a2d4851a1d" relativeResultsDirectory="89d189d5-02bc-49f2-bccd-ed4f48a4004e" />
    <UnitTestResult executionId="850ec795-06b8-4638-8d88-37c581e7fc3a" testId="331dc9be-4762-9296-223b-7d5373e9fa21" testName="AIVTuber.Tests.BilibiliConfigTests.BilibiliConfig_DefaultValues" computerName="ZWSZ-130823" duration="00:00:00.0376050" startTime="2026-07-13T14:31:19.6208515+08:00" endTime="2026-07-13T14:31:19.6334062+08:00" testType="13cdc9d9-ddb5-4fa4-a97d-d965ccfc6d4b" outcome="Passed" testListId="8c84fa94-04c1-424b-9868-57a2d4851a1d" relativeResultsDirectory="850ec795-06b8-4638-8d88-37c581e7fc3a" />
    <UnitTestResult executionId="40e59bd9-e756-416f-909f-5df860208c25" testId="718da0c1-70fa-c57e-d1e6-379cfdce5de5" testName="AIVTuber.Tests.LoopbackCaptureTests.Constructor_SetsDefaults" computerName="ZWSZ-130823" duration="00:00:00.1510112" startTime="2026-07-13T14:31:19.5340131+08:00" endTime="2026-07-13T14:31:19.6547633+08:00" testType="13cdc9d9-ddb5-4fa4-a97d-d965ccfc6d4b" outcome="Passed" testListId="8c84fa94-04c1-424b-9868-57a2d4851a1d" relativeResultsDirectory="40e59bd9-e756-416f-909f-5df860208c25" />
    <UnitTestResult executionId="45d19778-7ff5-4861-80d7-81b99bb861b3" testId="7a1a7ab0-9914-0b7d-d303-1e3dba0f1b6a" testName="AIVTuber.Tests.PipelineStateTrackerTests.Changed_FiresOnEachTransition" computerName="ZWSZ-130823" duration="00:00:00.0009937" startTime="2026-07-13T14:31:19.7723845+08:00" endTime="2026-07-13T14:31:19.7726164+08:00" testType="13cdc9d9-ddb5-4fa4-a97d-d965ccfc6d4b" outcome="Passed" testListId="8c84fa94-04c1-424b-9868-57a2d4851a1d" relativeResultsDirectory="45d19778-7ff5-4861-80d7-81b99bb861b3" />
    <UnitTestResult executionId="fc518ef7-bfd3-42b4-ad10-78a40e6b00dd" testId="34558d49-169d-5c8c-e5d3-d540a37f927c" testName="AIVTuber.Tests.VadDetectorTests.Constructor_InvalidAggressiveness_ThrowsException" computerName="ZWSZ-130823" duration="00:00:00.0007255" startTime="2026-07-13T14:31:19.6345701+08:00" endTime="2026-07-13T14:31:19.6346120+08:00" testType="13cdc9d9-ddb5-4fa4-a97d-d965ccfc6d4b" outcome="Passed" testListId="8c84fa94-04c1-424b-9868-57a2d4851a1d" relativeResultsDirectory="fc518ef7-bfd3-42b4-ad10-78a40e6b00dd" />
    <UnitTestResult executionId="4f8634f2-0090-4f1b-804b-3ead0da3865e" testId="5bfbb1fa-39db-b1bd-dabe-830a6b78fe61" testName="AIVTuber.Tests.TtsHotReloadTests.ModelChange_RebuildsTtsOnly" computerName="ZWSZ-130823" duration="00:00:00.0004103" startTime="2026-07-13T14:31:19.7586680+08:00" endTime="2026-07-13T14:31:19.7587096+08:00" testType="13cdc9d9-ddb5-4fa4-a97d-d965ccfc6d4b" outcome="Passed" testListId="8c84fa94-04c1-424b-9868-57a2d4851a1d" relativeResultsDirectory="4f8634f2-0090-4f1b-804b-3ead0da3865e" />
    <UnitTestResult executionId="653a1732-0b81-49e9-9715-08a79b90f2ef" testId="76ff0997-dc90-ce74-23f3-0c5f80c0fc15" testName="AIVTuber.Tests.VtsClientTests.InjectParameter_ThrowsWhenNotAuthenticated" computerName="ZWSZ-130823" duration="00:00:00.0015518" startTime="2026-07-13T14:31:19.9267080+08:00" endTime="2026-07-13T14:31:19.9272550+08:00" testType="13cdc9d9-ddb5-4fa4-a97d-d965ccfc6d4b" outcome="Passed" testListId="8c84fa94-04c1-424b-9868-57a2d4851a1d" relativeResultsDirectory="653a1732-0b81-49e9-9715-08a79b90f2ef" />
    <UnitTestResult executionId="2c16e0c2-e9d9-4c98-bed3-cc284e9d1019" testId="f9ec3bfd-ba53-4591-b6c0-145e391da73e" testName="AIVTuber.Tests.VtsClientTests.Constructor_SetsConfig" computerName="ZWSZ-130823" duration="00:00:00.0180761" startTime="2026-07-13T14:31:19.9171339+08:00" endTime="2026-07-13T14:31:19.9263558+08:00" testType="13cdc9d9-ddb5-4fa4-a97d-d965ccfc6d4b" outcome="Passed" testListId="8c84fa94-04c1-424b-9868-57a2d4851a1d" relativeResultsDirectory="2c16e0c2-e9d9-4c98-bed3-cc284e9d1019" />
    <UnitTestResult executionId="cf0f8237-4549-4e08-b304-caf20aa24c88" testId="52b4f470-4fcd-eef2-a0d2-c2e5395db414" testName="AIVTuber.Tests.PipelineStateTrackerTests.VoiceFlow_ComputesAsrLlmAndTtsLatency" computerName="ZWSZ-130823" duration="00:00:00.0091013" startTime="2026-07-13T14:31:19.7604906+08:00" endTime="2026-07-13T14:31:19.7711731+08:00" testType="13cdc9d9-ddb5-4fa4-a97d-d965ccfc6d4b" outcome="Passed" testListId="8c84fa94-04c1-424b-9868-57a2d4851a1d" relativeResultsDirectory="cf0f8237-4549-4e08-b304-caf20aa24c88" />
    <UnitTestResult executionId="b598ce9f-a8a1-44a2-b3c2-b078950501c3" testId="9cb8eee0-e53c-7eb7-1e49-0ff82ee1c615" testName="AIVTuber.Tests.TtsClientTests.BuildFishRequestJson_PutsSpeedUnderProsody_NotParams_NoBitrate" computerName="ZWSZ-130823" duration="00:00:00.0001390" startTime="2026-07-13T14:31:19.7793770+08:00" endTime="2026-07-13T14:31:19.7798610+08:00" testType="13cdc9d9-ddb5-4fa4-a97d-d965ccfc6d4b" outcome="Passed" testListId="8c84fa94-04c1-424b-9868-57a2d4851a1d" relativeResultsDirectory="b598ce9f-a8a1-44a2-b3c2-b078950501c3" />
    <UnitTestResult executionId="eebbd6b1-b176-4c98-9082-47be1acb632f" testId="5ebefb7a-0911-e7d6-b227-3d8b6180a940" testName="AIVTuber.Tests.TtsClientTests.ParseMiniMaxAudio_ThrowsOnNonZeroStatus" computerName="ZWSZ-130823" duration="00:00:00.0075854" startTime="2026-07-13T14:31:19.7647628+08:00" endTime="2026-07-13T14:31:19.7715632+08:00" testType="13cdc9d9-ddb5-4fa4-a97d-d965ccfc6d4b" outcome="Passed" testListId="8c84fa94-04c1-424b-9868-57a2d4851a1d" relativeResultsDirectory="eebbd6b1-b176-4c98-9082-47be1acb632f" />
    <UnitTestResult executionId="b7332602-f342-4665-aeeb-485173410591" testId="5ef0ae44-8b2a-701b-01ff-b1c1baad9e95" testName="AIVTuber.Tests.VtsClientTests.Dispose_DoesNotThrow" computerName="ZWSZ-130823" duration="00:00:00.0001066" startTime="2026-07-13T14:31:19.9276913+08:00" endTime="2026-07-13T14:31:19.9282240+08:00" testType="13cdc9d9-ddb5-4fa4-a97d-d965ccfc6d4b" outcome="Passed" testListId="8c84fa94-04c1-424b-9868-57a2d4851a1d" relativeResultsDirectory="b7332602-f342-4665-aeeb-485173410591" />
    <UnitTestResult executionId="49a9d5db-590f-4530-b89f-228f5afa079b" testId="8aac891b-2a3a-23f9-f939-1a048d4cb253" testName="AIVTuber.Tests.ConfigDiffTests.VtsActionMapChange_IsLightUpdateParams" computerName="ZWSZ-130823" duration="00:00:00.0987467" startTime="2026-07-13T14:31:19.5339785+08:00" endTime="2026-07-13T14:31:19.6069209+08:00" testType="13cdc9d9-ddb5-4fa4-a97d-d965ccfc6d4b" outcome="Passed" testListId="8c84fa94-04c1-424b-9868-57a2d4851a1d" relativeResultsDirectory="49a9d5db-590f-4530-b89f-228f5afa079b" />
    <UnitTestResult executionId="3e23dbfe-552f-4ce1-90df-484cc823f805" testId="561eb54e-ec0f-aed1-5dae-0311a7669562" testName="AIVTuber.Tests.FactRepositoryTests.UpdateWeightAsync_IncrementsAccessCount" computerName="ZWSZ-130823" duration="00:00:00.0103330" startTime="2026-07-13T14:31:20.0333970+08:00" endTime="2026-07-13T14:31:20.0727612+08:00" testType="13cdc9d9-ddb5-4fa4-a97d-d965ccfc6d4b" outcome="Passed" testListId="8c84fa94-04c1-424b-9868-57a2d4851a1d" relativeResultsDirectory="3e23dbfe-552f-4ce1-90df-484cc823f805" />
    <UnitTestResult executionId="a8e285d2-e366-4979-8320-852620e82903" testId="2b586993-9c51-db92-4734-fd52cdc19195" testName="AIVTuber.Tests.MonitorViewModelTests.InitialState_IsIdle" computerName="ZWSZ-130823" duration="00:00:00.0037178" startTime="2026-07-13T14:31:19.8162081+08:00" endTime="2026-07-13T14:31:19.8188693+08:00" testType="13cdc9d9-ddb5-4fa4-a97d-d965ccfc6d4b" outcome="Passed" testListId="8c84fa94-04c1-424b-9868-57a2d4851a1d" relativeResultsDirectory="a8e285d2-e366-4979-8320-852620e82903" />
    <UnitTestResult executionId="5383ffcb-cba2-4eca-b04d-bd9258f6283e" testId="300f8905-c91e-d86c-b64a-33bbf736b894" testName="AIVTuber.Tests.RequestCoordinatorTests.Capacity_IsOne" computerName="ZWSZ-130823" duration="00:00:00.0001343" startTime="2026-07-13T14:31:20.0186183+08:00" endTime="2026-07-13T14:31:20.0186592+08:00" testType="13cdc9d9-ddb5-4fa4-a97d-d965ccfc6d4b" outcome="Passed" testListId="8c84fa94-04c1-424b-9868-57a2d4851a1d" relativeResultsDirectory="5383ffcb-cba2-4eca-b04d-bd9258f6283e" />
    <UnitTestResult executionId="e7825d7c-a0f6-42be-a742-cc085ba1e2eb" testId="aa1b5d15-d8d7-338a-384c-2865a359cf24" testName="AIVTuber.Tests.AudioPlayerTests.PlaybackFinished_CanSubscribe" computerName="ZWSZ-130823" duration="00:00:00.0002737" startTime="2026-07-13T14:31:19.8849062+08:00" endTime="2026-07-13T14:31:19.8849394+08:00" testType="13cdc9d9-ddb5-4fa4-a97d-d965ccfc6d4b" outcome="Passed" testListId="8c84fa94-04c1-424b-9868-57a2d4851a1d" relativeResultsDirectory="e7825d7c-a0f6-42be-a742-cc085ba1e2eb" />
    <UnitTestResult executionId="2884c1cd-ec2d-4950-b857-d1173aa86617" testId="64758f93-c318-e50e-9c4e-c463274f6e3d" testName="AIVTuber.Tests.ConfigManagerTests.Load_PrefersExplicitEnableLoopbackListen_OverLegacyUseLoopback" computerName="ZWSZ-130823" duration="00:00:00.0085807" startTime="2026-07-13T14:31:19.9196624+08:00" endTime="2026-07-13T14:31:19.9252808+08:00" testType="13cdc9d9-ddb5-4fa4-a97d-d965ccfc6d4b" outcome="Passed" testListId="8c84fa94-04c1-424b-9868-57a2d4851a1d" relativeResultsDirectory="2884c1cd-ec2d-4950-b857-d1173aa86617" />
    <UnitTestResult executionId="61e6db2f-a066-438a-8bc7-1a614173f63a" testId="fb57a25d-08a0-d686-0dec-f1a032a5142a" testName="AIVTuber.Tests.ConfigViewModelTests.ImportAnimationHotkeys_ImportsOnlyTriggerAnimation" computerName="ZWSZ-130823" duration="00:00:00.2252368" startTime="2026-07-13T14:31:21.5079676+08:00" endTime="2026-07-13T14:31:21.7328411+08:00" testType="13cdc9d9-ddb5-4fa4-a97d-d965ccfc6d4b" outcome="Passed" testListId="8c84fa94-04c1-424b-9868-57a2d4851a1d" relativeResultsDirectory="61e6db2f-a066-438a-8bc7-1a614173f63a" />
    <UnitTestResult executionId="3b90b2e4-f9fc-4400-a256-991e11523f39" testId="7eeb5109-7334-7477-1607-2924f46c5632" testName="AIVTuber.Tests.ConfigDiffContractTests.AsrAndTtsRuntimeField_MapsToExactChange(property: &quot;Tts.VoiceId&quot;, mutate: Action`1 { Method = Void &lt;get_AsrAndTtsRuntimeFields&gt;b__2_8(AIVTuber.Core.Config.AppConfig), Target = &lt;&gt;c { } }, expected: RebuildTts)" computerName="ZWSZ-130823" duration="00:00:00.0000922" startTime="2026-07-13T14:31:19.7918785+08:00" endTime="2026-07-13T14:31:19.7919160+08:00" testType="13cdc9d9-ddb5-4fa4-a97d-d965ccfc6d4b" outcome="Passed" testListId="8c84fa94-04c1-424b-9868-57a2d4851a1d" relativeResultsDirectory="3b90b2e4-f9fc-4400-a256-991e11523f39" />
    <UnitTestResult executionId="f0a1515a-46bf-4bd7-a673-380efb025b78" testId="37ce8ecd-4b20-b342-9db3-8af7d82dbbd5" testName="AIVTuber.Tests.DanmakuSelectorTests.SetSpeaking_True_PausesSelection" computerName="ZWSZ-130823" duration="00:00:00.0001410" startTime="2026-07-13T14:31:19.6441873+08:00" endTime="2026-07-13T14:31:19.6446741+08:00" testType="13cdc9d9-ddb5-4fa4-a97d-d965ccfc6d4b" outcome="Passed" testListId="8c84fa94-04c1-424b-9868-57a2d4851a1d" relativeResultsDirectory="f0a1515a-46bf-4bd7-a673-380efb025b78" />
    <UnitTestResult executionId="aefc31e3-fc54-4ec7-821f-1e1761836949" testId="af3baa5e-3915-f8c9-127b-912b85decaef" testName="AIVTuber.Tests.AsrSidecarTests.Readiness_honors_caller_cancellation" computerName="ZWSZ-130823" duration="00:00:00.0013894" startTime="2026-07-13T14:31:19.9219341+08:00" endTime="2026-07-13T14:31:19.9224067+08:00" testType="13cdc9d9-ddb5-4fa4-a97d-d965ccfc6d4b" outcome="Passed" testListId="8c84fa94-04c1-424b-9868-57a2d4851a1d" relativeResultsDirectory="aefc31e3-fc54-4ec7-821f-1e1761836949" />
    <UnitTestResult executionId="2c674147-a376-465f-96df-af03e2ccfafc" testId="27685c06-f458-5551-ca8c-27bed9799d17" testName="AIVTuber.Tests.AsrHotReloadTests.NextDashScopeRequest_UsesNewModel" computerName="ZWSZ-130823" duration="00:00:00.2657315" startTime="2026-07-13T14:31:19.5347619+08:00" endTime="2026-07-13T14:31:19.7605317+08:00" testType="13cdc9d9-ddb5-4fa4-a97d-d965ccfc6d4b" outcome="Passed" testListId="8c84fa94-04c1-424b-9868-57a2d4851a1d" relativeResultsDirectory="2c674147-a376-465f-96df-af03e2ccfafc" />
    <UnitTestResult executionId="efbb6e25-d95d-4eb6-ba0a-ca0543edce91" testId="74d9cc11-c430-824d-6e68-f40af631cde6" testName="AIVTuber.Tests.PipelineStateTrackerTests.TextFlow_HasNoAsrLatency" computerName="ZWSZ-130823" duration="00:00:00.0005764" startTime="2026-07-13T14:31:19.7740296+08:00" endTime="2026-07-13T14:31:19.7747651+08:00" testType="13cdc9d9-ddb5-4fa4-a97d-d965ccfc6d4b" outcome="Passed" testListId="8c84fa94-04c1-424b-9868-57a2d4851a1d" relativeResultsDirectory="efbb6e25-d95d-4eb6-ba0a-ca0543edce91" />
    <UnitTestResult executionId="ed2454ba-8916-4f19-b523-336e0ccd5210" testId="1b651fbb-86f7-82fb-b4a0-6615de536af2" testName="AIVTuber.Tests.RequestCoordinatorTests.Priority_IsDeterministic(source: 2, expected: 2)" computerName="ZWSZ-130823" duration="00:00:00.0000524" startTime="2026-07-13T14:31:19.8614250+08:00" endTime="2026-07-13T14:31:19.8614575+08:00" testType="13cdc9d9-ddb5-4fa4-a97d-d965ccfc6d4b" outcome="Passed" testListId="8c84fa94-04c1-424b-9868-57a2d4851a1d" relativeResultsDirectory="ed2454ba-8916-4f19-b523-336e0ccd5210" />
    <UnitTestResult executionId="a42b5267-2d8b-46c8-8f27-e46f56a618c0" testId="a953a4ff-c3d5-599e-fc84-267cc3f72a3c" testName="AIVTuber.Tests.BotOrchestratorLifecycleTests.Dispose_detaches_all_llm_handlers_and_is_idempotent" computerName="ZWSZ-130823" duration="00:00:00.0160761" startTime="2026-07-13T14:31:19.9234469+08:00" endTime="2026-07-13T14:31:19.9376395+08:00" testType="13cdc9d9-ddb5-4fa4-a97d-d965ccfc6d4b" outcome="Passed" testListId="8c84fa94-04c1-424b-9868-57a2d4851a1d" relativeResultsDirectory="a42b5267-2d8b-46c8-8f27-e46f56a618c0" />
    <UnitTestResult executionId="a5a05a1c-dd61-404b-a68e-6ad90b99f3b3" testId="c1a9ea61-31aa-5483-c905-bdef5b07f2e1" testName="AIVTuber.Tests.ActionStreamingTests.Parser_DropsMalformedOrTruncatedActionTags(input: &quot;你好[action:wave&quot;, expected: &quot;你好&quot;)" computerName="ZWSZ-130823" duration="00:00:00.0000061" startTime="2026-07-13T14:31:19.6426133+08:00" endTime="2026-07-13T14:31:19.6426971+08:00" testType="13cdc9d9-ddb5-4fa4-a97d-d965ccfc6d4b" outcome="Passed" testListId="8c84fa94-04c1-424b-9868-57a2d4851a1d" relativeResultsDirectory="a5a05a1c-dd61-404b-a68e-6ad90b99f3b3" />
    <UnitTestResult executionId="f1367fc6-b1d3-40ce-9abb-a6d1ce43c809" testId="cecd5bd6-9d24-b2d8-6b17-6989c2e5ebe8" testName="AIVTuber.Tests.DashScopeProtocolTests.RunTaskTts_HasTtsTaskVoiceAndRate" computerName="ZWSZ-130823" duration="00:00:00.0005917" startTime="2026-07-13T14:31:19.9136581+08:00" endTime="2026-07-13T14:31:19.9136996+08:00" testType="13cdc9d9-ddb5-4fa4-a97d-d965ccfc6d4b" outcome="Passed" testListId="8c84fa94-04c1-424b-9868-57a2d4851a1d" relativeResultsDirectory="f1367fc6-b1d3-40ce-9abb-a6d1ce43c809" />
    <UnitTestResult executionId="f4c9b058-e26d-4e08-8c34-c7cc62a36d77" testId="4b722620-f866-a0c9-283f-1d672567f46c" testName="AIVTuber.Tests.LlmClientTests.Dispose_DoesNotThrow" computerName="ZWSZ-130823" duration="00:00:00.0002699" startTime="2026-07-13T14:31:19.9840666+08:00" endTime="2026-07-13T14:31:19.9841062+08:00" testType="13cdc9d9-ddb5-4fa4-a97d-d965ccfc6d4b" outcome="Passed" testListId="8c84fa94-04c1-424b-9868-57a2d4851a1d" relativeResultsDirectory="f4c9b058-e26d-4e08-8c34-c7cc62a36d77" />
    <UnitTestResult executionId="128013ea-bfab-4bff-b67d-a75dc0924ca6" testId="949e8f45-365d-bb8e-204f-99370e727dc1" testName="AIVTuber.Tests.MessageTests.Message_DefaultValues" computerName="ZWSZ-130823" duration="00:00:00.0030327" startTime="2026-07-13T14:31:19.7929895+08:00" endTime="2026-07-13T14:31:19.7930342+08:00" testType="13cdc9d9-ddb5-4fa4-a97d-d965ccfc6d4b" outcome="Passed" testListId="8c84fa94-04c1-424b-9868-57a2d4851a1d" relativeResultsDirectory="128013ea-bfab-4bff-b67d-a75dc0924ca6" />
    <UnitTestResult executionId="7c8f9096-baf8-48ae-95bd-aee771f494f3" testId="6e4c7f01-3464-a901-69f4-60a823793540" testName="AIVTuber.Tests.RequestCoordinatorTests.LatestRequest_InvalidatesActiveAndReplacesPending" computerName="ZWSZ-130823" duration="00:00:00.0059538" startTime="2026-07-13T14:31:20.0190694+08:00" endTime="2026-07-13T14:31:20.0249919+08:00" testType="13cdc9d9-ddb5-4fa4-a97d-d965ccfc6d4b" outcome="Passed" testListId="8c84fa94-04c1-424b-9868-57a2d4851a1d" relativeResultsDirectory="7c8f9096-baf8-48ae-95bd-aee771f494f3" />
    <UnitTestResult executionId="8010a42d-8633-4349-a38b-26267d34374e" testId="5406dad6-c0ee-a1ed-f2ef-ded8dba67e77" testName="AIVTuber.Tests.LlmClientTests.ContainsSentenceBoundary_EnglishPeriod" computerName="ZWSZ-130823" duration="00:00:00.0000727" startTime="2026-07-13T14:31:20.0004982+08:00" endTime="2026-07-13T14:31:20.0005646+08:00" testType="13cdc9d9-ddb5-4fa4-a97d-d965ccfc6d4b" outcome="Passed" testListId="8c84fa94-04c1-424b-9868-57a2d4851a1d" relativeResultsDirectory="8010a42d-8633-4349-a38b-26267d34374e" />
    <UnitTestResult executionId="ea9bcd94-75b0-48fe-9605-34069cb5dc6b" testId="7eeb5109-7334-7477-1607-2924f46c5632" testName="AIVTuber.Tests.ConfigDiffContractTests.AsrAndTtsRuntimeField_MapsToExactChange(property: &quot;Tts.Model&quot;, mutate: Action`1 { Method = Void &lt;get_AsrAndTtsRuntimeFields&gt;b__2_9(AIVTuber.Core.Config.AppConfig), Target = &lt;&gt;c { } }, expected: RebuildTts)" computerName="ZWSZ-130823" duration="00:00:00.0006974" startTime="2026-07-13T14:31:19.7919659+08:00" endTime="2026-07-13T14:31:19.7920124+08:00" testType="13cdc9d9-ddb5-4fa4-a97d-d965ccfc6d4b" outcome="Passed" testListId="8c84fa94-04c1-424b-9868-57a2d4851a1d" relativeResultsDirectory="ea9bcd94-75b0-48fe-9605-34069cb5dc6b" />
    <UnitTestResult executionId="c3ecd13f-bfe8-499d-bbf5-4828fc554778" testId="82fc3778-7030-5fef-ee5c-0c7bc0b1ca55" testName="AIVTuber.Tests.RequestCoordinatorTests.Priority_IsDeterministic(source: 0, expected: 0)" computerName="ZWSZ-130823" duration="00:00:00.0000034" startTime="2026-07-13T14:31:19.8617403+08:00" endTime="2026-07-13T14:31:19.8617716+08:00" testType="13cdc9d9-ddb5-4fa4-a97d-d965ccfc6d4b" outcome="Passed" testListId="8c84fa94-04c1-424b-9868-57a2d4851a1d" relativeResultsDirectory="c3ecd13f-bfe8-499d-bbf5-4828fc554778" />
    <UnitTestResult executionId="8cc20f08-78e0-4d1e-aaf4-b94f2996ec3f" testId="7eeb5109-7334-7477-1607-2924f46c5632" testName="AIVTuber.Tests.ConfigDiffContractTests.AsrAndTtsRuntimeField_MapsToExactChange(property: &quot;Asr.PythonPath&quot;, mutate: Action`1 { Method = Void &lt;get_AsrAndTtsRuntimeFields&gt;b__2_5(AIVTuber.Core.Config.AppConfig), Target = &lt;&gt;c { } }, expected: RebuildAsr)" computerName="ZWSZ-130823" duration="00:00:00.0002350" startTime="2026-07-13T14:31:19.7910103+08:00" endTime="2026-07-13T14:31:19.7910703+08:00" testType="13cdc9d9-ddb5-4fa4-a97d-d965ccfc6d4b" outcome="Passed" testListId="8c84fa94-04c1-424b-9868-57a2d4851a1d" relativeResultsDirectory="8cc20f08-78e0-4d1e-aaf4-b94f2996ec3f" />
    <UnitTestResult executionId="c2f356cb-26e5-41be-b9ec-cec1c0bd741c" testId="c1386e94-5c3c-62b5-b2d7-1f9dfcffd424" testName="AIVTuber.Tests.SqliteUpgradeFixtureTests.LegacyViewer_CanBeReadAndWrittenBack" computerName="ZWSZ-130823" duration="00:00:00.0074551" startTime="2026-07-13T14:31:19.9861206+08:00" endTime="2026-07-13T14:31:20.0056962+08:00" testType="13cdc9d9-ddb5-4fa4-a97d-d965ccfc6d4b" outcome="Passed" testListId="8c84fa94-04c1-424b-9868-57a2d4851a1d" relativeResultsDirectory="c2f356cb-26e5-41be-b9ec-cec1c0bd741c" />
    <UnitTestResult executionId="81ca2fa3-97c7-4605-9481-75ab06ae246f" testId="54c92b59-5971-3b11-042e-b2de212258fd" testName="AIVTuber.Tests.TtsHotReloadTests.NextMiniMaxRequest_UsesNewModelAndSpeed" computerName="ZWSZ-130823" duration="00:00:00.0002606" startTime="2026-07-13T14:31:19.7582348+08:00" endTime="2026-07-13T14:31:19.7583074+08:00" testType="13cdc9d9-ddb5-4fa4-a97d-d965ccfc6d4b" outcome="Passed" testListId="8c84fa94-04c1-424b-9868-57a2d4851a1d" relativeResultsDirectory="81ca2fa3-97c7-4605-9481-75ab06ae246f" />
    <UnitTestResult executionId="f9ef4767-f661-47cc-ad92-5129b1aebaa9" testId="03170f53-fb1c-9d11-e0d1-42a5634ae782" testName="AIVTuber.Tests.BotOrchestratorGenerationTests.NewTurn_SuppressesLateOldStateAudioAndActionAndAwaitsNewCommand" computerName="ZWSZ-130823" duration="00:00:00.1115733" startTime="2026-07-13T14:31:19.9076736+08:00" endTime="2026-07-13T14:31:20.0139638+08:00" testType="13cdc9d9-ddb5-4fa4-a97d-d965ccfc6d4b" outcome="Passed" testListId="8c84fa94-04c1-424b-9868-57a2d4851a1d" relativeResultsDirectory="f9ef4767-f661-47cc-ad92-5129b1aebaa9" />
    <UnitTestResult executionId="c4e6ddd7-1047-44ed-97ca-352d765cd47e" testId="2838a796-039b-462a-f56a-b4e60cca2367" testName="AIVTuber.Tests.RequestCoordinatorTests.ConsumerFault_IsObservedAndNextRequestRecovers" computerName="ZWSZ-130823" duration="00:00:00.0911761" startTime="2026-07-13T14:31:19.8620760+08:00" endTime="2026-07-13T14:31:19.9694366+08:00" testType="13cdc9d9-ddb5-4fa4-a97d-d965ccfc6d4b" outcome="Passed" testListId="8c84fa94-04c1-424b-9868-57a2d4851a1d" relativeResultsDirectory="c4e6ddd7-1047-44ed-97ca-352d765cd47e" />
    <UnitTestResult executionId="f091e235-bf17-44f2-b805-5fc2e183b30e" testId="82e4b066-6e4d-3cdf-f647-c20a8d3d53cd" testName="AIVTuber.Tests.AsrHotReloadTests.ModelChange_RebuildsAsrOnly" computerName="ZWSZ-130823" duration="00:00:00.0001137" startTime="2026-07-13T14:31:19.7625268+08:00" endTime="2026-07-13T14:31:19.7625697+08:00" testType="13cdc9d9-ddb5-4fa4-a97d-d965ccfc6d4b" outcome="Passed" testListId="8c84fa94-04c1-424b-9868-57a2d4851a1d" relativeResultsDirectory="f091e235-bf17-44f2-b805-5fc2e183b30e" />
    <UnitTestResult executionId="0c1e74f5-3bc2-4331-a5a3-5be2f96ff42a" testId="7a9bfb9e-6d0b-3013-ccca-ce2544ab77be" testName="AIVTuber.Tests.LlmClientTests.ContainsSentenceBoundary_Question" computerName="ZWSZ-130823" duration="00:00:00.0000590" startTime="2026-07-13T14:31:19.9846978+08:00" endTime="2026-07-13T14:31:19.9847250+08:00" testType="13cdc9d9-ddb5-4fa4-a97d-d965ccfc6d4b" outcome="Passed" testListId="8c84fa94-04c1-424b-9868-57a2d4851a1d" relativeResultsDirectory="0c1e74f5-3bc2-4331-a5a3-5be2f96ff42a" />
    <UnitTestResult executionId="ecf99567-7798-45b2-bed3-7a9cdb32e98b" testId="a175402f-2d98-8d73-3bc0-ebc73a8a3545" testName="AIVTuber.Tests.WordPieceTokenizerTests.Tokenize_CjkCharactersOnePerToken" computerName="ZWSZ-130823" duration="00:00:00.0001243" startTime="2026-07-13T14:31:19.9300205+08:00" endTime="2026-07-13T14:31:19.9300529+08:00" testType="13cdc9d9-ddb5-4fa4-a97d-d965ccfc6d4b" outcome="Passed" testListId="8c84fa94-04c1-424b-9868-57a2d4851a1d" relativeResultsDirectory="ecf99567-7798-45b2-bed3-7a9cdb32e98b" />
    <UnitTestResult executionId="8413eee8-1b56-42ed-8dc0-239250802d46" testId="a2c778bf-1ab3-fe47-ab3b-2b45392c38ec" testName="AIVTuber.Tests.SqliteRegressionTests.Dispose_ReleasesDatabaseFilesForImmediateDeletion" computerName="ZWSZ-130823" duration="00:00:00.0473503" startTime="2026-07-13T14:31:19.8278111+08:00" endTime="2026-07-13T14:31:19.8683340+08:00" testType="13cdc9d9-ddb5-4fa4-a97d-d965ccfc6d4b" outcome="Passed" testListId="8c84fa94-04c1-424b-9868-57a2d4851a1d" relativeResultsDirectory="8413eee8-1b56-42ed-8dc0-239250802d46" />
    <UnitTestResult executionId="15acf9df-bba6-4f68-81ae-84e5349c68c5" testId="19f35594-8652-8ee5-21e4-e73b84e7acdc" testName="AIVTuber.Tests.AsrSidecarTests.Readiness_reports_early_process_exit" computerName="ZWSZ-130823" duration="00:00:00.0006509" startTime="2026-07-13T14:31:19.9193296+08:00" endTime="2026-07-13T14:31:19.9196833+08:00" testType="13cdc9d9-ddb5-4fa4-a97d-d965ccfc6d4b" outcome="Passed" testListId="8c84fa94-04c1-424b-9868-57a2d4851a1d" relativeResultsDirectory="15acf9df-bba6-4f68-81ae-84e5349c68c5" />
    <UnitTestResult executionId="012044cc-07e5-4511-bf4b-17970d2ba1b9" testId="3587dfc1-645f-4050-2de9-dafa64e53df9" testName="AIVTuber.Tests.ConfigSnapshotApplyTests.Rollback_ReappliesLastKnownGoodAsNewRevision" computerName="ZWSZ-130823" duration="00:00:00.0256005" startTime="2026-07-13T14:31:19.8102782+08:00" endTime="2026-07-13T14:31:19.8126419+08:00" testType="13cdc9d9-ddb5-4fa4-a97d-d965ccfc6d4b" outcome="Passed" testListId="8c84fa94-04c1-424b-9868-57a2d4851a1d" relativeResultsDirectory="012044cc-07e5-4511-bf4b-17970d2ba1b9" />
    <UnitTestResult executionId="8ee2f5e3-fb0f-4584-997e-aeb4a1439c30" testId="ce09f842-46f4-a7e6-a10d-3d1fd7aed2a9" testName="AIVTuber.Tests.DashScopeProtocolTests.ParseAsrSentence_ReadsTextAndEndFlag" computerName="ZWSZ-130823" duration="00:00:00.0004316" startTime="2026-07-13T14:31:19.9124366+08:00" endTime="2026-07-13T14:31:19.9124820+08:00" testType="13cdc9d9-ddb5-4fa4-a97d-d965ccfc6d4b" outcome="Passed" testListId="8c84fa94-04c1-424b-9868-57a2d4851a1d" relativeResultsDirectory="8ee2f5e3-fb0f-4584-997e-aeb4a1439c30" />
    <UnitTestResult executionId="c8f93882-e5bf-49fb-81fa-b75c9ec7492c" testId="5c4810c2-3779-6f76-a467-5a52bc38a5e3" testName="AIVTuber.Tests.MemoryDbTests.InitializeAsync_CreatesTables" computerName="ZWSZ-130823" duration="00:00:00.0014292" startTime="2026-07-13T14:31:19.8343756+08:00" endTime="2026-07-13T14:31:19.8822951+08:00" testType="13cdc9d9-ddb5-4fa4-a97d-d965ccfc6d4b" outcome="Passed" testListId="8c84fa94-04c1-424b-9868-57a2d4851a1d" relativeResultsDirectory="c8f93882-e5bf-49fb-81fa-b75c9ec7492c" />
    <UnitTestResult executionId="31f62fc5-6ac1-42ef-9d2f-a064b0ad3023" testId="aa91ca67-b7c8-cd7d-6eac-b75c11be51f2" testName="AIVTuber.Tests.VadDetectorTests.Constructor_WithValidParameters" computerName="ZWSZ-130823" duration="00:00:00.0001793" startTime="2026-07-13T14:31:19.6333815+08:00" endTime="2026-07-13T14:31:19.6340369+08:00" testType="13cdc9d9-ddb5-4fa4-a97d-d965ccfc6d4b" outcome="Passed" testListId="8c84fa94-04c1-424b-9868-57a2d4851a1d" relativeResultsDirectory="31f62fc5-6ac1-42ef-9d2f-a064b0ad3023" />
    <UnitTestResult executionId="b241423e-e14f-4325-9825-487d9749864a" testId="fbe49ab0-847b-03fa-6f56-8a8db75a54b9" testName="AIVTuber.Tests.HostileCoordinatorVerificationTests.NewestRequest_CancelsActiveAndSuppressesItsLateOutput" computerName="ZWSZ-130823" duration="00:00:00.0064970" startTime="2026-07-13T14:31:20.0181483+08:00" endTime="2026-07-13T14:31:20.0254084+08:00" testType="13cdc9d9-ddb5-4fa4-a97d-d965ccfc6d4b" outcome="Passed" testListId="8c84fa94-04c1-424b-9868-57a2d4851a1d" relativeResultsDirectory="b241423e-e14f-4325-9825-487d9749864a" />
    <UnitTestResult executionId="b2501210-aab1-4f1b-9224-f71bb4e69ced" testId="fee6b80d-641a-9ce7-9fd2-cf4108a7f917" testName="AIVTuber.Tests.ConfigDiffTests.LlmChange_IsLightRebuildLlm" computerName="ZWSZ-130823" duration="00:00:00.0001220" startTime="2026-07-13T14:31:19.6184444+08:00" endTime="2026-07-13T14:31:19.6184752+08:00" testType="13cdc9d9-ddb5-4fa4-a97d-d965ccfc6d4b" outcome="Passed" testListId="8c84fa94-04c1-424b-9868-57a2d4851a1d" relativeResultsDirectory="b2501210-aab1-4f1b-9224-f71bb4e69ced" />
[...]
    <TestEntry testId="7eeb5109-7334-7477-1607-2924f46c5632" executionId="ea9bcd94-75b0-48fe-9605-34069cb5dc6b" testListId="8c84fa94-04c1-424b-9868-57a2d4851a1d" />
    <TestEntry testId="82fc3778-7030-5fef-ee5c-0c7bc0b1ca55" executionId="c3ecd13f-bfe8-499d-bbf5-4828fc554778" testListId="8c84fa94-04c1-424b-9868-57a2d4851a1d" />
    <TestEntry testId="7eeb5109-7334-7477-1607-2924f46c5632" executionId="8cc20f08-78e0-4d1e-aaf4-b94f2996ec3f" testListId="8c84fa94-04c1-424b-9868-57a2d4851a1d" />
    <TestEntry testId="c1386e94-5c3c-62b5-b2d7-1f9dfcffd424" executionId="c2f356cb-26e5-41be-b9ec-cec1c0bd741c" testListId="8c84fa94-04c1-424b-9868-57a2d4851a1d" />
    <TestEntry testId="54c92b59-5971-3b11-042e-b2de212258fd" executionId="81ca2fa3-97c7-4605-9481-75ab06ae246f" testListId="8c84fa94-04c1-424b-9868-57a2d4851a1d" />
    <TestEntry testId="03170f53-fb1c-9d11-e0d1-42a5634ae782" executionId="f9ef4767-f661-47cc-ad92-5129b1aebaa9" testListId="8c84fa94-04c1-424b-9868-57a2d4851a1d" />
    <TestEntry testId="2838a796-039b-462a-f56a-b4e60cca2367" executionId="c4e6ddd7-1047-44ed-97ca-352d765cd47e" testListId="8c84fa94-04c1-424b-9868-57a2d4851a1d" />
    <TestEntry testId="82e4b066-6e4d-3cdf-f647-c20a8d3d53cd" executionId="f091e235-bf17-44f2-b805-5fc2e183b30e" testListId="8c84fa94-04c1-424b-9868-57a2d4851a1d" />
    <TestEntry testId="7a9bfb9e-6d0b-3013-ccca-ce2544ab77be" executionId="0c1e74f5-3bc2-4331-a5a3-5be2f96ff42a" testListId="8c84fa94-04c1-424b-9868-57a2d4851a1d" />
    <TestEntry testId="a175402f-2d98-8d73-3bc0-ebc73a8a3545" executionId="ecf99567-7798-45b2-bed3-7a9cdb32e98b" testListId="8c84fa94-04c1-424b-9868-57a2d4851a1d" />
    <TestEntry testId="a2c778bf-1ab3-fe47-ab3b-2b45392c38ec" executionId="8413eee8-1b56-42ed-8dc0-239250802d46" testListId="8c84fa94-04c1-424b-9868-57a2d4851a1d" />
    <TestEntry testId="19f35594-8652-8ee5-21e4-e73b84e7acdc" executionId="15acf9df-bba6-4f68-81ae-84e5349c68c5" testListId="8c84fa94-04c1-424b-9868-57a2d4851a1d" />
    <TestEntry testId="3587dfc1-645f-4050-2de9-dafa64e53df9" executionId="012044cc-07e5-4511-bf4b-17970d2ba1b9" testListId="8c84fa94-04c1-424b-9868-57a2d4851a1d" />
    <TestEntry testId="ce09f842-46f4-a7e6-a10d-3d1fd7aed2a9" executionId="8ee2f5e3-fb0f-4584-997e-aeb4a1439c30" testListId="8c84fa94-04c1-424b-9868-57a2d4851a1d" />
    <TestEntry testId="5c4810c2-3779-6f76-a467-5a52bc38a5e3" executionId="c8f93882-e5bf-49fb-81fa-b75c9ec7492c" testListId="8c84fa94-04c1-424b-9868-57a2d4851a1d" />
    <TestEntry testId="aa91ca67-b7c8-cd7d-6eac-b75c11be51f2" executionId="31f62fc5-6ac1-42ef-9d2f-a064b0ad3023" testListId="8c84fa94-04c1-424b-9868-57a2d4851a1d" />
    <TestEntry testId="fbe49ab0-847b-03fa-6f56-8a8db75a54b9" executionId="b241423e-e14f-4325-9825-487d9749864a" testListId="8c84fa94-04c1-424b-9868-57a2d4851a1d" />
    <TestEntry testId="fee6b80d-641a-9ce7-9fd2-cf4108a7f917" executionId="b2501210-aab1-4f1b-9224-f71bb4e69ced" testListId="8c84fa94-04c1-424b-9868-57a2d4851a1d" />
    <TestEntry testId="d2cfc2eb-3c0a-9b40-4499-c2ab5bf1fdc5" executionId="76c3717a-bf09-4a1d-8a7d-81f885a02a65" testListId="8c84fa94-04c1-424b-9868-57a2d4851a1d" />
    <TestEntry testId="e5d9c729-26dd-f821-4cb7-d4e96afa4769" executionId="4430ab89-658e-4c39-add4-3f4cc017d4a5" testListId="8c84fa94-04c1-424b-9868-57a2d4851a1d" />
    <TestEntry testId="47dc8bd0-d6fb-a542-4d98-10c5f9cca86a" executionId="8f9f7aa1-360d-4d1b-88e5-82f0d33b561f" testListId="8c84fa94-04c1-424b-9868-57a2d4851a1d" />
    <TestEntry testId="705451ba-abde-b04d-883e-882b90cacc3a" executionId="8e3fdfa5-71e7-4ab3-8e64-73ee0407fd50" testListId="8c84fa94-04c1-424b-9868-57a2d4851a1d" />
    <TestEntry testId="4c67638b-5bd2-90bb-1584-227ea35e3404" executionId="431529cc-5de4-4c1f-b297-67264ec493aa" testListId="8c84fa94-04c1-424b-9868-57a2d4851a1d" />
    <TestEntry testId="b5633cd3-f14d-fa01-f8d1-d2988c2766c0" executionId="81a25138-d022-4efd-a3fb-84e6b6ff7ecf" testListId="8c84fa94-04c1-424b-9868-57a2d4851a1d" />
    <TestEntry testId="7ef15fc7-62a9-caff-dec6-824afd4cb0bc" executionId="31f7fd16-6d9b-45c8-973a-ab9ff85f426a" testListId="8c84fa94-04c1-424b-9868-57a2d4851a1d" />
    <TestEntry testId="59b794a5-e617-60e7-c4a1-2b8d6ba6c367" executionId="b261c2fa-c906-497f-baaa-4973f4b1216c" testListId="8c84fa94-04c1-424b-9868-57a2d4851a1d" />
    <TestEntry testId="189a174c-6b72-f769-53cf-7080c174ff04" executionId="fa0922a4-3e1e-4955-9504-04308d03856b" testListId="8c84fa94-04c1-424b-9868-57a2d4851a1d" />
    <TestEntry testId="9711be67-14d5-69a2-ad48-11117e1135d6" executionId="a70f5415-4c53-49af-89fa-8a0aedda93b8" testListId="8c84fa94-04c1-424b-9868-57a2d4851a1d" />
    <TestEntry testId="2df18338-5295-687d-cdaf-beaf43f54721" executionId="1c6e363c-abd5-4ac2-b30a-265771b95585" testListId="8c84fa94-04c1-424b-9868-57a2d4851a1d" />
    <TestEntry testId="8e6b6682-b0fc-6a61-b0e3-af667b7c154f" executionId="b6c81390-3a6b-404a-bcc2-47255298e0d3" testListId="8c84fa94-04c1-424b-9868-57a2d4851a1d" />
    <TestEntry testId="b74912fd-f3b0-738c-a572-7fe70f24bfec" executionId="922dc35d-3dea-4d18-9a7e-9f3254843e9d" testListId="8c84fa94-04c1-424b-9868-57a2d4851a1d" />
    <TestEntry testId="9dc27a6c-33a4-f2a0-879b-92f73655c978" executionId="65b92114-bb12-4deb-a413-1c2d4e9ac16e" testListId="8c84fa94-04c1-424b-9868-57a2d4851a1d" />
    <TestEntry testId="7eeb5109-7334-7477-1607-2924f46c5632" executionId="cf726e0f-34cf-4076-8bc1-4a5478cd0e36" testListId="8c84fa94-04c1-424b-9868-57a2d4851a1d" />
    <TestEntry testId="b046f684-8193-90e2-da8f-6984733800a4" executionId="82fa4d87-ffb2-4997-9000-25b60bc5290e" testListId="8c84fa94-04c1-424b-9868-57a2d4851a1d" />
    <TestEntry testId="e4df829a-a32a-27b0-ce25-8bcedba5b18f" executionId="658ce9ab-5645-440f-aa08-0c6baa19b915" testListId="8c84fa94-04c1-424b-9868-57a2d4851a1d" />
    <TestEntry testId="4cf1ec20-eac7-7a91-2e90-60d5a36552e7" executionId="721822e8-3655-4757-b50b-c113a10168b2" testListId="8c84fa94-04c1-424b-9868-57a2d4851a1d" />
    <TestEntry testId="35032550-8a99-c5af-1ef1-ced64311d9bd" executionId="f1e31e0c-c9fb-48b9-91f2-a50a7021b5f6" testListId="8c84fa94-04c1-424b-9868-57a2d4851a1d" />
    <TestEntry testId="33219fd7-62ae-4728-e24f-45a295b5b26c" executionId="4b4d4afb-321c-45b6-b4ef-f81f655e441a" testListId="8c84fa94-04c1-424b-9868-57a2d4851a1d" />
    <TestEntry testId="18bd1c1b-90d3-36d8-f161-79d24fdc62ce" executionId="2d63d03a-3acb-49ed-bc65-9ecd1d9bec49" testListId="8c84fa94-04c1-424b-9868-57a2d4851a1d" />
    <TestEntry testId="7eeb5109-7334-7477-1607-2924f46c5632" executionId="587a472b-8e25-48a9-acd2-d3732ad01a60" testListId="8c84fa94-04c1-424b-9868-57a2d4851a1d" />
    <TestEntry testId="5e7497dd-bb4f-1c7f-02f3-7e0d5184c5c1" executionId="d7ea8ed4-7508-429f-9202-886300bfbae3" testListId="8c84fa94-04c1-424b-9868-57a2d4851a1d" />
    <TestEntry testId="928517b8-d964-db04-40c3-8a42be50e7d8" executionId="ec77c16b-e57d-4361-928e-81fc2b9615d0" testListId="8c84fa94-04c1-424b-9868-57a2d4851a1d" />
    <TestEntry testId="425e86f3-f54a-ee8a-8992-abce59f818dd" executionId="f3b5dbf5-2b35-4746-8d3b-4fa407d59976" testListId="8c84fa94-04c1-424b-9868-57a2d4851a1d" />
    <TestEntry testId="fff4ad8f-6640-24db-5a89-83612c68bf26" executionId="ba6e4c8b-2278-459b-9ab9-b18205026c96" testListId="8c84fa94-04c1-424b-9868-57a2d4851a1d" />
    <TestEntry testId="d90f0123-4f4e-ac21-e80a-092651d6bc90" executionId="360086f9-dede-4127-b12a-830ba1d55087" testListId="8c84fa94-04c1-424b-9868-57a2d4851a1d" />
    <TestEntry testId="04863847-34a5-93ce-c81f-572994253463" executionId="3853b68c-b523-40e1-a3a2-51a73544a545" testListId="8c84fa94-04c1-424b-9868-57a2d4851a1d" />
    <TestEntry testId="c07ebc34-4d33-526a-424c-6eec169e14d5" executionId="4e737887-1368-4ae9-9dac-87971e112fb3" testListId="8c84fa94-04c1-424b-9868-57a2d4851a1d" />
    <TestEntry testId="28ae221c-28d5-87b7-3792-9f67fcda3413" executionId="3b186056-0aff-4cbb-8cee-d65a8e2be0af" testListId="8c84fa94-04c1-424b-9868-57a2d4851a1d" />
    <TestEntry testId="e8f9cee7-a9f1-dcd4-a46b-f90c51adf7bb" executionId="a7c2d1f1-2cc0-40de-bf27-2f8fc50350d3" testListId="8c84fa94-04c1-424b-9868-57a2d4851a1d" />
    <TestEntry testId="23a56230-fcd4-9387-1e4e-ef7cdef0da23" executionId="da693196-7002-4de8-b480-67b2b9d54e2f" testListId="8c84fa94-04c1-424b-9868-57a2d4851a1d" />
    <TestEntry testId="3e37cee5-2072-fb52-7ef3-5752a966667f" executionId="b86524a1-d311-43f6-8ce5-5d22f8f03a59" testListId="8c84fa94-04c1-424b-9868-57a2d4851a1d" />
    <TestEntry testId="f4a0897f-1153-db66-fe8e-b7ebd3bf91a5" executionId="ded3cdd5-401e-45c0-81f7-d595729d13bf" testListId="8c84fa94-04c1-424b-9868-57a2d4851a1d" />
    <TestEntry testId="64c39a3c-8438-0f40-7890-2eef42e31629" executionId="5feae113-9b12-4a0b-a28b-8ea7963041f1" testListId="8c84fa94-04c1-424b-9868-57a2d4851a1d" />
    <TestEntry testId="5eed46e9-86fb-57f9-1049-b0fe8731fcf8" executionId="290e1e87-fbfb-49f9-b101-6e915d72ab21" testListId="8c84fa94-04c1-424b-9868-57a2d4851a1d" />
    <TestEntry testId="94bcdc56-0c15-dcc0-ac26-55bad5211f44" executionId="cb34eff3-292d-417a-b3e6-6fcbd527330f" testListId="8c84fa94-04c1-424b-9868-57a2d4851a1d" />
    <TestEntry testId="d9e5da6a-6d49-6125-f733-fb9b48afd5bf" executionId="36b4cc15-a72a-4c46-9cea-b3b7a2fbd4fb" testListId="8c84fa94-04c1-424b-9868-57a2d4851a1d" />
    <TestEntry testId="9409b596-9f70-7a2e-44ee-53507ae4786f" executionId="7c545086-86dd-44f7-9b05-29a8d07d3a64" testListId="8c84fa94-04c1-424b-9868-57a2d4851a1d" />
    <TestEntry testId="441295d2-fb1a-dc42-2538-693554dfa5d7" executionId="7e28ecdc-49a9-49be-890a-02ad038e6c07" testListId="8c84fa94-04c1-424b-9868-57a2d4851a1d" />
    <TestEntry testId="7eeb5109-7334-7477-1607-2924f46c5632" executionId="73d7412f-05e7-41d9-9f45-c7537134e070" testListId="8c84fa94-04c1-424b-9868-57a2d4851a1d" />
    <TestEntry testId="be7b5237-142d-a2e5-8ed6-936262f9e552" executionId="6c06a19c-3cfe-405b-a647-7696b8a2f6e7" testListId="8c84fa94-04c1-424b-9868-57a2d4851a1d" />
    <TestEntry testId="1b1c226e-0e06-02a1-66a4-6db0a2040f30" executionId="c1ffd423-0333-4ade-895c-325ea6817882" testListId="8c84fa94-04c1-424b-9868-57a2d4851a1d" />
    <TestEntry testId="d8bc7ff9-62c8-d102-5bdd-32c24c84af66" executionId="9fca6c6b-e33e-4d93-9ed5-4aea740923c9" testListId="8c84fa94-04c1-424b-9868-57a2d4851a1d" />
    <TestEntry testId="7966028c-05df-aab2-4acd-9a3e6b7ea411" executionId="bf9d3d0d-85a7-46c3-93d8-14a55cfe25db" testListId="8c84fa94-04c1-424b-9868-57a2d4851a1d" />
    <TestEntry testId="4cc7f816-4a48-70be-cf24-92be55891f18" executionId="e04ffc6f-9734-4f40-a4bd-2df967a912d4" testListId="8c84fa94-04c1-424b-9868-57a2d4851a1d" />
    <TestEntry testId="16ec55f8-611c-b4cc-0eeb-1fff8db657fa" executionId="5eb865c3-7860-44d3-b0f4-3ba3d18adeed" testListId="8c84fa94-04c1-424b-9868-57a2d4851a1d" />
    <TestEntry testId="f79d753e-e261-a186-8a3a-d410b341aa98" executionId="d341d4a0-b8cf-4012-9883-d73e4e6a76e3" testListId="8c84fa94-04c1-424b-9868-57a2d4851a1d" />
    <TestEntry testId="77949b1e-e110-0c46-1304-9fff19aaaa44" executionId="e2b30873-87d4-4825-8d94-e501f9e3c974" testListId="8c84fa94-04c1-424b-9868-57a2d4851a1d" />
    <TestEntry testId="78c5f866-350b-09c5-035c-aad117af8828" executionId="33aba54a-6d0b-41cd-a3bc-2cb287bd3d76" testListId="8c84fa94-04c1-424b-9868-57a2d4851a1d" />
    <TestEntry testId="933814cd-6fa1-8b6d-bda4-182c037932b0" executionId="4dfaae7c-8096-4e17-a4a0-fbf19c55c57f" testListId="8c84fa94-04c1-424b-9868-57a2d4851a1d" />
    <TestEntry testId="249a09c1-fa03-7ecc-313b-c2590e5eb08c" executionId="88e5b64c-060f-4ee0-a221-0f7987746d20" testListId="8c84fa94-04c1-424b-9868-57a2d4851a1d" />
    <TestEntry testId="27c0ee58-dea7-1387-41e2-e533e443e35a" executionId="740a6f27-b592-483d-9232-5d3836b75bd7" testListId="8c84fa94-04c1-424b-9868-57a2d4851a1d" />
    <TestEntry testId="adc41de2-59b9-1d02-ae63-a2d278e22198" executionId="2f1bbefc-9752-491d-85f4-6ec7de1c44d2" testListId="8c84fa94-04c1-424b-9868-57a2d4851a1d" />
    <TestEntry testId="97db9380-5466-393b-db24-384f0df2167f" executionId="49715c24-24d1-4383-b7a7-d42c5e09d493" testListId="8c84fa94-04c1-424b-9868-57a2d4851a1d" />
    <TestEntry testId="124be3bb-4102-6fc7-008c-eb8720208ef3" executionId="f1022d6c-9e56-4d16-9496-be4d068e788e" testListId="8c84fa94-04c1-424b-9868-57a2d4851a1d" />
    <TestEntry testId="31c9e070-b915-ab92-a479-a6818edc8af1" executionId="b4641f12-fd0c-4d37-8881-a9f42c306cca" testListId="8c84fa94-04c1-424b-9868-57a2d4851a1d" />
    <TestEntry testId="73257ee5-6511-c637-031f-f43c37480310" executionId="43a69df9-09c0-4a95-8ec7-4c37f0556aae" testListId="8c84fa94-04c1-424b-9868-57a2d4851a1d" />
    <TestEntry testId="fe15f453-7ef2-91e2-f0d8-f87fd4e132ea" executionId="e4d149c0-de72-4e2f-b6c9-ca80520e65bd" testListId="8c84fa94-04c1-424b-9868-57a2d4851a1d" />
    <TestEntry testId="2ee9f7c9-4228-cd71-72ee-c4ab8c4c2506" executionId="4b3f83e4-2dc5-4565-ba91-cdbe5e91d365" testListId="8c84fa94-04c1-424b-9868-57a2d4851a1d" />
    <TestEntry testId="7ccefba3-49c7-fd69-5eee-f5e23e5e6f1f" executionId="58adcddf-ca1b-495e-ab2f-1ccb91944aa0" testListId="8c84fa94-04c1-424b-9868-57a2d4851a1d" />
    <TestEntry testId="7eeb5109-7334-7477-1607-2924f46c5632" executionId="641b4d33-f269-4edd-a423-862873c90ed8" testListId="8c84fa94-04c1-424b-9868-57a2d4851a1d" />
    <TestEntry testId="49f23635-e5a4-ef48-b141-d6a03b5ef74a" executionId="f6b2a86d-d45c-447e-9999-3fdac5190dc1" testListId="8c84fa94-04c1-424b-9868-57a2d4851a1d" />
    <TestEntry testId="1ad52168-a61b-d7b1-02d0-7b6f109c7f2e" executionId="ff6a7d29-06bf-4ec0-9ce3-afbeaaff52e5" testListId="8c84fa94-04c1-424b-9868-57a2d4851a1d" />
    <TestEntry testId="904cfe17-8e3d-633a-410b-f9d0058b4e1d" executionId="588a740e-df7b-4474-8779-983f100e7392" testListId="8c84fa94-04c1-424b-9868-57a2d4851a1d" />
    <TestEntry testId="f5bdb04f-97e7-7a10-90d4-17178721339a" executionId="124b630d-4585-432c-a88c-86741d3d96ed" testListId="8c84fa94-04c1-424b-9868-57a2d4851a1d" />
    <TestEntry testId="7eeb5109-7334-7477-1607-2924f46c5632" executionId="13bfe46d-ca0b-449e-832c-05d52d8eff4c" testListId="8c84fa94-04c1-424b-9868-57a2d4851a1d" />
    <TestEntry testId="ad04a655-3baa-c169-6090-180ec669ddfb" executionId="148b4e50-0dce-4814-a288-bf23a6816e1a" testListId="8c84fa94-04c1-424b-9868-57a2d4851a1d" />
    <TestEntry testId="598f4b4b-b134-73cf-984d-73f43d4f5e94" executionId="b6b1a405-2808-4955-a349-f39e114cb6f4" testListId="8c84fa94-04c1-424b-9868-57a2d4851a1d" />
    <TestEntry testId="7fc0ab29-5ba7-da93-de5b-080e3c7627bf" executionId="841e465f-f6c6-48b3-8cf1-956d4c6284ac" testListId="8c84fa94-04c1-424b-9868-57a2d4851a1d" />
    <TestEntry testId="974c6ec3-daf4-7ec3-aaa4-e46395851a12" executionId="08f8f500-45ed-42bc-b0e7-227290bf8057" testListId="8c84fa94-04c1-424b-9868-57a2d4851a1d" />
    <TestEntry testId="57ffb853-f1db-d1bb-5634-2407ab8c46b7" executionId="a3f02074-0b49-4b69-9369-5e15a3763a6f" testListId="8c84fa94-04c1-424b-9868-57a2d4851a1d" />
    <TestEntry testId="1d3bfece-2dd0-226d-ea70-639f0b5ec947" executionId="e0b7e859-1c23-4f63-ac82-86299dad54c8" testListId="8c84fa94-04c1-424b-9868-57a2d4851a1d" />
    <TestEntry testId="64add965-a3cc-dd71-ea92-a919c7a770bb" executionId="21d3c0a2-38df-45cb-8582-30d4ad2f7fa4" testListId="8c84fa94-04c1-424b-9868-57a2d4851a1d" />
    <TestEntry testId="27d7ca29-2c59-380b-0783-c60e4bf12704" executionId="8a90aa84-c531-465c-8ac6-3974758d14b1" testListId="8c84fa94-04c1-424b-9868-57a2d4851a1d" />
    <TestEntry testId="446317c8-cf4c-98be-361f-2bdc599f2030" executionId="84c11ad3-2234-4fa0-8b1b-c8655352b16c" testListId="8c84fa94-04c1-424b-9868-57a2d4851a1d" />
    <TestEntry testId="538a8a99-4b20-9cf2-c348-63490147fb94" executionId="c1a75ef2-fb1d-4510-be3e-7b9f33c6ae5c" testListId="8c84fa94-04c1-424b-9868-57a2d4851a1d" />
    <TestEntry testId="0d179267-2db8-977b-9360-a6e38fa44dfa" executionId="5e5aed2c-76fc-4858-89d8-fccdf4ad5462" testListId="8c84fa94-04c1-424b-9868-57a2d4851a1d" />
    <TestEntry testId="1b889233-ef44-8a86-add6-f138abcad820" executionId="b6ecc715-8445-40ce-b24a-237dd10b3ef1" testListId="8c84fa94-04c1-424b-9868-57a2d4851a1d" />
    <TestEntry testId="7dfd9471-3b03-98fc-a48f-784d07c3f07b" executionId="5024af43-4812-4243-a107-e876c2c3e865" testListId="8c84fa94-04c1-424b-9868-57a2d4851a1d" />
    <TestEntry testId="c2bcc68b-e454-9188-1db8-3a9ded3b9402" executionId="3e2f9b6f-9180-4f8b-9da7-bf41f71107e9" testListId="8c84fa94-04c1-424b-9868-57a2d4851a1d" />
    <TestEntry testId="74fd1d7a-d32b-15a7-890d-af344fd8fc4e" executionId="66aadf80-50a2-44e6-90d7-8c9a5d670596" testListId="8c84fa94-04c1-424b-9868-57a2d4851a1d" />
    <TestEntry testId="54376e70-98aa-b806-aa78-1f43053bc0dc" executionId="6d808fa3-d8d6-4b33-ad50-dcf354bf3986" testListId="8c84fa94-04c1-424b-9868-57a2d4851a1d" />
    <TestEntry testId="f5a442e8-9704-b302-bef4-c4027b8b2cfa" executionId="2bb8b11a-050a-49fa-9fc2-232ea43f7633" testListId="8c84fa94-04c1-424b-9868-57a2d4851a1d" />
    <TestEntry testId="21e7db9d-1dd6-0ba0-c1fc-f6c1cfeaf162" executionId="3a268be9-bf3c-44ce-82a2-0789dc7e7b0d" testListId="8c84fa94-04c1-424b-9868-57a2d4851a1d" />
    <TestEntry testId="1de4c42d-39a7-fe62-c8bb-40c29a4fe79d" executionId="fe559334-a2d5-45d2-b664-31d11e3cfe5d" testListId="8c84fa94-04c1-424b-9868-57a2d4851a1d" />
    <TestEntry testId="5826c7b4-b2d0-5077-c4ac-648cfa2dd1ec" executionId="612fc5f2-8a35-4f54-a034-5e48e06d66f8" testListId="8c84fa94-04c1-424b-9868-57a2d4851a1d" />
    <TestEntry testId="522c3bad-348f-3f50-5465-4f37e54bc159" executionId="664673b2-0289-4c6e-a9e5-5b015aeb4ae3" testListId="8c84fa94-04c1-424b-9868-57a2d4851a1d" />
    <TestEntry testId="a3d24f33-cf13-f4b3-a24f-1c77506dac55" executionId="96c1c857-0f7e-4146-849c-ea346571644b" testListId="8c84fa94-04c1-424b-9868-57a2d4851a1d" />
    <TestEntry testId="d18cce96-010f-18de-65c6-13af8bb377b5" executionId="6c7e46e3-fb89-4d97-bd6a-031e85cad265" testListId="8c84fa94-04c1-424b-9868-57a2d4851a1d" />
    <TestEntry testId="0ef8c0e1-3d46-979a-b35d-f4919dd91842" executionId="3eaa0c5a-f390-4f4c-8e8c-0926c2c228a5" testListId="8c84fa94-04c1-424b-9868-57a2d4851a1d" />
    <TestEntry testId="45f678ab-9d14-414c-b6ab-1e92bc02a23c" executionId="9ddfd986-0691-485b-9c17-49a118cf805e" testListId="8c84fa94-04c1-424b-9868-57a2d4851a1d" />
    <TestEntry testId="f5b30628-a802-67d5-8bfe-d25673b24518" executionId="0a17c1c3-aaea-4faa-8433-c1d2c7cb302b" testListId="8c84fa94-04c1-424b-9868-57a2d4851a1d" />
    <TestEntry testId="637685da-a352-d058-b4b0-d6112ac0def3" executionId="80a3cba6-c60e-4907-a7ac-9a4a8c08f77a" testListId="8c84fa94-04c1-424b-9868-57a2d4851a1d" />
  </TestEntries>
  <TestLists>
    <TestList name="列表中未列出的结果" id="8c84fa94-04c1-424b-9868-57a2d4851a1d" />
    <TestList name="所有已加载的结果" id="19431567-8539-422a-85d7-44ee4e166bda" />
  </TestLists>
  <ResultSummary outcome="Completed">
    <Counters total="240" executed="240" passed="240" failed="0" error="0" timeout="0" aborted="0" inconclusive="0" passedButRunAborted="0" notRunnable="0" notExecuted="0" disconnected="0" warning="0" completed="0" inProgress="0" pending="0" />
    <Output>
      <StdOut>[xUnit.net 00:00:00.00] xUnit.net VSTest Adapter v3.1.4+50e68bbb8b (64-bit .NET 10.0.9)&#xD;
[xUnit.net 00:00:01.55]   Discovering: AIVTuber.Tests&#xD;
[xUnit.net 00:00:01.62]   Discovered:  AIVTuber.Tests&#xD;
[xUnit.net 00:00:01.65]   Starting:    AIVTuber.Tests&#xD;
[VTS] unknown emotion: happy&#xD;
[xUnit.net 00:00:04.62]   Finished:    AIVTuber.Tests&#xD;
</StdOut>
    </Output>
    <CollectorDataEntries>
      <Collector agentName="ZWSZ-130823" uri="datacollector://microsoft/CoverletCodeCoverage/1.0" collectorDisplayName="XPlat code coverage">
        <UriAttachments>
          <UriAttachment>
            <A href="ZWSZ-130823\coverage.cobertura.xml"></A>
          </UriAttachment>
        </UriAttachments>
      </Collector>
    </CollectorDataEntries>
  </ResultSummary>
</TestRun>